This is pdfTeX, Version 3.141592653-2.6-1.40.27 (MiKTeX 25.4) (preloaded format=pdflatex 2025.10.24)  15 JAN 2026 17:50
entering extended mode
 restricted \write18 enabled.
 file:line:error style messages enabled.
 %&-line parsing enabled.
**c:/temp/MIA_UNI_25-2/trabajo_final/Proyect-RL-CarRacing-DQN/Presentación/presentacion.tex
(c:/temp/MIA_UNI_25-2/trabajo_final/Proyect-RL-CarRacing-DQN/Presentación/presentacion.tex
LaTeX2e <2025-06-01> patch level 1
L3 programming layer <2025-09-02>
(C:\MiKTeX\tex/latex/beamer\beamer.cls
Document Class: beamer 2025/08/13 v3.76 A class for typesetting presentations
(C:\MiKTeX\tex/latex/beamer\beamerbasemodes.sty (C:\MiKTeX\tex/latex/etoolbox\etoolbox.sty
Package: etoolbox 2025/10/02 v2.5m e-TeX tools for LaTeX (JAW)
\etb@tempcnta=\count275
)
\beamer@tempbox=\box53
\beamer@tempcount=\count276
\c@beamerpauses=\count277
 (C:\MiKTeX\tex/latex/beamer\beamerbasedecode.sty
\beamer@slideinframe=\count278
\beamer@minimum=\count279
\beamer@decode@box=\box54
)
\beamer@commentbox=\box55
\beamer@modecount=\count280
) (C:\MiKTeX\tex/generic/iftex\iftex.sty
Package: iftex 2024/12/12 v1.0g TeX engine tests
)
\headdp=\dimen148
\footheight=\dimen149
\sidebarheight=\dimen150
\beamer@tempdim=\dimen151
\beamer@finalheight=\dimen152
\beamer@animht=\dimen153
\beamer@animdp=\dimen154
\beamer@animwd=\dimen155
\beamer@leftmargin=\dimen156
\beamer@rightmargin=\dimen157
\beamer@leftsidebar=\dimen158
\beamer@rightsidebar=\dimen159
\beamer@boxsize=\dimen160
\beamer@vboxoffset=\dimen161
\beamer@descdefault=\dimen162
\beamer@descriptionwidth=\dimen163
\beamer@lastskip=\skip49
\beamer@areabox=\box56
\beamer@animcurrent=\box57
\beamer@animshowbox=\box58
\beamer@sectionbox=\box59
\beamer@logobox=\box60
\beamer@linebox=\box61
\beamer@sectioncount=\count281
\beamer@subsubsectionmax=\count282
\beamer@subsectionmax=\count283
\beamer@sectionmax=\count284
\beamer@totalheads=\count285
\beamer@headcounter=\count286
\beamer@partstartpage=\count287
\beamer@sectionstartpage=\count288
\beamer@subsectionstartpage=\count289
\beamer@animationtempa=\count290
\beamer@animationtempb=\count291
\beamer@xpos=\count292
\beamer@ypos=\count293
\beamer@ypos@offset=\count294
\beamer@showpartnumber=\count295
\beamer@currentsubsection=\count296
\beamer@coveringdepth=\count297
\beamer@sectionadjust=\count298
\beamer@toclastsection=\count299
\beamer@tocsectionnumber=\count300
 (C:\MiKTeX\tex/latex/beamer\beamerbaseoptions.sty (C:\MiKTeX\tex/latex/graphics\keyval.sty
Package: keyval 2022/05/29 v1.15 key=value parser (DPC)
\KV@toks@=\toks17
))
\beamer@paperwidth=\skip50
\beamer@paperheight=\skip51
 (C:\MiKTeX\tex/latex/geometry\geometry.sty
Package: geometry 2020/01/02 v5.9 Page Geometry
 (C:\MiKTeX\tex/generic/iftex\ifvtex.sty
Package: ifvtex 2019/10/25 v1.7 ifvtex legacy package. Use iftex instead.
)
\Gm@cnth=\count301
\Gm@cntv=\count302
\c@Gm@tempcnt=\count303
\Gm@bindingoffset=\dimen164
\Gm@wd@mp=\dimen165
\Gm@odd@mp=\dimen166
\Gm@even@mp=\dimen167
\Gm@layoutwidth=\dimen168
\Gm@layoutheight=\dimen169
\Gm@layouthoffset=\dimen170
\Gm@layoutvoffset=\dimen171
\Gm@dimlist=\toks18
 (C:\MiKTeX\tex/latex/geometry\geometry.cfg)) (C:\MiKTeX\tex/latex/pgf/math\pgfmath.sty (C:\MiKTeX\tex/latex/pgf/utilities\pgfrcs.sty (C:\MiKTeX\tex/generic/pgf/utilities\pgfutil-common.tex
\pgfutil@everybye=\toks19
\pgfutil@tempdima=\dimen172
\pgfutil@tempdimb=\dimen173
) (C:\MiKTeX\tex/generic/pgf/utilities\pgfutil-latex.def
\pgfutil@abb=\box62
) (C:\MiKTeX\tex/generic/pgf/utilities\pgfrcs.code.tex (C:\MiKTeX\tex/generic/pgf\pgf.revision.tex)
Package: pgfrcs 2025-08-29 v3.1.11a (3.1.11a)
)) (C:\MiKTeX\tex/latex/pgf/utilities\pgfkeys.sty (C:\MiKTeX\tex/generic/pgf/utilities\pgfkeys.code.tex
\pgfkeys@pathtoks=\toks20
\pgfkeys@temptoks=\toks21
 (C:\MiKTeX\tex/generic/pgf/utilities\pgfkeyslibraryfiltered.code.tex
\pgfkeys@tmptoks=\toks22
))) (C:\MiKTeX\tex/generic/pgf/math\pgfmath.code.tex (C:\MiKTeX\tex/generic/pgf/math\pgfmathutil.code.tex
\pgf@x=\dimen174
\pgf@xa=\dimen175
\pgf@xb=\dimen176
\pgf@xc=\dimen177
\pgf@y=\dimen178
\pgf@ya=\dimen179
\pgf@yb=\dimen180
\pgf@yc=\dimen181
\c@pgf@counta=\count304
\c@pgf@countb=\count305
\c@pgf@countc=\count306
\c@pgf@countd=\count307
) (C:\MiKTeX\tex/generic/pgf/math\pgfmathparser.code.tex
\pgfmath@dimen=\dimen182
\pgfmath@count=\count308
\pgfmath@box=\box63
\pgfmath@toks=\toks23
\pgfmath@stack@operand=\toks24
\pgfmath@stack@operation=\toks25
) (C:\MiKTeX\tex/generic/pgf/math\pgfmathfunctions.code.tex) (C:\MiKTeX\tex/generic/pgf/math\pgfmathfunctions.basic.code.tex) (C:\MiKTeX\tex/generic/pgf/math\pgfmathfunctions.trigonometric.code.tex) (C:\MiKTeX\tex/generic/pgf/math\pgfmathfunctions.random.code.tex) (C:\MiKTeX\tex/generic/pgf/math\pgfmathfunctions.comparison.code.tex) (C:\MiKTeX\tex/generic/pgf/math\pgfmathfunctions.base.code.tex) (C:\MiKTeX\tex/generic/pgf/math\pgfmathfunctions.round.code.tex) (C:\MiKTeX\tex/generic/pgf/math\pgfmathfunctions.misc.code.tex) (C:\MiKTeX\tex/generic/pgf/math\pgfmathfunctions.integerarithmetics.code.tex) (C:\MiKTeX\tex/generic/pgf/math\pgfmathcalc.code.tex) (C:\MiKTeX\tex/generic/pgf/math\pgfmathfloat.code.tex
\c@pgfmathroundto@lastzeros=\count309
))) (C:\MiKTeX\tex/latex/base\size11.clo
File: size11.clo 2025/01/22 v1.4n Standard LaTeX file (size option)
) (C:\MiKTeX\tex/latex/pgf/basiclayer\pgfcore.sty (C:\MiKTeX\tex/latex/graphics\graphicx.sty
Package: graphicx 2024/12/31 v1.2e Enhanced LaTeX Graphics (DPC,SPQR)
 (C:\MiKTeX\tex/latex/graphics\graphics.sty
Package: graphics 2024/08/06 v1.4g Standard LaTeX Graphics (DPC,SPQR)
 (C:\MiKTeX\tex/latex/graphics\trig.sty
Package: trig 2023/12/02 v1.11 sin cos tan (DPC)
) (C:\MiKTeX\tex/latex/graphics-cfg\graphics.cfg
File: graphics.cfg 2016/06/04 v1.11 sample graphics configuration
)
Package graphics Info: Driver file: pdftex.def on input line 106.
 (C:\MiKTeX\tex/latex/graphics-def\pdftex.def
File: pdftex.def 2025/09/29 v1.2d Graphics/color driver for pdftex
))
\Gin@req@height=\dimen183
\Gin@req@width=\dimen184
) (C:\MiKTeX\tex/latex/pgf/systemlayer\pgfsys.sty (C:\MiKTeX\tex/generic/pgf/systemlayer\pgfsys.code.tex
Package: pgfsys 2025-08-29 v3.1.11a (3.1.11a)
\pgf@x=\dimen185
\pgf@y=\dimen186
\pgf@xa=\dimen187
\pgf@ya=\dimen188
\pgf@xb=\dimen189
\pgf@yb=\dimen190
\pgf@xc=\dimen191
\pgf@yc=\dimen192
\pgf@xd=\dimen193
\pgf@yd=\dimen194
\w@pgf@writea=\write3
\r@pgf@reada=\read2
\c@pgf@counta=\count310
\c@pgf@countb=\count311
\c@pgf@countc=\count312
\c@pgf@countd=\count313
\t@pgf@toka=\toks26
\t@pgf@tokb=\toks27
\t@pgf@tokc=\toks28
\pgf@sys@id@count=\count314
 (C:\MiKTeX\tex/generic/pgf/systemlayer\pgf.cfg
File: pgf.cfg 2025-08-29 v3.1.11a (3.1.11a)
)
Driver file for pgf: pgfsys-pdftex.def
 (C:\MiKTeX\tex/generic/pgf/systemlayer\pgfsys-pdftex.def
File: pgfsys-pdftex.def 2025-08-29 v3.1.11a (3.1.11a)
 (C:\MiKTeX\tex/generic/pgf/systemlayer\pgfsys-common-pdf.def
File: pgfsys-common-pdf.def 2025-08-29 v3.1.11a (3.1.11a)
))) (C:\MiKTeX\tex/generic/pgf/systemlayer\pgfsyssoftpath.code.tex
File: pgfsyssoftpath.code.tex 2025-08-29 v3.1.11a (3.1.11a)
\pgfsyssoftpath@smallbuffer@items=\count315
\pgfsyssoftpath@bigbuffer@items=\count316
) (C:\MiKTeX\tex/generic/pgf/systemlayer\pgfsysprotocol.code.tex
File: pgfsysprotocol.code.tex 2025-08-29 v3.1.11a (3.1.11a)
)) (C:\MiKTeX\tex/latex/xcolor\xcolor.sty
Package: xcolor 2024/09/29 v3.02 LaTeX color extensions (UK)
 (C:\MiKTeX\tex/latex/graphics-cfg\color.cfg
File: color.cfg 2016/01/02 v1.6 sample color configuration
)
Package xcolor Info: Driver file: pdftex.def on input line 274.
 (C:\MiKTeX\tex/latex/graphics\mathcolor.ltx)
Package xcolor Info: Model `cmy' substituted by `cmy0' on input line 1349.
Package xcolor Info: Model `hsb' substituted by `rgb' on input line 1353.
Package xcolor Info: Model `RGB' extended on input line 1365.
Package xcolor Info: Model `HTML' substituted by `rgb' on input line 1367.
Package xcolor Info: Model `Hsb' substituted by `hsb' on input line 1368.
Package xcolor Info: Model `tHsb' substituted by `hsb' on input line 1369.
Package xcolor Info: Model `HSB' substituted by `hsb' on input line 1370.
Package xcolor Info: Model `Gray' substituted by `gray' on input line 1371.
Package xcolor Info: Model `wave' substituted by `hsb' on input line 1372.
) (C:\MiKTeX\tex/latex/graphics\dvipsnam.def
File: dvipsnam.def 2016/06/17 v3.0m Driver-dependent file (DPC,SPQR)
) (C:\MiKTeX\tex/generic/pgf/basiclayer\pgfcore.code.tex
Package: pgfcore 2025-08-29 v3.1.11a (3.1.11a)
 (C:\MiKTeX\tex/generic/pgf/math\pgfint.code.tex) (C:\MiKTeX\tex/generic/pgf/basiclayer\pgfcorepoints.code.tex
File: pgfcorepoints.code.tex 2025-08-29 v3.1.11a (3.1.11a)
\pgf@picminx=\dimen195
\pgf@picmaxx=\dimen196
\pgf@picminy=\dimen197
\pgf@picmaxy=\dimen198
\pgf@pathminx=\dimen199
\pgf@pathmaxx=\dimen256
\pgf@pathminy=\dimen257
\pgf@pathmaxy=\dimen258
\pgf@xx=\dimen259
\pgf@xy=\dimen260
\pgf@yx=\dimen261
\pgf@yy=\dimen262
\pgf@zx=\dimen263
\pgf@zy=\dimen264
) (C:\MiKTeX\tex/generic/pgf/basiclayer\pgfcorepathconstruct.code.tex
File: pgfcorepathconstruct.code.tex 2025-08-29 v3.1.11a (3.1.11a)
\pgf@path@lastx=\dimen265
\pgf@path@lasty=\dimen266
) (C:\MiKTeX\tex/generic/pgf/basiclayer\pgfcorepathusage.code.tex
File: pgfcorepathusage.code.tex 2025-08-29 v3.1.11a (3.1.11a)
\pgf@shorten@end@additional=\dimen267
\pgf@shorten@start@additional=\dimen268
) (C:\MiKTeX\tex/generic/pgf/basiclayer\pgfcorescopes.code.tex
File: pgfcorescopes.code.tex 2025-08-29 v3.1.11a (3.1.11a)
\pgfpic=\box64
\pgf@hbox=\box65
\pgf@layerbox@main=\box66
\pgf@picture@serial@count=\count317
) (C:\MiKTeX\tex/generic/pgf/basiclayer\pgfcoregraphicstate.code.tex
File: pgfcoregraphicstate.code.tex 2025-08-29 v3.1.11a (3.1.11a)
\pgflinewidth=\dimen269
) (C:\MiKTeX\tex/generic/pgf/basiclayer\pgfcoretransformations.code.tex
File: pgfcoretransformations.code.tex 2025-08-29 v3.1.11a (3.1.11a)
\pgf@pt@x=\dimen270
\pgf@pt@y=\dimen271
\pgf@pt@temp=\dimen272
) (C:\MiKTeX\tex/generic/pgf/basiclayer\pgfcorequick.code.tex
File: pgfcorequick.code.tex 2025-08-29 v3.1.11a (3.1.11a)
) (C:\MiKTeX\tex/generic/pgf/basiclayer\pgfcoreobjects.code.tex
File: pgfcoreobjects.code.tex 2025-08-29 v3.1.11a (3.1.11a)
) (C:\MiKTeX\tex/generic/pgf/basiclayer\pgfcorepathprocessing.code.tex
File: pgfcorepathprocessing.code.tex 2025-08-29 v3.1.11a (3.1.11a)
) (C:\MiKTeX\tex/generic/pgf/basiclayer\pgfcorearrows.code.tex
File: pgfcorearrows.code.tex 2025-08-29 v3.1.11a (3.1.11a)
\pgfarrowsep=\dimen273
) (C:\MiKTeX\tex/generic/pgf/basiclayer\pgfcoreshade.code.tex
File: pgfcoreshade.code.tex 2025-08-29 v3.1.11a (3.1.11a)
\pgf@max=\dimen274
\pgf@sys@shading@range@num=\count318
\pgf@shadingcount=\count319
) (C:\MiKTeX\tex/generic/pgf/basiclayer\pgfcoreimage.code.tex
File: pgfcoreimage.code.tex 2025-08-29 v3.1.11a (3.1.11a)
) (C:\MiKTeX\tex/generic/pgf/basiclayer\pgfcoreexternal.code.tex
File: pgfcoreexternal.code.tex 2025-08-29 v3.1.11a (3.1.11a)
\pgfexternal@startupbox=\box67
) (C:\MiKTeX\tex/generic/pgf/basiclayer\pgfcorelayers.code.tex
File: pgfcorelayers.code.tex 2025-08-29 v3.1.11a (3.1.11a)
) (C:\MiKTeX\tex/generic/pgf/basiclayer\pgfcoretransparency.code.tex
File: pgfcoretransparency.code.tex 2025-08-29 v3.1.11a (3.1.11a)
) (C:\MiKTeX\tex/generic/pgf/basiclayer\pgfcorepatterns.code.tex
File: pgfcorepatterns.code.tex 2025-08-29 v3.1.11a (3.1.11a)
) (C:\MiKTeX\tex/generic/pgf/basiclayer\pgfcorerdf.code.tex
File: pgfcorerdf.code.tex 2025-08-29 v3.1.11a (3.1.11a)
))) (C:\MiKTeX\tex/latex/pgf/utilities\xxcolor.sty
Package: xxcolor 2003/10/24 ver 0.1
\XC@nummixins=\count320
\XC@countmixins=\count321
) (C:\MiKTeX\tex/latex/base\atbegshi-ltx.sty
Package: atbegshi-ltx 2021/01/10 v1.0c Emulation of the original atbegshi
package with kernel methods
) (C:\MiKTeX\tex/latex/hyperref\hyperref.sty
Package: hyperref 2025-07-12 v7.01o Hypertext links for LaTeX
 (C:\MiKTeX\tex/latex/kvsetkeys\kvsetkeys.sty
Package: kvsetkeys 2022-10-05 v1.19 Key value parser (HO)
) (C:\MiKTeX\tex/generic/kvdefinekeys\kvdefinekeys.sty
Package: kvdefinekeys 2019-12-19 v1.6 Define keys (HO)
) (C:\MiKTeX\tex/generic/pdfescape\pdfescape.sty
Package: pdfescape 2019/12/09 v1.15 Implements pdfTeX's escape features (HO)
 (C:\MiKTeX\tex/generic/ltxcmds\ltxcmds.sty
Package: ltxcmds 2023-12-04 v1.26 LaTeX kernel commands for general use (HO)
) (C:\MiKTeX\tex/generic/pdftexcmds\pdftexcmds.sty
Package: pdftexcmds 2020-06-27 v0.33 Utility functions of pdfTeX for LuaTeX (HO)
 (C:\MiKTeX\tex/generic/infwarerr\infwarerr.sty
Package: infwarerr 2019/12/03 v1.5 Providing info/warning/error messages (HO)
)
Package pdftexcmds Info: \pdf@primitive is available.
Package pdftexcmds Info: \pdf@ifprimitive is available.
Package pdftexcmds Info: \pdfdraftmode found.
)) (C:\MiKTeX\tex/latex/hycolor\hycolor.sty
Package: hycolor 2020-01-27 v1.10 Color options for hyperref/bookmark (HO)
) (C:\MiKTeX\tex/latex/hyperref\nameref.sty
Package: nameref 2025-06-21 v2.57 Cross-referencing by name of section
 (C:\MiKTeX\tex/latex/refcount\refcount.sty
Package: refcount 2019/12/15 v3.6 Data extraction from label references (HO)
) (C:\MiKTeX\tex/generic/gettitlestring\gettitlestring.sty
Package: gettitlestring 2019/12/15 v1.6 Cleanup title references (HO)
 (C:\MiKTeX\tex/latex/kvoptions\kvoptions.sty
Package: kvoptions 2022-06-15 v3.15 Key value format for package options (HO)
))
\c@section@level=\count322
) (C:\MiKTeX\tex/generic/stringenc\stringenc.sty
Package: stringenc 2019/11/29 v1.12 Convert strings between diff. encodings (HO)
)
\@linkdim=\dimen275
\Hy@linkcounter=\count323
\Hy@pagecounter=\count324
 (C:\MiKTeX\tex/latex/hyperref\pd1enc.def
File: pd1enc.def 2025-07-12 v7.01o Hyperref: PDFDocEncoding definition (HO)
Now handling font encoding PD1 ...
... no UTF-8 mapping file for font encoding PD1
) (C:\MiKTeX\tex/generic/intcalc\intcalc.sty
Package: intcalc 2019/12/15 v1.3 Expandable calculations with integers (HO)
)
\Hy@SavedSpaceFactor=\count325
 (C:\MiKTeX\tex/latex/hyperref\puenc.def
File: puenc.def 2025-07-12 v7.01o Hyperref: PDF Unicode definition (HO)
Now handling font encoding PU ...
... no UTF-8 mapping file for font encoding PU
)
Package hyperref Info: Option `bookmarks' set `true' on input line 4066.
Package hyperref Info: Option `bookmarksopen' set `true' on input line 4066.
Package hyperref Info: Option `implicit' set `false' on input line 4066.
Package hyperref Info: Hyper figures OFF on input line 4195.
Package hyperref Info: Link nesting OFF on input line 4200.
Package hyperref Info: Hyper index ON on input line 4203.
Package hyperref Info: Plain pages OFF on input line 4210.
Package hyperref Info: Backreferencing OFF on input line 4215.
Package hyperref Info: Implicit mode OFF; no redefinition of LaTeX internals.
Package hyperref Info: Bookmarks ON on input line 4462.
\c@Hy@tempcnt=\count326
 (C:\MiKTeX\tex/latex/url\url.sty
\Urlmuskip=\muskip17
Package: url 2013/09/16  ver 3.4  Verb mode for urls, etc.
)
LaTeX Info: Redefining \url on input line 4801.
\XeTeXLinkMargin=\dimen276
 (C:\MiKTeX\tex/generic/bitset\bitset.sty
Package: bitset 2019/12/09 v1.3 Handle bit-vector datatype (HO)
 (C:\MiKTeX\tex/generic/bigintcalc\bigintcalc.sty
Package: bigintcalc 2019/12/15 v1.5 Expandable calculations on big integers (HO)
))
\Fld@menulength=\count327
\Field@Width=\dimen277
\Fld@charsize=\dimen278
Package hyperref Info: Hyper figures OFF on input line 6078.
Package hyperref Info: Link nesting OFF on input line 6083.
Package hyperref Info: Hyper index ON on input line 6086.
Package hyperref Info: backreferencing OFF on input line 6093.
Package hyperref Info: Link coloring OFF on input line 6098.
Package hyperref Info: Link coloring with OCG OFF on input line 6103.
Package hyperref Info: PDF/A mode OFF on input line 6108.
\Hy@abspage=\count328


Package hyperref Message: Stopped early.

)
Package hyperref Info: Driver (autodetected): hpdftex.
 (C:\MiKTeX\tex/latex/hyperref\hpdftex.def
File: hpdftex.def 2025-07-12 v7.01o Hyperref driver for pdfTeX
\Fld@listcount=\count329
\c@bookmark@seq@number=\count330
 (C:\MiKTeX\tex/latex/rerunfilecheck\rerunfilecheck.sty
Package: rerunfilecheck 2025-06-21 v1.11 Rerun checks for auxiliary files (HO)
 (C:\MiKTeX\tex/generic/uniquecounter\uniquecounter.sty
Package: uniquecounter 2019/12/15 v1.4 Provide unlimited unique counter (HO)
)
Package uniquecounter Info: New unique counter `rerunfilecheck' on input line 284.
)) (C:\MiKTeX\tex/latex/beamer\beamerbaserequires.sty (C:\MiKTeX\tex/latex/beamer\beamerbasecompatibility.sty) (C:\MiKTeX\tex/latex/beamer\beamerbasefont.sty (C:\MiKTeX\tex/latex/amsfonts\amssymb.sty
Package: amssymb 2013/01/14 v3.01 AMS font symbols
 (C:\MiKTeX\tex/latex/amsfonts\amsfonts.sty
Package: amsfonts 2013/01/14 v3.01 Basic AMSFonts support
\@emptytoks=\toks29
\symAMSa=\mathgroup4
\symAMSb=\mathgroup5
LaTeX Font Info:    Redeclaring math symbol \hbar on input line 98.
LaTeX Font Info:    Overwriting math alphabet `\mathfrak' in version `bold'
(Font)                  U/euf/m/n --> U/euf/b/n on input line 106.
)) (C:\MiKTeX\tex/latex/sansmathaccent\sansmathaccent.sty
Package: sansmathaccent 2020/01/31
 (C:\MiKTeX\tex/latex/koma-script\scrlfile.sty
Package: scrlfile 2025/12/01 v3.49 KOMA-Script package (file load hooks)
 (C:\MiKTeX\tex/latex/koma-script\scrlfile-hook.sty
Package: scrlfile-hook 2025/12/01 v3.49 KOMA-Script package (using LaTeX hooks)
 (C:\MiKTeX\tex/latex/koma-script\scrlogo.sty
Package: scrlogo 2025/12/01 v3.49 KOMA-Script package (logo)
))))) (C:\MiKTeX\tex/latex/beamer\beamerbasetranslator.sty (C:\MiKTeX\tex/latex/translator\translator.sty
Package: translator 2021-05-31 v1.12d Easy translation of strings in LaTeX
)) (C:\MiKTeX\tex/latex/beamer\beamerbasemisc.sty) (C:\MiKTeX\tex/latex/beamer\beamerbasetwoscreens.sty) (C:\MiKTeX\tex/latex/beamer\beamerbaseoverlay.sty
\beamer@argscount=\count331
\beamer@lastskipcover=\skip52
\beamer@trivlistdepth=\count332
) (C:\MiKTeX\tex/latex/beamer\beamerbasetitle.sty) (C:\MiKTeX\tex/latex/beamer\beamerbasesection.sty
\c@lecture=\count333
\c@part=\count334
\c@section=\count335
\c@subsection=\count336
\c@subsubsection=\count337
) (C:\MiKTeX\tex/latex/beamer\beamerbaseframe.sty
\beamer@framebox=\box68
\beamer@frametitlebox=\box69
\beamer@zoombox=\box70
\beamer@zoomcount=\count338
\beamer@zoomframecount=\count339
\beamer@frametextheight=\dimen279
\c@subsectionslide=\count340
\beamer@frametopskip=\skip53
\beamer@framebottomskip=\skip54
\beamer@frametopskipautobreak=\skip55
\beamer@framebottomskipautobreak=\skip56
\beamer@envbody=\toks30
\framewidth=\dimen280
\c@framenumber=\count341
) (C:\MiKTeX\tex/latex/beamer\beamerbaseverbatim.sty
\beamer@verbatimfileout=\write4
) (C:\MiKTeX\tex/latex/beamer\beamerbaseframesize.sty
\beamer@splitbox=\box71
\beamer@autobreakcount=\count342
\beamer@autobreaklastheight=\dimen281
\beamer@frametitletoks=\toks31
\beamer@framesubtitletoks=\toks32
) (C:\MiKTeX\tex/latex/beamer\beamerbaseframecomponents.sty
\beamer@colheight=\skip57
\beamer@footins=\box72
) (C:\MiKTeX\tex/latex/beamer\beamerbasecolor.sty) (C:\MiKTeX\tex/latex/beamer\beamerbasenotes.sty
\beamer@frameboxcopy=\box73
) (C:\MiKTeX\tex/latex/beamer\beamerbasetoc.sty) (C:\MiKTeX\tex/latex/beamer\beamerbasetemplates.sty
\beamer@sbttoks=\toks33
 (C:\MiKTeX\tex/latex/beamer\beamerbaseauxtemplates.sty (C:\MiKTeX\tex/latex/beamer\beamerbaseboxes.sty
\bmb@box=\box74
\bmb@colorbox=\box75
\bmb@boxwidth=\dimen282
\bmb@boxheight=\dimen283
\bmb@prevheight=\dimen284
\bmb@temp=\dimen285
\bmb@dima=\dimen286
\bmb@dimb=\dimen287
\bmb@prevheight=\dimen288
)
\beamer@blockheadheight=\dimen289
)) (C:\MiKTeX\tex/latex/beamer\beamerbaselocalstructure.sty (C:\MiKTeX\tex/latex/tools\enumerate.sty
Package: enumerate 2023/07/04 v3.00 enumerate extensions (DPC)
\@enLab=\toks34
)
\beamer@bibiconwidth=\skip58
\c@figure=\count343
\c@table=\count344
\abovecaptionskip=\skip59
\belowcaptionskip=\skip60
) (C:\MiKTeX\tex/latex/beamer\beamerbasenavigation.sty (C:\MiKTeX\tex/latex/beamer\beamerbasenavigationsymbols.tex)
\beamer@section@min@dim=\dimen290
) (C:\MiKTeX\tex/latex/beamer\beamerbasetheorems.sty (C:\MiKTeX\tex/latex/amsmath\amsmath.sty
Package: amsmath 2025/06/16 v2.17y AMS math features
\@mathmargin=\skip61

For additional information on amsmath, use the `?' option.
(C:\MiKTeX\tex/latex/amsmath\amstext.sty
Package: amstext 2024/11/17 v2.01 AMS text
 (C:\MiKTeX\tex/latex/amsmath\amsgen.sty
File: amsgen.sty 1999/11/30 v2.0 generic functions
\@emptytoks=\toks35
\ex@=\dimen291
)) (C:\MiKTeX\tex/latex/amsmath\amsbsy.sty
Package: amsbsy 1999/11/29 v1.2d Bold Symbols
\pmbraise@=\dimen292
) (C:\MiKTeX\tex/latex/amsmath\amsopn.sty
Package: amsopn 2022/04/08 v2.04 operator names
)
\inf@bad=\count345
LaTeX Info: Redefining \frac on input line 233.
\uproot@=\count346
\leftroot@=\count347
LaTeX Info: Redefining \overline on input line 398.
LaTeX Info: Redefining \colon on input line 409.
\classnum@=\count348
\DOTSCASE@=\count349
LaTeX Info: Redefining \ldots on input line 495.
LaTeX Info: Redefining \dots on input line 498.
LaTeX Info: Redefining \cdots on input line 619.
\Mathstrutbox@=\box76
\strutbox@=\box77
LaTeX Info: Redefining \big on input line 721.
LaTeX Info: Redefining \Big on input line 722.
LaTeX Info: Redefining \bigg on input line 723.
LaTeX Info: Redefining \Bigg on input line 724.
\big@size=\dimen293
LaTeX Font Info:    Redeclaring font encoding OML on input line 742.
LaTeX Font Info:    Redeclaring font encoding OMS on input line 743.
\macc@depth=\count350
LaTeX Info: Redefining \bmod on input line 904.
LaTeX Info: Redefining \pmod on input line 909.
LaTeX Info: Redefining \smash on input line 939.
LaTeX Info: Redefining \relbar on input line 969.
LaTeX Info: Redefining \Relbar on input line 970.
\c@MaxMatrixCols=\count351
\dotsspace@=\muskip18
\c@parentequation=\count352
\dspbrk@lvl=\count353
\tag@help=\toks36
\row@=\count354
\column@=\count355
\maxfields@=\count356
\andhelp@=\toks37
\eqnshift@=\dimen294
\alignsep@=\dimen295
\tagshift@=\dimen296
\tagwidth@=\dimen297
\totwidth@=\dimen298
\lineht@=\dimen299
\@envbody=\toks38
\multlinegap=\skip62
\multlinetaggap=\skip63
\mathdisplay@stack=\toks39
LaTeX Info: Redefining \[ on input line 2949.
LaTeX Info: Redefining \] on input line 2950.
) (C:\MiKTeX\tex/latex/amscls\amsthm.sty
Package: amsthm 2020/05/29 v2.20.6
\thm@style=\toks40
\thm@bodyfont=\toks41
\thm@headfont=\toks42
\thm@notefont=\toks43
\thm@headpunct=\toks44
\thm@preskip=\skip64
\thm@postskip=\skip65
\thm@headsep=\skip66
\dth@everypar=\toks45
)
\c@theorem=\count357
) (C:\MiKTeX\tex/latex/beamer\beamerbasethemes.sty)) (C:\MiKTeX\tex/latex/beamer\beamerthemedefault.sty (C:\MiKTeX\tex/latex/beamer\beamerfontthemedefault.sty) (C:\MiKTeX\tex/latex/beamer\beamercolorthemedefault.sty) (C:\MiKTeX\tex/latex/beamer\beamerinnerthemedefault.sty
\beamer@dima=\dimen300
\beamer@dimb=\dimen301
) (C:\MiKTeX\tex/latex/beamer\beamerouterthemedefault.sty))) (C:\MiKTeX\tex/latex/beamer\beamerthemeMadrid.sty (C:\MiKTeX\tex/latex/beamer\beamercolorthemewhale.sty) (C:\MiKTeX\tex/latex/beamer\beamercolorthemeorchid.sty) (C:\MiKTeX\tex/latex/beamer\beamerinnerthemerounded.sty) (C:\MiKTeX\tex/latex/beamer\beamerouterthemeinfolines.sty)) (C:\MiKTeX\tex/generic/babel\babel.sty
Package: babel 2025/10/01 v25.13 The multilingual framework for LuaLaTeX, pdfLaTeX and XeLaTeX
\babel@savecnt=\count358
LaTeX Encoding Info:    Redeclaring text command \ij (encoding OT1) on input line 2045.
LaTeX Encoding Info:    Redeclaring text command \IJ (encoding OT1) on input line 2047.
LaTeX Encoding Info:    Redeclaring text command \ij (encoding T1) on input line 2049.
LaTeX Encoding Info:    Redeclaring text command \IJ (encoding T1) on input line 2050.
LaTeX Encoding Info:    Ignoring declaration for text command \ij (encoding ?) on input line 2051.
LaTeX Encoding Info:    Ignoring declaration for text command \IJ (encoding ?) on input line 2053.
LaTeX Encoding Info:    Ignoring declaration for text command \SS (encoding ?) on input line 2078.
\U@D=\dimen302
\l@unhyphenated=\language79
 (C:\MiKTeX\tex/generic/babel\txtbabel.def)
\bbl@readstream=\read3
LaTeX Info: Redefining \textlatin on input line 3930.
\bbl@dirlevel=\count359

*************************************
* Local config file bblopts.cfg used
*
(C:\MiKTeX\tex/latex/arabi\bblopts.cfg
File: bblopts.cfg 2005/09/08 v0.1 add Arabic and Farsi to "declared" options of babel
) (C:\MiKTeX\tex/latex/babel-spanish\spanish.ldf
Language: spanish.ldf 2021/05/27 v5.0q Spanish support from the babel system
 (C:\MiKTeX\tex/generic/babel/locale/es\babel-spanish.tex
Package babel Info: Importing font and identification data for spanish
(babel)             from babel-es.ini. Reported on input line 12.
)
\es@quottoks=\toks46
\es@quotdepth=\count360
Package babel Info: Making " an active character on input line 570.
Package babel Info: Making . an active character on input line 675.
Package babel Info: Making < an active character on input line 722.
Package babel Info: Making > an active character on input line 722.
))
LaTeX Encoding Info:    Redeclaring text command \guillemotleft (encoding OT1) on input line 10.
LaTeX Encoding Info:    Redeclaring text command \guillemotright (encoding OT1) on input line 10.
 (C:\MiKTeX\tex/latex/base\inputenc.sty
Package: inputenc 2024/02/08 v1.3d Input encoding file
\inpenc@prehook=\toks47
\inpenc@posthook=\toks48
) (C:\MiKTeX\tex/latex/base\fontenc.sty
Package: fontenc 2024/12/21 v2.1c Standard LaTeX package
) (C:\MiKTeX\tex/latex/booktabs\booktabs.sty
Package: booktabs 2020/01/12 v1.61803398 Publication quality tables
\heavyrulewidth=\dimen303
\lightrulewidth=\dimen304
\cmidrulewidth=\dimen305
\belowrulesep=\dimen306
\belowbottomsep=\dimen307
\aboverulesep=\dimen308
\abovetopsep=\dimen309
\cmidrulesep=\dimen310
\cmidrulekern=\dimen311
\defaultaddspace=\dimen312
\@cmidla=\count361
\@cmidlb=\count362
\@aboverulesep=\dimen313
\@belowrulesep=\dimen314
\@thisruleclass=\count363
\@lastruleclass=\count364
\@thisrulewidth=\dimen315
) (C:\MiKTeX\tex/latex/multirow\multirow.sty
Package: multirow 2024/11/12 v2.9 Span multiple rows of a table
\multirow@colwidth=\skip67
\multirow@cntb=\count365
\multirow@dima=\skip68
\bigstrutjot=\dimen316
) (C:\MiKTeX\tex/latex/colortbl\colortbl.sty
Package: colortbl 2024/10/29 v1.0k Color table columns (DPC)
 (C:\MiKTeX\tex/latex/tools\array.sty
Package: array 2025/06/08 v2.6j Tabular extension package (FMi)
\col@sep=\dimen317
\ar@mcellbox=\box78
\extrarowheight=\dimen318
\NC@list=\toks49
\extratabsurround=\skip69
\backup@length=\skip70
\ar@cellbox=\box79
)
\everycr=\toks50
\minrowclearance=\skip71
\rownum=\count366
) (C:\MiKTeX\tex/latex/listings\listings.sty
\lst@mode=\count367
\lst@gtempboxa=\box80
\lst@token=\toks51
\lst@length=\count368
\lst@currlwidth=\dimen319
\lst@column=\count369
\lst@pos=\count370
\lst@lostspace=\dimen320
\lst@width=\dimen321
\lst@newlines=\count371
\lst@lineno=\count372
\lst@maxwidth=\dimen322
 (C:\MiKTeX\tex/latex/listings\lstpatch.sty
File: lstpatch.sty 2024/09/23 1.10c (Carsten Heinz)
) (C:\MiKTeX\tex/latex/listings\lstmisc.sty
File: lstmisc.sty 2024/09/23 1.10c (Carsten Heinz)
\c@lstnumber=\count373
\lst@skipnumbers=\count374
\lst@framebox=\box81
) (C:\MiKTeX\tex/latex/listings\listings.cfg
File: listings.cfg 2024/09/23 1.10c listings configuration
))
Package: listings 2024/09/23 1.10c (Carsten Heinz)
 (C:\MiKTeX\tex/latex/fancyvrb\fancyvrb.sty
Package: fancyvrb 2025/07/28 4.6 verbatim text (tvz,hv)
\FV@CodeLineNo=\count375
\FV@InFile=\read4
\FV@TabBox=\box82
\c@FancyVerbLine=\count376
\FV@StepNumber=\count377
\FV@OutFile=\write5
) (C:\MiKTeX\tex/latex/listings\lstlang1.sty
File: lstlang1.sty 2024/09/23 1.10c listings language file
)

Package hyperref Warning: Token not allowed in a PDF string (Unicode):
(hyperref)                removing `\\' on input line 78.


Package hyperref Warning: Token not allowed in a PDF string (Unicode):
(hyperref)                removing `\\' on input line 78.


Package hyperref Warning: Token not allowed in a PDF string (Unicode):
(hyperref)                removing `\\' on input line 78.


Package hyperref Warning: Token not allowed in a PDF string (Unicode):
(hyperref)                removing `\\' on input line 78.

(C:\MiKTeX\tex/latex/l3backend\l3backend-pdftex.def
File: l3backend-pdftex.def 2025-06-09 L3 backend support: PDF output (pdfTeX)
\l__color_backend_stack_int=\count378
) (presentacion.aux
LaTeX Info: Redefining \. on input line 11.
LaTeX Info: Redefining \% on input line 11.
Package babel Info: 'spanish' activates 'spanish' shorthands.
(babel)             Reported on input line 11.
)
\openout1 = `presentacion.aux'.

LaTeX Font Info:    Checking defaults for OML/cmm/m/it on input line 82.
LaTeX Font Info:    ... okay on input line 82.
LaTeX Font Info:    Checking defaults for OMS/cmsy/m/n on input line 82.
LaTeX Font Info:    ... okay on input line 82.
LaTeX Font Info:    Checking defaults for OT1/cmr/m/n on input line 82.
LaTeX Font Info:    ... okay on input line 82.
LaTeX Font Info:    Checking defaults for T1/cmr/m/n on input line 82.
LaTeX Font Info:    ... okay on input line 82.
LaTeX Font Info:    Checking defaults for TS1/cmr/m/n on input line 82.
LaTeX Font Info:    ... okay on input line 82.
LaTeX Font Info:    Checking defaults for OMX/cmex/m/n on input line 82.
LaTeX Font Info:    ... okay on input line 82.
LaTeX Font Info:    Checking defaults for U/cmr/m/n on input line 82.
LaTeX Font Info:    ... okay on input line 82.
LaTeX Font Info:    Checking defaults for PD1/pdf/m/n on input line 82.
LaTeX Font Info:    ... okay on input line 82.
LaTeX Font Info:    Checking defaults for PU/pdf/m/n on input line 82.
LaTeX Font Info:    ... okay on input line 82.

*geometry* driver: auto-detecting
*geometry* detected driver: pdftex
*geometry* verbose mode - [ preamble ] result:
* driver: pdftex
* paper: custom
* layout: <same size as paper>
* layoutoffset:(h,v)=(0.0pt,0.0pt)
* modes: includehead includefoot 
* h-part:(L,W,R)=(10.95003pt, 433.34402pt, 10.95003pt)
* v-part:(T,H,B)=(0.0pt, 256.0748pt, 0.0pt)
* \paperwidth=455.24408pt
* \paperheight=256.0748pt
* \textwidth=433.34402pt
* \textheight=227.62207pt
* \oddsidemargin=-61.31996pt
* \evensidemargin=-61.31996pt
* \topmargin=-72.26999pt
* \headheight=14.22636pt
* \headsep=0.0pt
* \topskip=11.0pt
* \footskip=14.22636pt
* \marginparwidth=4.0pt
* \marginparsep=10.0pt
* \columnsep=10.0pt
* \skip\footins=10.0pt plus 4.0pt minus 2.0pt
* \hoffset=0.0pt
* \voffset=0.0pt
* \mag=1000
* \@twocolumnfalse
* \@twosidefalse
* \@mparswitchfalse
* \@reversemarginfalse
* (1in=72.27pt=25.4mm, 1cm=28.453pt)

(C:\MiKTeX\tex/context/base/mkii\supp-pdf.mkii
[Loading MPS to PDF converter (version 2006.09.02).]
\scratchcounter=\count379
\scratchdimen=\dimen323
\scratchbox=\box83
\nofMPsegments=\count380
\nofMParguments=\count381
\everyMPshowfont=\toks52
\MPscratchCnt=\count382
\MPscratchDim=\dimen324
\MPnumerator=\count383
\makeMPintoPDFobject=\count384
\everyMPtoPDFconversion=\toks53
) (C:\MiKTeX\tex/latex/epstopdf-pkg\epstopdf-base.sty
Package: epstopdf-base 2020-01-24 v2.11 Base part for package epstopdf
Package epstopdf-base Info: Redefining graphics rule for `.eps' on input line 485.
 (C:\MiKTeX\tex/latex/00miktex\epstopdf-sys.cfg
File: epstopdf-sys.cfg 2021/03/18 v2.0 Configuration of epstopdf for MiKTeX
))
Package hyperref Info: Link coloring OFF on input line 82.
 (presentacion.out) (presentacion.out)
\@outlinefile=\write6
\openout6 = `presentacion.out'.

LaTeX Font Info:    Overwriting symbol font `operators' in version `normal'
(Font)                  OT1/cmr/m/n --> OT1/cmss/m/n on input line 82.
LaTeX Font Info:    Overwriting symbol font `operators' in version `bold'
(Font)                  OT1/cmr/bx/n --> OT1/cmss/b/n on input line 82.
\symnumbers=\mathgroup6
\sympureletters=\mathgroup7
LaTeX Font Info:    Overwriting math alphabet `\mathrm' in version `normal'
(Font)                  OT1/cmss/m/n --> T1/cmr/m/n on input line 82.
LaTeX Font Info:    Redeclaring math alphabet \mathbf on input line 82.
LaTeX Font Info:    Overwriting math alphabet `\mathbf' in version `normal'
(Font)                  OT1/cmr/bx/n --> T1/cmss/b/n on input line 82.
LaTeX Font Info:    Overwriting math alphabet `\mathbf' in version `bold'
(Font)                  OT1/cmr/bx/n --> T1/cmss/b/n on input line 82.
LaTeX Font Info:    Redeclaring math alphabet \mathsf on input line 82.
LaTeX Font Info:    Overwriting math alphabet `\mathsf' in version `normal'
(Font)                  OT1/cmss/m/n --> T1/cmss/m/n on input line 82.
LaTeX Font Info:    Overwriting math alphabet `\mathsf' in version `bold'
(Font)                  OT1/cmss/bx/n --> T1/cmss/m/n on input line 82.
LaTeX Font Info:    Redeclaring math alphabet \mathit on input line 82.
LaTeX Font Info:    Overwriting math alphabet `\mathit' in version `normal'
(Font)                  OT1/cmr/m/it --> T1/cmss/m/it on input line 82.
LaTeX Font Info:    Overwriting math alphabet `\mathit' in version `bold'
(Font)                  OT1/cmr/bx/it --> T1/cmss/m/it on input line 82.
LaTeX Font Info:    Redeclaring math alphabet \mathtt on input line 82.
LaTeX Font Info:    Overwriting math alphabet `\mathtt' in version `normal'
(Font)                  OT1/cmtt/m/n --> T1/cmtt/m/n on input line 82.
LaTeX Font Info:    Overwriting math alphabet `\mathtt' in version `bold'
(Font)                  OT1/cmtt/m/n --> T1/cmtt/m/n on input line 82.
LaTeX Font Info:    Overwriting symbol font `numbers' in version `bold'
(Font)                  T1/cmss/m/n --> T1/cmss/b/n on input line 82.
LaTeX Font Info:    Overwriting symbol font `pureletters' in version `bold'
(Font)                  T1/cmss/m/it --> T1/cmss/b/it on input line 82.
LaTeX Font Info:    Overwriting math alphabet `\mathrm' in version `bold'
(Font)                  OT1/cmss/b/n --> T1/cmr/b/n on input line 82.
LaTeX Font Info:    Overwriting math alphabet `\mathbf' in version `bold'
(Font)                  T1/cmss/b/n --> T1/cmss/b/n on input line 82.
LaTeX Font Info:    Overwriting math alphabet `\mathsf' in version `bold'
(Font)                  T1/cmss/m/n --> T1/cmss/b/n on input line 82.
LaTeX Font Info:    Overwriting math alphabet `\mathit' in version `bold'
(Font)                  T1/cmss/m/it --> T1/cmss/b/it on input line 82.
LaTeX Font Info:    Overwriting math alphabet `\mathtt' in version `bold'
(Font)                  T1/cmtt/m/n --> T1/cmtt/b/n on input line 82.
LaTeX Font Info:    Redeclaring symbol font `pureletters' on input line 82.
LaTeX Font Info:    Encoding `T1' has changed to `OT1' for symbol font
(Font)              `pureletters' in the math version `normal' on input line 82.
LaTeX Font Info:    Overwriting symbol font `pureletters' in version `normal'
(Font)                  T1/cmss/m/it --> OT1/mathkerncmss/m/sl on input line 82.
LaTeX Font Info:    Encoding `T1' has changed to `OT1' for symbol font
(Font)              `pureletters' in the math version `bold' on input line 82.
LaTeX Font Info:    Overwriting symbol font `pureletters' in version `bold'
(Font)                  T1/cmss/b/it --> OT1/mathkerncmss/m/sl on input line 82.
LaTeX Font Info:    Overwriting symbol font `pureletters' in version `bold'
(Font)                  OT1/mathkerncmss/m/sl --> OT1/mathkerncmss/bx/sl on input line 82.
 (C:\MiKTeX\tex/latex/translator\translator-basic-dictionary-English.dict
Dictionary: translator-basic-dictionary, Language: English 
) (C:\MiKTeX\tex/latex/translator\translator-bibliography-dictionary-English.dict
Dictionary: translator-bibliography-dictionary, Language: English 
) (C:\MiKTeX\tex/latex/translator\translator-environment-dictionary-English.dict
Dictionary: translator-environment-dictionary, Language: English 
) (C:\MiKTeX\tex/latex/translator\translator-months-dictionary-English.dict
Dictionary: translator-months-dictionary, Language: English 
) (C:\MiKTeX\tex/latex/translator\translator-numbers-dictionary-English.dict
Dictionary: translator-numbers-dictionary, Language: English 
) (C:\MiKTeX\tex/latex/translator\translator-theorem-dictionary-English.dict
Dictionary: translator-theorem-dictionary, Language: English 
)
LaTeX Info: Redefining \. on input line 82.
LaTeX Info: Redefining \% on input line 82.
\c@lstlisting=\count385
 (presentacion.nav)
Overfull \hbox (38.0594pt too wide) in paragraph at lines 82--82
 [][][][][][][][][][][][][][][][][][][][][][][][][][][][][][][][][][][][][][][][][][][][][][][][][][][][][][][][][][][][][][][][][][][]  
 []


Overfull \hbox (2.34814pt too wide) in paragraph at lines 82--82
[][][][]  
 []


Overfull \hbox (38.0594pt too wide) in paragraph at lines 94--94
 [][][][][][][][][][][][][][][][][][][][][][][][][][][][][][][][][][][][][][][][][][][][][][][][][][][][][][][][][][][][][][][][][][][]  
 []


Overfull \hbox (2.34814pt too wide) in paragraph at lines 94--94
[][][][]  
 []




Overfull \hbox (2.34814pt too wide) has occurred while \output is active
[][][][] 
 []


Overfull \hbox (38.0594pt too wide) has occurred while \output is active
 [][][][][][][][][][][][][][][][][][][][][][][][][][][][][][][][][][][][][][][][][][][][][][][][][][][][][][][][][][][][][][][][][][][]  
 []

[1{C:/Users/QU1267/AppData/Local/MiKTeX/fonts/map/pdftex/pdftex.map}

]
Overfull \hbox (38.0594pt too wide) in paragraph at lines 101--101
 [][][][][][][][][][][][][][][][][][][][][][][][][][][][][][][][][][][][][][][][][][][][][][][][][][][][][][][][][][][][][][][][][][][]  
 []


Overfull \hbox (2.34814pt too wide) in paragraph at lines 101--101
[][][][]  
 []

(presentacion.toc
LaTeX Info: Redefining \. on input line 1.
LaTeX Info: Redefining \% on input line 1.
)


Overfull \hbox (2.34814pt too wide) has occurred while \output is active
[][][][] 
 []


Overfull \hbox (38.0594pt too wide) has occurred while \output is active
 [][][][][][][][][][][][][][][][][][][][][][][][][][][][][][][][][][][][][][][][][][][][][][][][][][][][][][][][][][][][][][][][][][][]  
 []

[2

]
Overfull \hbox (38.0594pt too wide) in paragraph at lines 106--106
 [][][][][][][][][][][][][][][][][][][][][][][][][][][][][][][][][][][][][][][][][][][][][][][][][][][][][][][][][][][][][][][][][][][]  
 []


Overfull \hbox (2.34814pt too wide) in paragraph at lines 106--106
[][][][]  
 []



[3

]
Overfull \hbox (38.0594pt too wide) in paragraph at lines 131--131
 [][][][][][][][][][][][][][][][][][][][][][][][][][][][][][][][][][][][][][][][][][][][][][][][][][][][][][][][][][][][][][][][][][][]  
 []


Overfull \hbox (2.34814pt too wide) in paragraph at lines 131--131
[][][][]  
 []

LaTeX Font Info:    Trying to load font information for U+msa on input line 131.
(C:\MiKTeX\tex/latex/amsfonts\umsa.fd
File: umsa.fd 2013/01/14 v3.01 AMS symbols A
)
LaTeX Font Info:    Trying to load font information for U+msb on input line 131.
 (C:\MiKTeX\tex/latex/amsfonts\umsb.fd
File: umsb.fd 2013/01/14 v3.01 AMS symbols B
)
LaTeX Font Info:    Trying to load font information for OT1+mathkerncmss on input line 131.
 (C:\MiKTeX\tex/latex/sansmathaccent\ot1mathkerncmss.fd
File: ot1mathkerncmss.fd 2020/01/31 Fontinst v1.933 font definitions for OT1/mathkerncmss.
)


Overfull \hbox (2.34814pt too wide) has occurred while \output is active
[][][][] 
 []


Overfull \hbox (38.0594pt too wide) has occurred while \output is active
 [][][][][][][][][][][][][][][][][][][][][][][][][][][][][][][][][][][][][][][][][][][][][][][][][][][][][][][][][][][][][][][][][][][]  
 []

[4

]
Overfull \hbox (38.0594pt too wide) in paragraph at lines 142--142
 [][][][][][][][][][][][][][][][][][][][][][][][][][][][][][][][][][][][][][][][][][][][][][][][][][][][][][][][][][][][][][][][][][][]  
 []


Overfull \hbox (2.34814pt too wide) in paragraph at lines 142--142
[][][][]  
 []

<figuras/carracing_entorno.png, id=298, 2409.0pt x 1606.0pt>
File: figuras/carracing_entorno.png Graphic file (type png)
<use figuras/carracing_entorno.png>
Package pdftex.def Info: figuras/carracing_entorno.png  used on input line 142.
(pdftex.def)             Requested size: 251.34032pt x 167.54448pt.

Overfull \vbox (1.30937pt too high) detected at line 142
 []




Overfull \hbox (2.34814pt too wide) has occurred while \output is active
[][][][] 
 []


Overfull \hbox (38.0594pt too wide) has occurred while \output is active
 [][][][][][][][][][][][][][][][][][][][][][][][][][][][][][][][][][][][][][][][][][][][][][][][][][][][][][][][][][][][][][][][][][][]  
 []

[5

 <./figuras/carracing_entorno.png (PNG copy)>]
Overfull \hbox (38.0594pt too wide) in paragraph at lines 147--147
 [][][][][][][][][][][][][][][][][][][][][][][][][][][][][][][][][][][][][][][][][][][][][][][][][][][][][][][][][][][][][][][][][][][]  
 []


Overfull \hbox (2.34814pt too wide) in paragraph at lines 147--147
[][][][]  
 []



[6

]
Overfull \hbox (38.0594pt too wide) in paragraph at lines 184--184
 [][][][][][][][][][][][][][][][][][][][][][][][][][][][][][][][][][][][][][][][][][][][][][][][][][][][][][][][][][][][][][][][][][][]  
 []


Overfull \hbox (2.34814pt too wide) in paragraph at lines 184--184
[][][][]  
 []




Overfull \hbox (2.34814pt too wide) has occurred while \output is active
[][][][] 
 []


Overfull \hbox (38.0594pt too wide) has occurred while \output is active
 [][][][][][][][][][][][][][][][][][][][][][][][][][][][][][][][][][][][][][][][][][][][][][][][][][][][][][][][][][][][][][][][][][][]  
 []

[7

]
Overfull \hbox (38.0594pt too wide) in paragraph at lines 232--232
 [][][][][][][][][][][][][][][][][][][][][][][][][][][][][][][][][][][][][][][][][][][][][][][][][][][][][][][][][][][][][][][][][][][]  
 []


Overfull \hbox (2.34814pt too wide) in paragraph at lines 232--232
[][][][]  
 []




Overfull \hbox (2.34814pt too wide) has occurred while \output is active
[][][][] 
 []


Overfull \hbox (38.0594pt too wide) has occurred while \output is active
 [][][][][][][][][][][][][][][][][][][][][][][][][][][][][][][][][][][][][][][][][][][][][][][][][][][][][][][][][][][][][][][][][][][]  
 []

[8

]
Overfull \hbox (38.0594pt too wide) in paragraph at lines 234--234
 [][][][][][][][][][][][][][][][][][][][][][][][][][][][][][][][][][][][][][][][][][][][][][][][][][][][][][][][][][][][][][][][][][][]  
 []


Overfull \hbox (2.34814pt too wide) in paragraph at lines 234--234
[][][][]  
 []

\openout4 = `presentacion.vrb'.


Overfull \hbox (38.0594pt too wide) in paragraph at lines 254--254
 [][][][][][][][][][][][][][][][][][][][][][][][][][][][][][][][][][][][][][][][][][][][][][][][][][][][][][][][][][][][][][][][][][][]  
 []


Overfull \hbox (2.34814pt too wide) in paragraph at lines 254--254
[][][][]  
 []

(presentacion.vrb)
Overfull \vbox (0.78113pt too high) detected at line 254
 []




Overfull \hbox (2.34814pt too wide) has occurred while \output is active
[][][][] 
 []


Overfull \hbox (38.0594pt too wide) has occurred while \output is active
 [][][][][][][][][][][][][][][][][][][][][][][][][][][][][][][][][][][][][][][][][][][][][][][][][][][][][][][][][][][][][][][][][][][]  
 []

[9

]
Overfull \hbox (38.0594pt too wide) in paragraph at lines 295--295
 [][][][][][][][][][][][][][][][][][][][][][][][][][][][][][][][][][][][][][][][][][][][][][][][][][][][][][][][][][][][][][][][][][][]  
 []


Overfull \hbox (2.34814pt too wide) in paragraph at lines 295--295
[][][][]  
 []




Overfull \hbox (2.34814pt too wide) has occurred while \output is active
[][][][] 
 []


Overfull \hbox (38.0594pt too wide) has occurred while \output is active
 [][][][][][][][][][][][][][][][][][][][][][][][][][][][][][][][][][][][][][][][][][][][][][][][][][][][][][][][][][][][][][][][][][][]  
 []

[10

]
Overfull \hbox (38.0594pt too wide) in paragraph at lines 297--297
 [][][][][][][][][][][][][][][][][][][][][][][][][][][][][][][][][][][][][][][][][][][][][][][][][][][][][][][][][][][][][][][][][][][]  
 []


Overfull \hbox (2.34814pt too wide) in paragraph at lines 297--297
[][][][]  
 []

\openout4 = `presentacion.vrb'.


Overfull \hbox (38.0594pt too wide) in paragraph at lines 316--316
 [][][][][][][][][][][][][][][][][][][][][][][][][][][][][][][][][][][][][][][][][][][][][][][][][][][][][][][][][][][][][][][][][][][]  
 []


Overfull \hbox (2.34814pt too wide) in paragraph at lines 316--316
[][][][]  
 []

(presentacion.vrb)


Overfull \hbox (2.34814pt too wide) has occurred while \output is active
[][][][] 
 []


Overfull \hbox (38.0594pt too wide) has occurred while \output is active
 [][][][][][][][][][][][][][][][][][][][][][][][][][][][][][][][][][][][][][][][][][][][][][][][][][][][][][][][][][][][][][][][][][][]  
 []

[11

]
Overfull \hbox (38.0594pt too wide) in paragraph at lines 318--318
 [][][][][][][][][][][][][][][][][][][][][][][][][][][][][][][][][][][][][][][][][][][][][][][][][][][][][][][][][][][][][][][][][][][]  
 []


Overfull \hbox (2.34814pt too wide) in paragraph at lines 318--318
[][][][]  
 []

\openout4 = `presentacion.vrb'.


Overfull \hbox (38.0594pt too wide) in paragraph at lines 337--337
 [][][][][][][][][][][][][][][][][][][][][][][][][][][][][][][][][][][][][][][][][][][][][][][][][][][][][][][][][][][][][][][][][][][]  
 []


Overfull \hbox (2.34814pt too wide) in paragraph at lines 337--337
[][][][]  
 []

(presentacion.vrb)


Overfull \hbox (2.34814pt too wide) has occurred while \output is active
[][][][] 
 []


Overfull \hbox (38.0594pt too wide) has occurred while \output is active
 [][][][][][][][][][][][][][][][][][][][][][][][][][][][][][][][][][][][][][][][][][][][][][][][][][][][][][][][][][][][][][][][][][][]  
 []

[12

]
Overfull \hbox (38.0594pt too wide) in paragraph at lines 342--342
 [][][][][][][][][][][][][][][][][][][][][][][][][][][][][][][][][][][][][][][][][][][][][][][][][][][][][][][][][][][][][][][][][][][]  
 []


Overfull \hbox (2.34814pt too wide) in paragraph at lines 342--342
[][][][]  
 []



[13

]
Overfull \hbox (38.0594pt too wide) in paragraph at lines 370--370
 [][][][][][][][][][][][][][][][][][][][][][][][][][][][][][][][][][][][][][][][][][][][][][][][][][][][][][][][][][][][][][][][][][][]  
 []


Overfull \hbox (2.34814pt too wide) in paragraph at lines 370--370
[][][][]  
 []




Overfull \hbox (2.34814pt too wide) has occurred while \output is active
[][][][] 
 []


Overfull \hbox (38.0594pt too wide) has occurred while \output is active
 [][][][][][][][][][][][][][][][][][][][][][][][][][][][][][][][][][][][][][][][][][][][][][][][][][][][][][][][][][][][][][][][][][][]  
 []

[14

]
Overfull \hbox (38.0594pt too wide) in paragraph at lines 372--372
 [][][][][][][][][][][][][][][][][][][][][][][][][][][][][][][][][][][][][][][][][][][][][][][][][][][][][][][][][][][][][][][][][][][]  
 []


Overfull \hbox (2.34814pt too wide) in paragraph at lines 372--372
[][][][]  
 []

\openout4 = `presentacion.vrb'.


Overfull \hbox (38.0594pt too wide) in paragraph at lines 392--392
 [][][][][][][][][][][][][][][][][][][][][][][][][][][][][][][][][][][][][][][][][][][][][][][][][][][][][][][][][][][][][][][][][][][]  
 []


Overfull \hbox (2.34814pt too wide) in paragraph at lines 392--392
[][][][]  
 []

(presentacion.vrb)
Overfull \vbox (0.78113pt too high) detected at line 392
 []




Overfull \hbox (2.34814pt too wide) has occurred while \output is active
[][][][] 
 []


Overfull \hbox (38.0594pt too wide) has occurred while \output is active
 [][][][][][][][][][][][][][][][][][][][][][][][][][][][][][][][][][][][][][][][][][][][][][][][][][][][][][][][][][][][][][][][][][][]  
 []

[15

]
Overfull \hbox (38.0594pt too wide) in paragraph at lines 431--431
 [][][][][][][][][][][][][][][][][][][][][][][][][][][][][][][][][][][][][][][][][][][][][][][][][][][][][][][][][][][][][][][][][][][]  
 []


Overfull \hbox (2.34814pt too wide) in paragraph at lines 431--431
[][][][]  
 []


Overfull \vbox (16.72853pt too high) detected at line 431
 []




Overfull \hbox (2.34814pt too wide) has occurred while \output is active
[][][][] 
 []


Overfull \hbox (38.0594pt too wide) has occurred while \output is active
 [][][][][][][][][][][][][][][][][][][][][][][][][][][][][][][][][][][][][][][][][][][][][][][][][][][][][][][][][][][][][][][][][][][]  
 []

[16

]
Overfull \hbox (38.0594pt too wide) in paragraph at lines 479--479
 [][][][][][][][][][][][][][][][][][][][][][][][][][][][][][][][][][][][][][][][][][][][][][][][][][][][][][][][][][][][][][][][][][][]  
 []


Overfull \hbox (2.34814pt too wide) in paragraph at lines 479--479
[][][][]  
 []




Overfull \hbox (2.34814pt too wide) has occurred while \output is active
[][][][] 
 []


Overfull \hbox (38.0594pt too wide) has occurred while \output is active
 [][][][][][][][][][][][][][][][][][][][][][][][][][][][][][][][][][][][][][][][][][][][][][][][][][][][][][][][][][][][][][][][][][][]  
 []

[17

]
Overfull \hbox (38.0594pt too wide) in paragraph at lines 484--484
 [][][][][][][][][][][][][][][][][][][][][][][][][][][][][][][][][][][][][][][][][][][][][][][][][][][][][][][][][][][][][][][][][][][]  
 []


Overfull \hbox (2.34814pt too wide) in paragraph at lines 484--484
[][][][]  
 []



[18

]
Overfull \hbox (38.0594pt too wide) in paragraph at lines 545--545
 [][][][][][][][][][][][][][][][][][][][][][][][][][][][][][][][][][][][][][][][][][][][][][][][][][][][][][][][][][][][][][][][][][][]  
 []


Overfull \hbox (2.34814pt too wide) in paragraph at lines 545--545
[][][][]  
 []

LaTeX Font Info:    Font shape `T1/cmtt/bx/n' in size <10> not available
(Font)              Font shape `T1/cmtt/m/n' tried instead on input line 545.



Overfull \hbox (2.34814pt too wide) has occurred while \output is active
[][][][] 
 []


Overfull \hbox (38.0594pt too wide) has occurred while \output is active
 [][][][][][][][][][][][][][][][][][][][][][][][][][][][][][][][][][][][][][][][][][][][][][][][][][][][][][][][][][][][][][][][][][][]  
 []

[19

]
Overfull \hbox (38.0594pt too wide) in paragraph at lines 558--558
 [][][][][][][][][][][][][][][][][][][][][][][][][][][][][][][][][][][][][][][][][][][][][][][][][][][][][][][][][][][][][][][][][][][]  
 []


Overfull \hbox (2.34814pt too wide) in paragraph at lines 558--558
[][][][]  
 []

<figuras/diagrama.png, id=1076, 2366.8425pt x 876.27374pt>
File: figuras/diagrama.png Graphic file (type png)
<use figuras/diagrama.png>
Package pdftex.def Info: figuras/diagrama.png  used on input line 558.
(pdftex.def)             Requested size: 407.34178pt x 150.80974pt.

Overfull \vbox (6.58029pt too high) detected at line 558
 []




Overfull \hbox (2.34814pt too wide) has occurred while \output is active
[][][][] 
 []


Overfull \hbox (38.0594pt too wide) has occurred while \output is active
 [][][][][][][][][][][][][][][][][][][][][][][][][][][][][][][][][][][][][][][][][][][][][][][][][][][][][][][][][][][][][][][][][][][]  
 []

[20

 <./figuras/diagrama.png>]
Overfull \hbox (38.0594pt too wide) in paragraph at lines 560--560
 [][][][][][][][][][][][][][][][][][][][][][][][][][][][][][][][][][][][][][][][][][][][][][][][][][][][][][][][][][][][][][][][][][][]  
 []


Overfull \hbox (2.34814pt too wide) in paragraph at lines 560--560
[][][][]  
 []

\openout4 = `presentacion.vrb'.


Overfull \hbox (38.0594pt too wide) in paragraph at lines 580--580
 [][][][][][][][][][][][][][][][][][][][][][][][][][][][][][][][][][][][][][][][][][][][][][][][][][][][][][][][][][][][][][][][][][][]  
 []


Overfull \hbox (2.34814pt too wide) in paragraph at lines 580--580
[][][][]  
 []

(presentacion.vrb)
Overfull \vbox (0.78113pt too high) detected at line 580
 []




Overfull \hbox (2.34814pt too wide) has occurred while \output is active
[][][][] 
 []


Overfull \hbox (38.0594pt too wide) has occurred while \output is active
 [][][][][][][][][][][][][][][][][][][][][][][][][][][][][][][][][][][][][][][][][][][][][][][][][][][][][][][][][][][][][][][][][][][]  
 []

[21

]
Overfull \hbox (38.0594pt too wide) in paragraph at lines 582--582
 [][][][][][][][][][][][][][][][][][][][][][][][][][][][][][][][][][][][][][][][][][][][][][][][][][][][][][][][][][][][][][][][][][][]  
 []


Overfull \hbox (2.34814pt too wide) in paragraph at lines 582--582
[][][][]  
 []

\openout4 = `presentacion.vrb'.


Overfull \hbox (38.0594pt too wide) in paragraph at lines 599--599
 [][][][][][][][][][][][][][][][][][][][][][][][][][][][][][][][][][][][][][][][][][][][][][][][][][][][][][][][][][][][][][][][][][][]  
 []


Overfull \hbox (2.34814pt too wide) in paragraph at lines 599--599
[][][][]  
 []

(presentacion.vrb)


Overfull \hbox (2.34814pt too wide) has occurred while \output is active
[][][][] 
 []


Overfull \hbox (38.0594pt too wide) has occurred while \output is active
 [][][][][][][][][][][][][][][][][][][][][][][][][][][][][][][][][][][][][][][][][][][][][][][][][][][][][][][][][][][][][][][][][][][]  
 []

[22

]
Overfull \hbox (38.0594pt too wide) in paragraph at lines 646--646
 [][][][][][][][][][][][][][][][][][][][][][][][][][][][][][][][][][][][][][][][][][][][][][][][][][][][][][][][][][][][][][][][][][][]  
 []


Overfull \hbox (2.34814pt too wide) in paragraph at lines 646--646
[][][][]  
 []




Overfull \hbox (2.34814pt too wide) has occurred while \output is active
[][][][] 
 []


Overfull \hbox (38.0594pt too wide) has occurred while \output is active
 [][][][][][][][][][][][][][][][][][][][][][][][][][][][][][][][][][][][][][][][][][][][][][][][][][][][][][][][][][][][][][][][][][][]  
 []

[23

]
Overfull \hbox (38.0594pt too wide) in paragraph at lines 651--651
 [][][][][][][][][][][][][][][][][][][][][][][][][][][][][][][][][][][][][][][][][][][][][][][][][][][][][][][][][][][][][][][][][][][]  
 []


Overfull \hbox (2.34814pt too wide) in paragraph at lines 651--651
[][][][]  
 []



[24

]
Overfull \hbox (38.0594pt too wide) in paragraph at lines 678--678
 [][][][][][][][][][][][][][][][][][][][][][][][][][][][][][][][][][][][][][][][][][][][][][][][][][][][][][][][][][][][][][][][][][][]  
 []


Overfull \hbox (2.34814pt too wide) in paragraph at lines 678--678
[][][][]  
 []




Overfull \hbox (2.34814pt too wide) has occurred while \output is active
[][][][] 
 []


Overfull \hbox (38.0594pt too wide) has occurred while \output is active
 [][][][][][][][][][][][][][][][][][][][][][][][][][][][][][][][][][][][][][][][][][][][][][][][][][][][][][][][][][][][][][][][][][][]  
 []

[25

]
Overfull \hbox (38.0594pt too wide) in paragraph at lines 708--708
 [][][][][][][][][][][][][][][][][][][][][][][][][][][][][][][][][][][][][][][][][][][][][][][][][][][][][][][][][][][][][][][][][][][]  
 []


Overfull \hbox (2.34814pt too wide) in paragraph at lines 708--708
[][][][]  
 []




Overfull \hbox (2.34814pt too wide) has occurred while \output is active
[][][][] 
 []


Overfull \hbox (38.0594pt too wide) has occurred while \output is active
 [][][][][][][][][][][][][][][][][][][][][][][][][][][][][][][][][][][][][][][][][][][][][][][][][][][][][][][][][][][][][][][][][][][]  
 []

[26

]
Overfull \hbox (38.0594pt too wide) in paragraph at lines 735--735
 [][][][][][][][][][][][][][][][][][][][][][][][][][][][][][][][][][][][][][][][][][][][][][][][][][][][][][][][][][][][][][][][][][][]  
 []


Overfull \hbox (2.34814pt too wide) in paragraph at lines 735--735
[][][][]  
 []

<figuras/exp1000_dqn_grafico_reward.png, id=1447, 722.7pt x 433.62pt>
File: figuras/exp1000_dqn_grafico_reward.png Graphic file (type png)
<use figuras/exp1000_dqn_grafico_reward.png>
Package pdftex.def Info: figuras/exp1000_dqn_grafico_reward.png  used on input line 735.
(pdftex.def)             Requested size: 135.84776pt x 81.50865pt.
<figuras/exp1000_double_dqn_grafico_reward.png, id=1449, 722.7pt x 433.62pt>
File: figuras/exp1000_double_dqn_grafico_reward.png Graphic file (type png)
<use figuras/exp1000_double_dqn_grafico_reward.png>
Package pdftex.def Info: figuras/exp1000_double_dqn_grafico_reward.png  used on input line 735.
(pdftex.def)             Requested size: 135.84776pt x 81.50865pt.
<figuras/exp1000_dueling_double_dqn_grafico_reward.png, id=1450, 722.7pt x 433.62pt>
File: figuras/exp1000_dueling_double_dqn_grafico_reward.png Graphic file (type png)
<use figuras/exp1000_dueling_double_dqn_grafico_reward.png>
Package pdftex.def Info: figuras/exp1000_dueling_double_dqn_grafico_reward.png  used on input line 735.
(pdftex.def)             Requested size: 135.84776pt x 81.50865pt.



Overfull \hbox (2.34814pt too wide) has occurred while \output is active
[][][][] 
 []


Overfull \hbox (38.0594pt too wide) has occurred while \output is active
 [][][][][][][][][][][][][][][][][][][][][][][][][][][][][][][][][][][][][][][][][][][][][][][][][][][][][][][][][][][][][][][][][][][]  
 []

[27

 <./figuras/exp1000_dqn_grafico_reward.png> <./figuras/exp1000_double_dqn_grafico_reward.png> <./figuras/exp1000_dueling_double_dqn_grafico_reward.png>]
Overfull \hbox (38.0594pt too wide) in paragraph at lines 762--762
 [][][][][][][][][][][][][][][][][][][][][][][][][][][][][][][][][][][][][][][][][][][][][][][][][][][][][][][][][][][][][][][][][][][]  
 []


Overfull \hbox (2.34814pt too wide) in paragraph at lines 762--762
[][][][]  
 []

<figuras/exp1000_dqn_grafico_loss.png, id=1503, 722.7pt x 433.62pt>
File: figuras/exp1000_dqn_grafico_loss.png Graphic file (type png)
<use figuras/exp1000_dqn_grafico_loss.png>
Package pdftex.def Info: figuras/exp1000_dqn_grafico_loss.png  used on input line 762.
(pdftex.def)             Requested size: 135.84776pt x 81.50865pt.
<figuras/exp1000_double_dqn_grafico_loss.png, id=1504, 722.7pt x 433.62pt>
File: figuras/exp1000_double_dqn_grafico_loss.png Graphic file (type png)
<use figuras/exp1000_double_dqn_grafico_loss.png>
Package pdftex.def Info: figuras/exp1000_double_dqn_grafico_loss.png  used on input line 762.
(pdftex.def)             Requested size: 135.84776pt x 81.50865pt.
<figuras/exp1000_dueling_double_dqn_grafico_loss.png, id=1505, 722.7pt x 433.62pt>
File: figuras/exp1000_dueling_double_dqn_grafico_loss.png Graphic file (type png)
<use figuras/exp1000_dueling_double_dqn_grafico_loss.png>
Package pdftex.def Info: figuras/exp1000_dueling_double_dqn_grafico_loss.png  used on input line 762.
(pdftex.def)             Requested size: 135.84776pt x 81.50865pt.



Overfull \hbox (2.34814pt too wide) has occurred while \output is active
[][][][] 
 []


Overfull \hbox (38.0594pt too wide) has occurred while \output is active
 [][][][][][][][][][][][][][][][][][][][][][][][][][][][][][][][][][][][][][][][][][][][][][][][][][][][][][][][][][][][][][][][][][][]  
 []

[28

 <./figuras/exp1000_dqn_grafico_loss.png> <./figuras/exp1000_double_dqn_grafico_loss.png> <./figuras/exp1000_dueling_double_dqn_grafico_loss.png>]
Overfull \hbox (38.0594pt too wide) in paragraph at lines 789--789
 [][][][][][][][][][][][][][][][][][][][][][][][][][][][][][][][][][][][][][][][][][][][][][][][][][][][][][][][][][][][][][][][][][][]  
 []


Overfull \hbox (2.34814pt too wide) in paragraph at lines 789--789
[][][][]  
 []

<figuras/exp1000_dqn_grafico_epsilon.png, id=1558, 722.7pt x 433.62pt>
File: figuras/exp1000_dqn_grafico_epsilon.png Graphic file (type png)
<use figuras/exp1000_dqn_grafico_epsilon.png>
Package pdftex.def Info: figuras/exp1000_dqn_grafico_epsilon.png  used on input line 789.
(pdftex.def)             Requested size: 135.84776pt x 81.50865pt.
<figuras/exp1000_double_dqn_grafico_epsilon.png, id=1559, 722.7pt x 433.62pt>
File: figuras/exp1000_double_dqn_grafico_epsilon.png Graphic file (type png)
<use figuras/exp1000_double_dqn_grafico_epsilon.png>
Package pdftex.def Info: figuras/exp1000_double_dqn_grafico_epsilon.png  used on input line 789.
(pdftex.def)             Requested size: 135.84776pt x 81.50865pt.
<figuras/exp1000_dueling_double_dqn_grafico_epsilon.png, id=1560, 722.7pt x 433.62pt>
File: figuras/exp1000_dueling_double_dqn_grafico_epsilon.png Graphic file (type png)
<use figuras/exp1000_dueling_double_dqn_grafico_epsilon.png>
Package pdftex.def Info: figuras/exp1000_dueling_double_dqn_grafico_epsilon.png  used on input line 789.
(pdftex.def)             Requested size: 135.84776pt x 81.50865pt.



Overfull \hbox (2.34814pt too wide) has occurred while \output is active
[][][][] 
 []


Overfull \hbox (38.0594pt too wide) has occurred while \output is active
 [][][][][][][][][][][][][][][][][][][][][][][][][][][][][][][][][][][][][][][][][][][][][][][][][][][][][][][][][][][][][][][][][][][]  
 []

[29

 <./figuras/exp1000_dqn_grafico_epsilon.png> <./figuras/exp1000_double_dqn_grafico_epsilon.png> <./figuras/exp1000_dueling_double_dqn_grafico_epsilon.png>]
Overfull \hbox (38.0594pt too wide) in paragraph at lines 816--816
 [][][][][][][][][][][][][][][][][][][][][][][][][][][][][][][][][][][][][][][][][][][][][][][][][][][][][][][][][][][][][][][][][][][]  
 []


Overfull \hbox (2.34814pt too wide) in paragraph at lines 816--816
[][][][]  
 []

<figuras/exp1000_dqn_grafico_buffer.png, id=1613, 722.7pt x 433.62pt>
File: figuras/exp1000_dqn_grafico_buffer.png Graphic file (type png)
<use figuras/exp1000_dqn_grafico_buffer.png>
Package pdftex.def Info: figuras/exp1000_dqn_grafico_buffer.png  used on input line 816.
(pdftex.def)             Requested size: 135.84776pt x 81.50865pt.
<figuras/exp1000_double_dqn_grafico_buffer.png, id=1614, 722.7pt x 433.62pt>
File: figuras/exp1000_double_dqn_grafico_buffer.png Graphic file (type png)
<use figuras/exp1000_double_dqn_grafico_buffer.png>
Package pdftex.def Info: figuras/exp1000_double_dqn_grafico_buffer.png  used on input line 816.
(pdftex.def)             Requested size: 135.84776pt x 81.50865pt.
<figuras/exp1000_dueling_double_dqn_grafico_buffer.png, id=1615, 722.7pt x 433.62pt>
File: figuras/exp1000_dueling_double_dqn_grafico_buffer.png Graphic file (type png)
<use figuras/exp1000_dueling_double_dqn_grafico_buffer.png>
Package pdftex.def Info: figuras/exp1000_dueling_double_dqn_grafico_buffer.png  used on input line 816.
(pdftex.def)             Requested size: 135.84776pt x 81.50865pt.



Overfull \hbox (2.34814pt too wide) has occurred while \output is active
[][][][] 
 []


Overfull \hbox (38.0594pt too wide) has occurred while \output is active
 [][][][][][][][][][][][][][][][][][][][][][][][][][][][][][][][][][][][][][][][][][][][][][][][][][][][][][][][][][][][][][][][][][][]  
 []

[30

 <./figuras/exp1000_dqn_grafico_buffer.png> <./figuras/exp1000_double_dqn_grafico_buffer.png> <./figuras/exp1000_dueling_double_dqn_grafico_buffer.png>]
Overfull \hbox (38.0594pt too wide) in paragraph at lines 843--843
 [][][][][][][][][][][][][][][][][][][][][][][][][][][][][][][][][][][][][][][][][][][][][][][][][][][][][][][][][][][][][][][][][][][]  
 []


Overfull \hbox (2.34814pt too wide) in paragraph at lines 843--843
[][][][]  
 []

<figuras/eval1000_dqn_grafico_rewards.png, id=1668, 722.7pt x 433.62pt>
File: figuras/eval1000_dqn_grafico_rewards.png Graphic file (type png)
<use figuras/eval1000_dqn_grafico_rewards.png>
Package pdftex.def Info: figuras/eval1000_dqn_grafico_rewards.png  used on input line 843.
(pdftex.def)             Requested size: 135.84776pt x 81.50865pt.
<figuras/eval1000_double_dqn_grafico_rewards.png, id=1669, 722.7pt x 433.62pt>
File: figuras/eval1000_double_dqn_grafico_rewards.png Graphic file (type png)
<use figuras/eval1000_double_dqn_grafico_rewards.png>
Package pdftex.def Info: figuras/eval1000_double_dqn_grafico_rewards.png  used on input line 843.
(pdftex.def)             Requested size: 135.84776pt x 81.50865pt.
<figuras/eval1000_dueling_double_dqn_grafico_rewards.png, id=1670, 722.7pt x 433.62pt>
File: figuras/eval1000_dueling_double_dqn_grafico_rewards.png Graphic file (type png)
<use figuras/eval1000_dueling_double_dqn_grafico_rewards.png>
Package pdftex.def Info: figuras/eval1000_dueling_double_dqn_grafico_rewards.png  used on input line 843.
(pdftex.def)             Requested size: 135.84776pt x 81.50865pt.



Overfull \hbox (2.34814pt too wide) has occurred while \output is active
[][][][] 
 []


Overfull \hbox (38.0594pt too wide) has occurred while \output is active
 [][][][][][][][][][][][][][][][][][][][][][][][][][][][][][][][][][][][][][][][][][][][][][][][][][][][][][][][][][][][][][][][][][][]  
 []

[31

 <./figuras/eval1000_dqn_grafico_rewards.png> <./figuras/eval1000_double_dqn_grafico_rewards.png> <./figuras/eval1000_dueling_double_dqn_grafico_rewards.png>]
Overfull \hbox (38.0594pt too wide) in paragraph at lines 870--870
 [][][][][][][][][][][][][][][][][][][][][][][][][][][][][][][][][][][][][][][][][][][][][][][][][][][][][][][][][][][][][][][][][][][]  
 []


Overfull \hbox (2.34814pt too wide) in paragraph at lines 870--870
[][][][]  
 []

<figuras/eval200_dqn_grafico_rewards.png, id=1723, 722.7pt x 433.62pt>
File: figuras/eval200_dqn_grafico_rewards.png Graphic file (type png)
<use figuras/eval200_dqn_grafico_rewards.png>
Package pdftex.def Info: figuras/eval200_dqn_grafico_rewards.png  used on input line 870.
(pdftex.def)             Requested size: 135.84776pt x 81.50865pt.
<figuras/eval200_double_dqn_grafico_rewards.png, id=1724, 722.7pt x 433.62pt>
File: figuras/eval200_double_dqn_grafico_rewards.png Graphic file (type png)
<use figuras/eval200_double_dqn_grafico_rewards.png>
Package pdftex.def Info: figuras/eval200_double_dqn_grafico_rewards.png  used on input line 870.
(pdftex.def)             Requested size: 135.84776pt x 81.50865pt.
<figuras/eval200_dueling_double_dqn_grafico_rewards.png, id=1725, 722.7pt x 433.62pt>
File: figuras/eval200_dueling_double_dqn_grafico_rewards.png Graphic file (type png)
<use figuras/eval200_dueling_double_dqn_grafico_rewards.png>
Package pdftex.def Info: figuras/eval200_dueling_double_dqn_grafico_rewards.png  used on input line 870.
(pdftex.def)             Requested size: 135.84776pt x 81.50865pt.



Overfull \hbox (2.34814pt too wide) has occurred while \output is active
[][][][] 
 []


Overfull \hbox (38.0594pt too wide) has occurred while \output is active
 [][][][][][][][][][][][][][][][][][][][][][][][][][][][][][][][][][][][][][][][][][][][][][][][][][][][][][][][][][][][][][][][][][][]  
 []

[32

 <./figuras/eval200_dqn_grafico_rewards.png> <./figuras/eval200_double_dqn_grafico_rewards.png> <./figuras/eval200_dueling_double_dqn_grafico_rewards.png>]
Overfull \hbox (38.0594pt too wide) in paragraph at lines 875--875
 [][][][][][][][][][][][][][][][][][][][][][][][][][][][][][][][][][][][][][][][][][][][][][][][][][][][][][][][][][][][][][][][][][][]  
 []


Overfull \hbox (2.34814pt too wide) in paragraph at lines 875--875
[][][][]  
 []



[33

]
Overfull \hbox (38.0594pt too wide) in paragraph at lines 913--913
 [][][][][][][][][][][][][][][][][][][][][][][][][][][][][][][][][][][][][][][][][][][][][][][][][][][][][][][][][][][][][][][][][][][]  
 []


Overfull \hbox (2.34814pt too wide) in paragraph at lines 913--913
[][][][]  
 []




Overfull \hbox (2.34814pt too wide) has occurred while \output is active
[][][][] 
 []


Overfull \hbox (38.0594pt too wide) has occurred while \output is active
 [][][][][][][][][][][][][][][][][][][][][][][][][][][][][][][][][][][][][][][][][][][][][][][][][][][][][][][][][][][][][][][][][][][]  
 []

[34

]
Overfull \hbox (38.0594pt too wide) in paragraph at lines 955--955
 [][][][][][][][][][][][][][][][][][][][][][][][][][][][][][][][][][][][][][][][][][][][][][][][][][][][][][][][][][][][][][][][][][][]  
 []


Overfull \hbox (2.34814pt too wide) in paragraph at lines 955--955
[][][][]  
 []




Overfull \hbox (2.34814pt too wide) has occurred while \output is active
[][][][] 
 []


Overfull \hbox (38.0594pt too wide) has occurred while \output is active
 [][][][][][][][][][][][][][][][][][][][][][][][][][][][][][][][][][][][][][][][][][][][][][][][][][][][][][][][][][][][][][][][][][][]  
 []

[35

]
Overfull \hbox (38.0594pt too wide) in paragraph at lines 989--989
 [][][][][][][][][][][][][][][][][][][][][][][][][][][][][][][][][][][][][][][][][][][][][][][][][][][][][][][][][][][][][][][][][][][]  
 []


Overfull \hbox (2.34814pt too wide) in paragraph at lines 989--989
[][][][]  
 []




Overfull \hbox (2.34814pt too wide) has occurred while \output is active
[][][][] 
 []


Overfull \hbox (38.0594pt too wide) has occurred while \output is active
 [][][][][][][][][][][][][][][][][][][][][][][][][][][][][][][][][][][][][][][][][][][][][][][][][][][][][][][][][][][][][][][][][][][]  
 []

[36

]
Overfull \hbox (38.0594pt too wide) in paragraph at lines 994--994
 [][][][][][][][][][][][][][][][][][][][][][][][][][][][][][][][][][][][][][][][][][][][][][][][][][][][][][][][][][][][][][][][][][][]  
 []


Overfull \hbox (2.34814pt too wide) in paragraph at lines 994--994
[][][][]  
 []



[37

]
Overfull \hbox (38.0594pt too wide) in paragraph at lines 1025--1025
 [][][][][][][][][][][][][][][][][][][][][][][][][][][][][][][][][][][][][][][][][][][][][][][][][][][][][][][][][][][][][][][][][][][]  
 []


Overfull \hbox (2.34814pt too wide) in paragraph at lines 1025--1025
[][][][]  
 []




Overfull \hbox (2.34814pt too wide) has occurred while \output is active
[][][][] 
 []


Overfull \hbox (38.0594pt too wide) has occurred while \output is active
 [][][][][][][][][][][][][][][][][][][][][][][][][][][][][][][][][][][][][][][][][][][][][][][][][][][][][][][][][][][][][][][][][][][]  
 []

[38

]
Overfull \hbox (38.0594pt too wide) in paragraph at lines 1053--1053
 [][][][][][][][][][][][][][][][][][][][][][][][][][][][][][][][][][][][][][][][][][][][][][][][][][][][][][][][][][][][][][][][][][][]  
 []


Overfull \hbox (2.34814pt too wide) in paragraph at lines 1053--1053
[][][][]  
 []




Overfull \hbox (2.34814pt too wide) has occurred while \output is active
[][][][] 
 []


Overfull \hbox (38.0594pt too wide) has occurred while \output is active
 [][][][][][][][][][][][][][][][][][][][][][][][][][][][][][][][][][][][][][][][][][][][][][][][][][][][][][][][][][][][][][][][][][][]  
 []

[39

]
Overfull \hbox (38.0594pt too wide) in paragraph at lines 1080--1080
 [][][][][][][][][][][][][][][][][][][][][][][][][][][][][][][][][][][][][][][][][][][][][][][][][][][][][][][][][][][][][][][][][][][]  
 []


Overfull \hbox (2.34814pt too wide) in paragraph at lines 1080--1080
[][][][]  
 []




Overfull \hbox (2.34814pt too wide) has occurred while \output is active
[][][][] 
 []


Overfull \hbox (38.0594pt too wide) has occurred while \output is active
 [][][][][][][][][][][][][][][][][][][][][][][][][][][][][][][][][][][][][][][][][][][][][][][][][][][][][][][][][][][][][][][][][][][]  
 []

[40

]
Overfull \hbox (38.0594pt too wide) in paragraph at lines 1105--1105
 [][][][][][][][][][][][][][][][][][][][][][][][][][][][][][][][][][][][][][][][][][][][][][][][][][][][][][][][][][][][][][][][][][][]  
 []


Overfull \hbox (2.34814pt too wide) in paragraph at lines 1105--1105
[][][][]  
 []



[41

]
\tf@nav=\write7
\openout7 = `presentacion.nav'.

\tf@toc=\write8
\openout8 = `presentacion.toc'.

\tf@snm=\write9
\openout9 = `presentacion.snm'.

 (presentacion.aux
LaTeX Info: Redefining \. on input line 11.
LaTeX Info: Redefining \% on input line 11.
)
 ***********
LaTeX2e <2025-06-01> patch level 1
L3 programming layer <2025-09-02>
 ***********
Package rerunfilecheck Info: File `presentacion.out' has not changed.
(rerunfilecheck)             Checksum: BAB2B15A417B24ED35ADC99D77172611;977.
 ) 
Here is how much of TeX's memory you used:
 26511 strings out of 468081
 489759 string characters out of 5442620
 1115791 words of memory out of 5000000
 54543 multiletter control sequences out of 15000+600000
 651706 words of font info for 101 fonts, out of 8000000 for 9000
 1141 hyphenation exceptions out of 8191
 128i,16n,123p,461b,1340s stack positions out of 10000i,1000n,20000p,200000b,200000s
 <C:\Users\QU1267\AppData\Local\MiKTeX\fonts/pk/ljfour/jknappen/ec/dpi600\ecss0900.pk> <C:\Users\QU1267\AppData\Local\MiKTeX\fonts/pk/ljfour/jknappen/ec/dpi600\ecsx0900.pk> <C:\Users\QU1267\AppData\Local\MiKTeX\fonts/pk/ljfour/jknappen/ec/dpi600\ectt1000.pk> <C:\Users\QU1267\AppData\Local\MiKTeX\fonts/pk/ljfour/jknappen/ec/dpi600\ectt1095.pk> <C:\Users\QU1267\AppData\Local\MiKTeX\fonts/pk/ljfour/jknappen/ec/dpi600\ectt0900.pk> <C:\Users\QU1267\AppData\Local\MiKTeX\fonts/pk/ljfour/jknappen/ec/dpi600\tcss1000.pk> <C:\Users\QU1267\AppData\Local\MiKTeX\fonts/pk/ljfour/jknappen/ec/dpi600\ecsx1000.pk> <C:\Users\QU1267\AppData\Local\MiKTeX\fonts/pk/ljfour/jknappen/ec/dpi600\ecsi1000.pk> <C:\Users\QU1267\AppData\Local\MiKTeX\fonts/pk/ljfour/jknappen/ec/dpi600\ecss1000.pk> <C:\Users\QU1267\AppData\Local\MiKTeX\fonts/pk/ljfour/jknappen/ec/dpi600\ecsx1440.pk> <C:\Users\QU1267\AppData\Local\MiKTeX\fonts/pk/ljfour/jknappen/ec/dpi600\ecss0800.pk> <C:\Users\QU1267\AppData\Local\MiKTeX\fonts/pk/ljfour/jknappen/ec/dpi600\ecss1095.pk> <C:\Users\QU1267\AppData\Local\MiKTeX\fonts/pk/ljfour/jknappen/ec/dpi600\ecsx1095.pk> <C:\Users\QU1267\AppData\Local\MiKTeX\fonts/pk/ljfour/jknappen/ec/dpi600\ecss1440.pk> <C:\Users\QU1267\AppData\Local\MiKTeX\fonts/pk/ljfour/jknappen/ec/dpi600\ecss0600.pk><C:/MiKTeX/fonts/type1/public/amsfonts/cm/cmex10.pfb><C:/MiKTeX/fonts/type1/public/amsfonts/cm/cmmi10.pfb><C:/MiKTeX/fonts/type1/public/amsfonts/cm/cmmi7.pfb><C:/MiKTeX/fonts/type1/public/amsfonts/cm/cmmi8.pfb><C:/MiKTeX/fonts/type1/public/amsfonts/cm/cmss10.pfb><C:/MiKTeX/fonts/type1/public/amsfonts/cm/cmss8.pfb><C:/MiKTeX/fonts/type1/public/amsfonts/cm/cmssi10.pfb><C:/MiKTeX/fonts/type1/public/amsfonts/cm/cmssi8.pfb><C:/MiKTeX/fonts/type1/public/amsfonts/cm/cmssi9.pfb><C:/MiKTeX/fonts/type1/public/amsfonts/cm/cmsy10.pfb><C:/MiKTeX/fonts/type1/public/amsfonts/cm/cmsy5.pfb><C:/MiKTeX/fonts/type1/public/amsfonts/cm/cmsy6.pfb><C:/MiKTeX/fonts/type1/public/amsfonts/cm/cmsy8.pfb><C:/MiKTeX/fonts/type1/public/amsfonts/symbols/msam10.pfb><C:/MiKTeX/fonts/type1/public/amsfonts/symbols/msbm10.pfb>
Output written on presentacion.pdf (41 pages, 1601375 bytes).
PDF statistics:
 2874 PDF objects out of 2984 (max. 8388607)
 90 named destinations out of 1000 (max. 500000)
 253 words of extra memory for PDF output out of 10000 (max. 10000000)

