[2025-12-12 19:29:38,521] [INFO] Logging iniciado — Archivo: logs/experimento_1000ep_20251212_192938.log
[2025-12-12 19:29:38,521] [INFO] === Iniciando entrenamiento de CarRacing-v3 (DQN) ===
[2025-12-12 19:29:38,521] [INFO] Hiperparámetros iniciales | gamma=0.99 | lr=0.0001 | batch_size=64 | epsilon=1.0
[2025-12-12 19:29:38,521] [INFO] Guardando métricas en: resultados/experimento_1000ep/metricas_entrenamiento.csv
[2025-12-12 19:29:38,521] [INFO] [ENTORNO] Creando CarRacing-v3 con render_mode='rgb_array'
[2025-12-12 19:29:39,356] [INFO] Hiperparámetros → gamma=0.99 | lr=0.0001 | batch=64
[2025-12-12 19:29:45,934] [INFO] EP 1/1000 | Reward=-0.27 | ε=0.748
[2025-12-12 19:29:53,168] [INFO] EP 2/1000 | Reward=-0.28 | ε=0.516
[2025-12-12 19:30:02,620] [INFO] EP 3/1000 | Reward=-0.22 | ε=0.319
[2025-12-12 19:30:14,416] [INFO] EP 4/1000 | Reward=-0.16 | ε=0.172
[2025-12-12 19:30:23,277] [INFO] EP 5/1000 | Reward=-0.21 | ε=0.111
[2025-12-12 19:30:27,192] [INFO] EP 6/1000 | Reward=-0.05 | ε=0.093
[2025-12-12 19:30:43,652] [INFO] EP 7/1000 | Reward=42.44 | ε=0.050
[2025-12-12 19:31:11,529] [INFO] EP 8/1000 | Reward=48.01 | ε=0.050
[2025-12-12 19:31:27,446] [INFO] EP 9/1000 | Reward=32.94 | ε=0.050
[2025-12-12 19:31:39,237] [INFO] EP 10/1000 | Reward=-0.24 | ε=0.050
[2025-12-12 19:31:48,465] [INFO] EP 11/1000 | Reward=-0.20 | ε=0.050
[2025-12-12 19:32:00,032] [INFO] EP 12/1000 | Reward=41.07 | ε=0.050
[2025-12-12 19:32:12,077] [INFO] EP 13/1000 | Reward=7.52 | ε=0.050
[2025-12-12 19:32:31,406] [INFO] EP 14/1000 | Reward=15.89 | ε=0.050
[2025-12-12 19:32:43,022] [INFO] EP 15/1000 | Reward=-0.09 | ε=0.050
[2025-12-12 19:32:59,408] [INFO] EP 16/1000 | Reward=35.46 | ε=0.050
[2025-12-12 19:33:07,766] [INFO] EP 17/1000 | Reward=-0.08 | ε=0.050
[2025-12-12 19:33:14,541] [INFO] EP 18/1000 | Reward=-0.09 | ε=0.050
[2025-12-12 19:33:20,437] [INFO] EP 19/1000 | Reward=-0.06 | ε=0.050
[2025-12-12 19:33:34,019] [INFO] EP 20/1000 | Reward=68.21 | ε=0.050
[2025-12-12 19:33:45,720] [INFO] EP 21/1000 | Reward=6.66 | ε=0.050
[2025-12-12 19:33:57,402] [INFO] EP 22/1000 | Reward=29.59 | ε=0.050
[2025-12-12 19:34:07,053] [INFO] EP 23/1000 | Reward=-0.06 | ε=0.050
[2025-12-12 19:34:19,138] [INFO] EP 24/1000 | Reward=20.80 | ε=0.050
[2025-12-12 19:34:26,998] [INFO] EP 25/1000 | Reward=-0.21 | ε=0.050
[2025-12-12 19:34:27,016] [INFO] Modelo guardado: resultados/experimento_1000ep/modelos/modelo_ep_25.pth
[2025-12-12 19:34:38,737] [INFO] EP 26/1000 | Reward=3.46 | ε=0.050
[2025-12-12 19:34:49,347] [INFO] EP 27/1000 | Reward=-0.04 | ε=0.050
[2025-12-12 19:35:00,315] [INFO] EP 28/1000 | Reward=-0.13 | ε=0.050
[2025-12-12 19:35:12,771] [INFO] EP 29/1000 | Reward=59.64 | ε=0.050
[2025-12-12 19:35:44,388] [INFO] EP 30/1000 | Reward=71.88 | ε=0.050
[2025-12-12 19:35:52,799] [INFO] EP 31/1000 | Reward=-0.21 | ε=0.050
[2025-12-12 19:36:10,664] [INFO] EP 32/1000 | Reward=18.67 | ε=0.050
[2025-12-12 19:36:22,229] [INFO] EP 33/1000 | Reward=0.56 | ε=0.050
[2025-12-12 19:36:33,957] [INFO] EP 34/1000 | Reward=4.02 | ε=0.050
[2025-12-12 19:36:50,306] [INFO] EP 35/1000 | Reward=82.42 | ε=0.050
[2025-12-12 19:36:59,671] [INFO] EP 36/1000 | Reward=-0.10 | ε=0.050
[2025-12-12 19:37:10,344] [INFO] EP 37/1000 | Reward=-0.15 | ε=0.050
[2025-12-12 19:37:21,932] [INFO] EP 38/1000 | Reward=0.04 | ε=0.050
[2025-12-12 19:37:33,552] [INFO] EP 39/1000 | Reward=5.26 | ε=0.050
[2025-12-12 19:37:42,949] [INFO] EP 40/1000 | Reward=-0.20 | ε=0.050
[2025-12-12 19:37:51,457] [INFO] EP 41/1000 | Reward=-0.12 | ε=0.050
[2025-12-12 19:38:03,676] [INFO] EP 42/1000 | Reward=10.48 | ε=0.050
[2025-12-12 19:38:07,543] [INFO] EP 43/1000 | Reward=-0.06 | ε=0.050
[2025-12-12 19:38:18,817] [INFO] EP 44/1000 | Reward=-0.06 | ε=0.050
[2025-12-12 19:38:28,097] [INFO] EP 45/1000 | Reward=-0.11 | ε=0.050
[2025-12-12 19:38:39,877] [INFO] EP 46/1000 | Reward=1.71 | ε=0.050
[2025-12-12 19:38:46,089] [INFO] EP 47/1000 | Reward=-0.21 | ε=0.050
[2025-12-12 19:38:53,752] [INFO] EP 48/1000 | Reward=-0.14 | ε=0.050
[2025-12-12 19:39:00,054] [INFO] EP 49/1000 | Reward=-0.09 | ε=0.050
[2025-12-12 19:39:12,054] [INFO] EP 50/1000 | Reward=30.99 | ε=0.050
[2025-12-12 19:39:12,059] [INFO] Modelo guardado: resultados/experimento_1000ep/modelos/modelo_ep_50.pth
[2025-12-12 19:39:18,975] [INFO] EP 51/1000 | Reward=-0.08 | ε=0.050
[2025-12-12 19:39:25,774] [INFO] EP 52/1000 | Reward=-0.02 | ε=0.050
[2025-12-12 19:39:33,222] [INFO] EP 53/1000 | Reward=-0.03 | ε=0.050
[2025-12-12 19:39:45,015] [INFO] EP 54/1000 | Reward=9.09 | ε=0.050
[2025-12-12 19:39:57,050] [INFO] EP 55/1000 | Reward=1.23 | ε=0.050
[2025-12-12 19:40:05,611] [INFO] EP 56/1000 | Reward=-0.15 | ε=0.050
[2025-12-12 19:40:17,153] [INFO] EP 57/1000 | Reward=-0.09 | ε=0.050
[2025-12-12 19:40:22,658] [INFO] EP 58/1000 | Reward=-0.30 | ε=0.050
[2025-12-12 19:40:30,193] [INFO] EP 59/1000 | Reward=-0.17 | ε=0.050
[2025-12-12 19:40:37,307] [INFO] EP 60/1000 | Reward=-0.06 | ε=0.050
[2025-12-12 19:40:43,092] [INFO] EP 61/1000 | Reward=-0.28 | ε=0.050
[2025-12-12 19:40:51,372] [INFO] EP 62/1000 | Reward=-0.08 | ε=0.050
[2025-12-12 19:41:02,782] [INFO] EP 63/1000 | Reward=-0.20 | ε=0.050
[2025-12-12 19:41:09,689] [INFO] EP 64/1000 | Reward=-0.24 | ε=0.050
[2025-12-12 19:41:16,311] [INFO] EP 65/1000 | Reward=-0.08 | ε=0.050
[2025-12-12 19:41:28,240] [INFO] EP 66/1000 | Reward=6.12 | ε=0.050
[2025-12-12 19:41:40,431] [INFO] EP 67/1000 | Reward=22.90 | ε=0.050
[2025-12-12 19:41:52,342] [INFO] EP 68/1000 | Reward=19.24 | ε=0.050
[2025-12-12 19:42:04,204] [INFO] EP 69/1000 | Reward=6.30 | ε=0.050
[2025-12-12 19:42:15,416] [INFO] EP 70/1000 | Reward=-0.27 | ε=0.050
[2025-12-12 19:42:27,183] [INFO] EP 71/1000 | Reward=49.60 | ε=0.050
[2025-12-12 19:42:39,007] [INFO] EP 72/1000 | Reward=48.12 | ε=0.050
[2025-12-12 19:42:50,850] [INFO] EP 73/1000 | Reward=8.55 | ε=0.050
[2025-12-12 19:43:05,452] [INFO] EP 74/1000 | Reward=224.20 | ε=0.050
[2025-12-12 19:43:13,880] [INFO] EP 75/1000 | Reward=-0.08 | ε=0.050
[2025-12-12 19:43:13,886] [INFO] Modelo guardado: resultados/experimento_1000ep/modelos/modelo_ep_75.pth
[2025-12-12 19:43:25,727] [INFO] EP 76/1000 | Reward=61.44 | ε=0.050
[2025-12-12 19:43:37,522] [INFO] EP 77/1000 | Reward=48.92 | ε=0.050
[2025-12-12 19:43:52,280] [INFO] EP 78/1000 | Reward=240.77 | ε=0.050
[2025-12-12 19:44:13,574] [INFO] EP 79/1000 | Reward=411.71 | ε=0.050
[2025-12-12 19:44:28,579] [INFO] EP 80/1000 | Reward=295.88 | ε=0.050
[2025-12-12 19:44:40,492] [INFO] EP 81/1000 | Reward=9.26 | ε=0.050
[2025-12-12 19:44:52,345] [INFO] EP 82/1000 | Reward=155.68 | ε=0.050
[2025-12-12 19:45:04,222] [INFO] EP 83/1000 | Reward=240.28 | ε=0.050
[2025-12-12 19:45:18,459] [INFO] EP 84/1000 | Reward=313.66 | ε=0.050
[2025-12-12 19:45:30,312] [INFO] EP 85/1000 | Reward=243.98 | ε=0.050
[2025-12-12 19:45:36,817] [INFO] EP 86/1000 | Reward=31.65 | ε=0.050
[2025-12-12 19:45:48,568] [INFO] EP 87/1000 | Reward=98.42 | ε=0.050
[2025-12-12 19:46:05,451] [INFO] EP 88/1000 | Reward=429.17 | ε=0.050
[2025-12-12 19:46:17,403] [INFO] EP 89/1000 | Reward=17.62 | ε=0.050
[2025-12-12 19:46:30,587] [INFO] EP 90/1000 | Reward=227.83 | ε=0.050
[2025-12-12 19:46:42,360] [INFO] EP 91/1000 | Reward=43.77 | ε=0.050
[2025-12-12 19:47:13,676] [INFO] EP 92/1000 | Reward=827.34 | ε=0.050
[2025-12-12 19:47:25,744] [INFO] EP 93/1000 | Reward=126.38 | ε=0.050
[2025-12-12 19:47:37,663] [INFO] EP 94/1000 | Reward=32.10 | ε=0.050
[2025-12-12 19:47:51,662] [INFO] EP 95/1000 | Reward=227.93 | ε=0.050
[2025-12-12 19:48:11,642] [INFO] EP 96/1000 | Reward=214.79 | ε=0.050
[2025-12-12 19:48:43,899] [INFO] EP 97/1000 | Reward=477.32 | ε=0.050
[2025-12-12 19:48:54,371] [INFO] EP 98/1000 | Reward=-0.09 | ε=0.050
[2025-12-12 19:49:04,219] [INFO] EP 99/1000 | Reward=-0.30 | ε=0.050
[2025-12-12 19:49:16,918] [INFO] EP 100/1000 | Reward=46.52 | ε=0.050
[2025-12-12 19:49:16,923] [INFO] Modelo guardado: resultados/experimento_1000ep/modelos/modelo_ep_100.pth
[2025-12-12 19:49:23,543] [INFO] EP 101/1000 | Reward=-0.15 | ε=0.050
[2025-12-12 19:49:35,913] [INFO] EP 102/1000 | Reward=264.62 | ε=0.050
[2025-12-12 19:49:47,972] [INFO] EP 103/1000 | Reward=224.64 | ε=0.050
[2025-12-12 19:49:56,192] [INFO] EP 104/1000 | Reward=-0.23 | ε=0.050
[2025-12-12 19:50:09,224] [INFO] EP 105/1000 | Reward=256.52 | ε=0.050
[2025-12-12 19:50:33,271] [INFO] EP 106/1000 | Reward=472.85 | ε=0.050
[2025-12-12 19:50:51,369] [INFO] EP 107/1000 | Reward=467.50 | ε=0.050
[2025-12-12 19:51:03,155] [INFO] EP 108/1000 | Reward=222.43 | ε=0.050
[2025-12-12 19:51:10,797] [INFO] EP 109/1000 | Reward=-0.29 | ε=0.050
[2025-12-12 19:51:23,829] [INFO] EP 110/1000 | Reward=203.17 | ε=0.050
[2025-12-12 19:51:35,986] [INFO] EP 111/1000 | Reward=61.79 | ε=0.050
[2025-12-12 19:51:48,089] [INFO] EP 112/1000 | Reward=159.68 | ε=0.050
[2025-12-12 19:52:07,649] [INFO] EP 113/1000 | Reward=502.18 | ε=0.050
[2025-12-12 19:52:22,541] [INFO] EP 114/1000 | Reward=258.99 | ε=0.050
[2025-12-12 19:52:38,129] [INFO] EP 115/1000 | Reward=362.77 | ε=0.050
[2025-12-12 19:52:50,130] [INFO] EP 116/1000 | Reward=179.11 | ε=0.050
[2025-12-12 19:53:02,193] [INFO] EP 117/1000 | Reward=92.93 | ε=0.050
[2025-12-12 19:53:34,163] [INFO] EP 118/1000 | Reward=549.86 | ε=0.050
[2025-12-12 19:53:46,104] [INFO] EP 119/1000 | Reward=54.70 | ε=0.050
[2025-12-12 19:54:01,977] [INFO] EP 120/1000 | Reward=300.02 | ε=0.050
[2025-12-12 19:54:29,610] [INFO] EP 121/1000 | Reward=660.73 | ε=0.050
[2025-12-12 19:54:56,425] [INFO] EP 122/1000 | Reward=409.87 | ε=0.050
[2025-12-12 19:55:09,675] [INFO] EP 123/1000 | Reward=287.80 | ε=0.050
[2025-12-12 19:55:21,870] [INFO] EP 124/1000 | Reward=284.30 | ε=0.050
[2025-12-12 19:55:42,246] [INFO] EP 125/1000 | Reward=493.27 | ε=0.050
[2025-12-12 19:55:42,253] [INFO] Modelo guardado: resultados/experimento_1000ep/modelos/modelo_ep_125.pth
[2025-12-12 19:55:54,768] [INFO] EP 126/1000 | Reward=97.05 | ε=0.050
[2025-12-12 19:56:06,857] [INFO] EP 127/1000 | Reward=39.17 | ε=0.050
[2025-12-12 19:56:34,893] [INFO] EP 128/1000 | Reward=744.67 | ε=0.050
[2025-12-12 19:56:47,148] [INFO] EP 129/1000 | Reward=34.42 | ε=0.050
[2025-12-12 19:56:59,664] [INFO] EP 130/1000 | Reward=111.37 | ε=0.050
[2025-12-12 19:57:12,465] [INFO] EP 131/1000 | Reward=259.39 | ε=0.050
[2025-12-12 19:57:28,687] [INFO] EP 132/1000 | Reward=339.99 | ε=0.050
[2025-12-12 19:57:40,398] [INFO] EP 133/1000 | Reward=168.61 | ε=0.050
[2025-12-12 19:57:52,353] [INFO] EP 134/1000 | Reward=123.21 | ε=0.050
[2025-12-12 19:58:04,474] [INFO] EP 135/1000 | Reward=141.81 | ε=0.050
[2025-12-12 19:58:19,918] [INFO] EP 136/1000 | Reward=412.25 | ε=0.050
[2025-12-12 19:58:32,068] [INFO] EP 137/1000 | Reward=173.57 | ε=0.050
[2025-12-12 19:58:44,368] [INFO] EP 138/1000 | Reward=28.07 | ε=0.050
[2025-12-12 19:58:56,681] [INFO] EP 139/1000 | Reward=133.84 | ε=0.050
[2025-12-12 19:59:16,665] [INFO] EP 140/1000 | Reward=462.05 | ε=0.050
[2025-12-12 19:59:28,839] [INFO] EP 141/1000 | Reward=106.36 | ε=0.050
[2025-12-12 19:59:40,989] [INFO] EP 142/1000 | Reward=177.52 | ε=0.050
[2025-12-12 19:59:55,562] [INFO] EP 143/1000 | Reward=100.24 | ε=0.050
[2025-12-12 20:00:09,848] [INFO] EP 144/1000 | Reward=150.84 | ε=0.050
[2025-12-12 20:00:30,951] [INFO] EP 145/1000 | Reward=242.94 | ε=0.050
[2025-12-12 20:00:46,354] [INFO] EP 146/1000 | Reward=359.41 | ε=0.050
[2025-12-12 20:00:59,373] [INFO] EP 147/1000 | Reward=36.76 | ε=0.050
[2025-12-12 20:01:14,578] [INFO] EP 148/1000 | Reward=281.93 | ε=0.050
[2025-12-12 20:01:35,646] [INFO] EP 149/1000 | Reward=353.38 | ε=0.050
[2025-12-12 20:01:47,764] [INFO] EP 150/1000 | Reward=69.52 | ε=0.050
[2025-12-12 20:01:47,768] [INFO] Modelo guardado: resultados/experimento_1000ep/modelos/modelo_ep_150.pth
[2025-12-12 20:01:58,066] [INFO] EP 151/1000 | Reward=-0.25 | ε=0.050
[2025-12-12 20:02:14,773] [INFO] EP 152/1000 | Reward=205.22 | ε=0.050
[2025-12-12 20:02:35,221] [INFO] EP 153/1000 | Reward=344.33 | ε=0.050
[2025-12-12 20:02:47,830] [INFO] EP 154/1000 | Reward=228.42 | ε=0.050
[2025-12-12 20:02:58,908] [INFO] EP 155/1000 | Reward=-0.26 | ε=0.050
[2025-12-12 20:03:15,507] [INFO] EP 156/1000 | Reward=287.43 | ε=0.050
[2025-12-12 20:03:27,859] [INFO] EP 157/1000 | Reward=29.39 | ε=0.050
[2025-12-12 20:03:51,565] [INFO] EP 158/1000 | Reward=257.32 | ε=0.050
[2025-12-12 20:04:04,049] [INFO] EP 159/1000 | Reward=269.25 | ε=0.050
[2025-12-12 20:04:16,323] [INFO] EP 160/1000 | Reward=196.77 | ε=0.050
[2025-12-12 20:04:39,523] [INFO] EP 161/1000 | Reward=366.69 | ε=0.050
[2025-12-12 20:04:51,768] [INFO] EP 162/1000 | Reward=128.06 | ε=0.050
[2025-12-12 20:05:08,633] [INFO] EP 163/1000 | Reward=309.71 | ε=0.050
[2025-12-12 20:05:21,366] [INFO] EP 164/1000 | Reward=40.93 | ε=0.050
[2025-12-12 20:05:31,656] [INFO] EP 165/1000 | Reward=-0.15 | ε=0.050
[2025-12-12 20:05:47,719] [INFO] EP 166/1000 | Reward=36.41 | ε=0.050
[2025-12-12 20:06:14,203] [INFO] EP 167/1000 | Reward=679.30 | ε=0.050
[2025-12-12 20:06:27,606] [INFO] EP 168/1000 | Reward=308.59 | ε=0.050
[2025-12-12 20:06:40,448] [INFO] EP 169/1000 | Reward=287.44 | ε=0.050
[2025-12-12 20:06:52,549] [INFO] EP 170/1000 | Reward=104.32 | ε=0.050
[2025-12-12 20:07:06,918] [INFO] EP 171/1000 | Reward=290.75 | ε=0.050
[2025-12-12 20:07:18,910] [INFO] EP 172/1000 | Reward=53.05 | ε=0.050
[2025-12-12 20:07:34,857] [INFO] EP 173/1000 | Reward=473.63 | ε=0.050
[2025-12-12 20:07:55,452] [INFO] EP 174/1000 | Reward=210.05 | ε=0.050
[2025-12-12 20:08:07,901] [INFO] EP 175/1000 | Reward=189.04 | ε=0.050
[2025-12-12 20:08:07,904] [INFO] Modelo guardado: resultados/experimento_1000ep/modelos/modelo_ep_175.pth
[2025-12-12 20:08:23,248] [INFO] EP 176/1000 | Reward=295.09 | ε=0.050
[2025-12-12 20:08:35,391] [INFO] EP 177/1000 | Reward=38.41 | ε=0.050
[2025-12-12 20:09:07,662] [INFO] EP 178/1000 | Reward=589.92 | ε=0.050
[2025-12-12 20:09:19,856] [INFO] EP 179/1000 | Reward=164.39 | ε=0.050
[2025-12-12 20:09:31,998] [INFO] EP 180/1000 | Reward=243.75 | ε=0.050
[2025-12-12 20:09:47,092] [INFO] EP 181/1000 | Reward=336.05 | ε=0.050
[2025-12-12 20:10:12,850] [INFO] EP 182/1000 | Reward=345.65 | ε=0.050
[2025-12-12 20:10:24,944] [INFO] EP 183/1000 | Reward=92.81 | ε=0.050
[2025-12-12 20:10:36,946] [INFO] EP 184/1000 | Reward=156.94 | ε=0.050
[2025-12-12 20:10:49,271] [INFO] EP 185/1000 | Reward=105.83 | ε=0.050
[2025-12-12 20:11:01,285] [INFO] EP 186/1000 | Reward=123.68 | ε=0.050
[2025-12-12 20:11:13,510] [INFO] EP 187/1000 | Reward=53.41 | ε=0.050
[2025-12-12 20:11:25,733] [INFO] EP 188/1000 | Reward=46.53 | ε=0.050
[2025-12-12 20:11:37,928] [INFO] EP 189/1000 | Reward=176.24 | ε=0.050
[2025-12-12 20:11:55,544] [INFO] EP 190/1000 | Reward=350.27 | ε=0.050
[2025-12-12 20:12:09,223] [INFO] EP 191/1000 | Reward=252.63 | ε=0.050
[2025-12-12 20:12:21,429] [INFO] EP 192/1000 | Reward=76.38 | ε=0.050
[2025-12-12 20:12:37,415] [INFO] EP 193/1000 | Reward=172.36 | ε=0.050
[2025-12-12 20:12:49,634] [INFO] EP 194/1000 | Reward=252.16 | ε=0.050
[2025-12-12 20:13:04,850] [INFO] EP 195/1000 | Reward=366.07 | ε=0.050
[2025-12-12 20:13:32,752] [INFO] EP 196/1000 | Reward=534.93 | ε=0.050
[2025-12-12 20:13:44,863] [INFO] EP 197/1000 | Reward=17.86 | ε=0.050
[2025-12-12 20:13:59,084] [INFO] EP 198/1000 | Reward=245.09 | ε=0.050
[2025-12-12 20:14:11,353] [INFO] EP 199/1000 | Reward=17.65 | ε=0.050
[2025-12-12 20:14:23,973] [INFO] EP 200/1000 | Reward=9.17 | ε=0.050
[2025-12-12 20:14:23,977] [INFO] Modelo guardado: resultados/experimento_1000ep/modelos/modelo_ep_200.pth
[2025-12-12 20:14:39,842] [INFO] EP 201/1000 | Reward=363.55 | ε=0.050
[2025-12-12 20:14:47,370] [INFO] EP 202/1000 | Reward=-3.85 | ε=0.050
[2025-12-12 20:15:10,791] [INFO] EP 203/1000 | Reward=632.75 | ε=0.050
[2025-12-12 20:15:26,172] [INFO] EP 204/1000 | Reward=282.76 | ε=0.050
[2025-12-12 20:15:49,730] [INFO] EP 205/1000 | Reward=919.53 | ε=0.050
[2025-12-12 20:16:07,512] [INFO] EP 206/1000 | Reward=286.88 | ε=0.050
[2025-12-12 20:16:20,017] [INFO] EP 207/1000 | Reward=113.50 | ε=0.050
[2025-12-12 20:16:52,851] [INFO] EP 208/1000 | Reward=688.96 | ε=0.050
[2025-12-12 20:17:18,639] [INFO] EP 209/1000 | Reward=615.53 | ε=0.050
[2025-12-12 20:17:31,004] [INFO] EP 210/1000 | Reward=112.50 | ε=0.050
[2025-12-12 20:17:46,867] [INFO] EP 211/1000 | Reward=269.24 | ε=0.050
[2025-12-12 20:18:17,635] [INFO] EP 212/1000 | Reward=852.26 | ε=0.050
[2025-12-12 20:18:30,103] [INFO] EP 213/1000 | Reward=293.27 | ε=0.050
[2025-12-12 20:18:44,964] [INFO] EP 214/1000 | Reward=322.27 | ε=0.050
[2025-12-12 20:18:58,397] [INFO] EP 215/1000 | Reward=250.35 | ε=0.050
[2025-12-12 20:19:24,193] [INFO] EP 216/1000 | Reward=402.97 | ε=0.050
[2025-12-12 20:19:36,492] [INFO] EP 217/1000 | Reward=154.81 | ε=0.050
[2025-12-12 20:19:49,427] [INFO] EP 218/1000 | Reward=277.77 | ε=0.050
[2025-12-12 20:20:01,679] [INFO] EP 219/1000 | Reward=22.36 | ε=0.050
[2025-12-12 20:20:13,954] [INFO] EP 220/1000 | Reward=284.21 | ε=0.050
[2025-12-12 20:20:27,142] [INFO] EP 221/1000 | Reward=228.81 | ε=0.050
[2025-12-12 20:20:45,016] [INFO] EP 222/1000 | Reward=409.04 | ε=0.050
[2025-12-12 20:20:58,071] [INFO] EP 223/1000 | Reward=236.43 | ε=0.050
[2025-12-12 20:21:28,398] [INFO] EP 224/1000 | Reward=581.75 | ε=0.050
[2025-12-12 20:21:55,630] [INFO] EP 225/1000 | Reward=866.30 | ε=0.050
[2025-12-12 20:21:55,633] [INFO] Modelo guardado: resultados/experimento_1000ep/modelos/modelo_ep_225.pth
[2025-12-12 20:22:08,632] [INFO] EP 226/1000 | Reward=231.97 | ε=0.050
[2025-12-12 20:22:29,011] [INFO] EP 227/1000 | Reward=406.34 | ε=0.050
[2025-12-12 20:22:42,775] [INFO] EP 228/1000 | Reward=238.40 | ε=0.050
[2025-12-12 20:22:57,611] [INFO] EP 229/1000 | Reward=269.51 | ε=0.050
[2025-12-12 20:23:18,992] [INFO] EP 230/1000 | Reward=675.23 | ε=0.050
[2025-12-12 20:23:40,635] [INFO] EP 231/1000 | Reward=674.88 | ε=0.050
[2025-12-12 20:23:55,528] [INFO] EP 232/1000 | Reward=361.29 | ε=0.050
[2025-12-12 20:24:19,254] [INFO] EP 233/1000 | Reward=227.22 | ε=0.050
[2025-12-12 20:24:40,797] [INFO] EP 234/1000 | Reward=721.64 | ε=0.050
[2025-12-12 20:24:57,908] [INFO] EP 235/1000 | Reward=313.84 | ε=0.050
[2025-12-12 20:25:10,311] [INFO] EP 236/1000 | Reward=273.86 | ε=0.050
[2025-12-12 20:25:31,415] [INFO] EP 237/1000 | Reward=307.67 | ε=0.050
[2025-12-12 20:26:04,359] [INFO] EP 238/1000 | Reward=786.67 | ε=0.050
[2025-12-12 20:26:26,946] [INFO] EP 239/1000 | Reward=674.26 | ε=0.050
[2025-12-12 20:26:39,176] [INFO] EP 240/1000 | Reward=199.68 | ε=0.050
[2025-12-12 20:26:58,435] [INFO] EP 241/1000 | Reward=582.55 | ε=0.050
[2025-12-12 20:27:14,596] [INFO] EP 242/1000 | Reward=331.43 | ε=0.050
[2025-12-12 20:27:28,909] [INFO] EP 243/1000 | Reward=252.55 | ε=0.050
[2025-12-12 20:27:41,399] [INFO] EP 244/1000 | Reward=266.68 | ε=0.050
[2025-12-12 20:28:12,706] [INFO] EP 245/1000 | Reward=867.48 | ε=0.050
[2025-12-12 20:28:25,792] [INFO] EP 246/1000 | Reward=146.90 | ε=0.050
[2025-12-12 20:28:50,215] [INFO] EP 247/1000 | Reward=928.20 | ε=0.050
[2025-12-12 20:29:02,811] [INFO] EP 248/1000 | Reward=332.22 | ε=0.050
[2025-12-12 20:29:15,635] [INFO] EP 249/1000 | Reward=304.64 | ε=0.050
[2025-12-12 20:29:31,165] [INFO] EP 250/1000 | Reward=316.17 | ε=0.050
[2025-12-12 20:29:31,177] [INFO] Modelo guardado: resultados/experimento_1000ep/modelos/modelo_ep_250.pth
[2025-12-12 20:29:43,538] [INFO] EP 251/1000 | Reward=110.87 | ε=0.050
[2025-12-12 20:29:55,947] [INFO] EP 252/1000 | Reward=169.02 | ε=0.050
[2025-12-12 20:30:18,957] [INFO] EP 253/1000 | Reward=773.66 | ε=0.050
[2025-12-12 20:30:31,412] [INFO] EP 254/1000 | Reward=153.51 | ε=0.050
[2025-12-12 20:30:45,282] [INFO] EP 255/1000 | Reward=383.53 | ε=0.050
[2025-12-12 20:31:09,456] [INFO] EP 256/1000 | Reward=927.70 | ε=0.050
[2025-12-12 20:31:24,251] [INFO] EP 257/1000 | Reward=373.77 | ε=0.050
[2025-12-12 20:31:36,814] [INFO] EP 258/1000 | Reward=236.03 | ε=0.050
[2025-12-12 20:31:50,093] [INFO] EP 259/1000 | Reward=284.71 | ε=0.050
[2025-12-12 20:32:24,341] [INFO] EP 260/1000 | Reward=323.28 | ε=0.050
[2025-12-12 20:32:45,890] [INFO] EP 261/1000 | Reward=357.27 | ε=0.050
[2025-12-12 20:33:00,685] [INFO] EP 262/1000 | Reward=449.36 | ε=0.050
[2025-12-12 20:33:13,512] [INFO] EP 263/1000 | Reward=138.56 | ε=0.050
[2025-12-12 20:33:26,507] [INFO] EP 264/1000 | Reward=213.28 | ε=0.050
[2025-12-12 20:33:39,766] [INFO] EP 265/1000 | Reward=304.64 | ε=0.050
[2025-12-12 20:34:11,606] [INFO] EP 266/1000 | Reward=855.72 | ε=0.050
[2025-12-12 20:34:26,017] [INFO] EP 267/1000 | Reward=297.94 | ε=0.050
[2025-12-12 20:34:39,108] [INFO] EP 268/1000 | Reward=298.23 | ε=0.050
[2025-12-12 20:34:53,483] [INFO] EP 269/1000 | Reward=338.95 | ε=0.050
[2025-12-12 20:35:16,544] [INFO] EP 270/1000 | Reward=870.08 | ε=0.050
[2025-12-12 20:35:29,214] [INFO] EP 271/1000 | Reward=108.70 | ε=0.050
[2025-12-12 20:35:41,849] [INFO] EP 272/1000 | Reward=220.36 | ε=0.050
[2025-12-12 20:35:54,492] [INFO] EP 273/1000 | Reward=227.60 | ε=0.050
[2025-12-12 20:36:12,490] [INFO] EP 274/1000 | Reward=379.77 | ε=0.050
[2025-12-12 20:36:37,260] [INFO] EP 275/1000 | Reward=884.46 | ε=0.050
[2025-12-12 20:36:37,265] [INFO] Modelo guardado: resultados/experimento_1000ep/modelos/modelo_ep_275.pth
[2025-12-12 20:37:05,142] [INFO] EP 276/1000 | Reward=827.87 | ε=0.050
[2025-12-12 20:37:17,626] [INFO] EP 277/1000 | Reward=240.65 | ε=0.050
[2025-12-12 20:37:41,869] [INFO] EP 278/1000 | Reward=492.24 | ε=0.050
[2025-12-12 20:37:58,686] [INFO] EP 279/1000 | Reward=306.24 | ε=0.050
[2025-12-12 20:38:12,774] [INFO] EP 280/1000 | Reward=437.70 | ε=0.050
[2025-12-12 20:38:25,393] [INFO] EP 281/1000 | Reward=264.83 | ε=0.050
[2025-12-12 20:38:41,493] [INFO] EP 282/1000 | Reward=307.35 | ε=0.050
[2025-12-12 20:38:54,406] [INFO] EP 283/1000 | Reward=251.88 | ε=0.050
[2025-12-12 20:39:22,192] [INFO] EP 284/1000 | Reward=582.66 | ε=0.050
[2025-12-12 20:39:53,041] [INFO] EP 285/1000 | Reward=797.73 | ε=0.050
[2025-12-12 20:40:07,406] [INFO] EP 286/1000 | Reward=305.07 | ε=0.050
[2025-12-12 20:40:38,293] [INFO] EP 287/1000 | Reward=878.98 | ε=0.050
[2025-12-12 20:41:08,880] [INFO] EP 288/1000 | Reward=869.39 | ε=0.050
[2025-12-12 20:41:21,292] [INFO] EP 289/1000 | Reward=141.07 | ε=0.050
[2025-12-12 20:41:33,963] [INFO] EP 290/1000 | Reward=226.17 | ε=0.050
[2025-12-12 20:41:53,871] [INFO] EP 291/1000 | Reward=925.84 | ε=0.050
[2025-12-12 20:42:23,306] [INFO] EP 292/1000 | Reward=852.60 | ε=0.050
[2025-12-12 20:42:35,274] [INFO] EP 293/1000 | Reward=109.35 | ε=0.050
[2025-12-12 20:43:03,703] [INFO] EP 294/1000 | Reward=851.72 | ε=0.050
[2025-12-12 20:43:18,096] [INFO] EP 295/1000 | Reward=397.68 | ε=0.050
[2025-12-12 20:43:34,193] [INFO] EP 296/1000 | Reward=349.26 | ε=0.050
[2025-12-12 20:43:48,831] [INFO] EP 297/1000 | Reward=375.15 | ε=0.050
[2025-12-12 20:44:03,165] [INFO] EP 298/1000 | Reward=399.34 | ε=0.050
[2025-12-12 20:44:15,179] [INFO] EP 299/1000 | Reward=14.62 | ε=0.050
[2025-12-12 20:44:46,651] [INFO] EP 300/1000 | Reward=618.42 | ε=0.050
[2025-12-12 20:44:46,659] [INFO] Modelo guardado: resultados/experimento_1000ep/modelos/modelo_ep_300.pth
[2025-12-12 20:45:06,250] [INFO] EP 301/1000 | Reward=620.72 | ε=0.050
[2025-12-12 20:45:27,200] [INFO] EP 302/1000 | Reward=627.55 | ε=0.050
[2025-12-12 20:45:46,415] [INFO] EP 303/1000 | Reward=801.42 | ε=0.050
[2025-12-12 20:46:04,328] [INFO] EP 304/1000 | Reward=511.03 | ε=0.050
[2025-12-12 20:46:18,327] [INFO] EP 305/1000 | Reward=347.49 | ε=0.050
[2025-12-12 20:46:34,704] [INFO] EP 306/1000 | Reward=561.76 | ε=0.050
[2025-12-12 20:46:47,773] [INFO] EP 307/1000 | Reward=368.26 | ε=0.050
[2025-12-12 20:47:06,168] [INFO] EP 308/1000 | Reward=574.90 | ε=0.050
[2025-12-12 20:47:32,021] [INFO] EP 309/1000 | Reward=493.71 | ε=0.050
[2025-12-12 20:47:44,979] [INFO] EP 310/1000 | Reward=320.86 | ε=0.050
[2025-12-12 20:47:57,203] [INFO] EP 311/1000 | Reward=337.07 | ε=0.050
[2025-12-12 20:48:18,778] [INFO] EP 312/1000 | Reward=508.32 | ε=0.050
[2025-12-12 20:48:42,226] [INFO] EP 313/1000 | Reward=928.60 | ε=0.050
[2025-12-12 20:48:57,915] [INFO] EP 314/1000 | Reward=304.34 | ε=0.050
[2025-12-12 20:49:16,371] [INFO] EP 315/1000 | Reward=374.28 | ε=0.050
[2025-12-12 20:49:29,709] [INFO] EP 316/1000 | Reward=398.19 | ε=0.050
[2025-12-12 20:49:47,952] [INFO] EP 317/1000 | Reward=558.52 | ε=0.050
[2025-12-12 20:50:15,680] [INFO] EP 318/1000 | Reward=911.68 | ε=0.050
[2025-12-12 20:50:41,846] [INFO] EP 319/1000 | Reward=908.71 | ε=0.050
[2025-12-12 20:51:08,195] [INFO] EP 320/1000 | Reward=689.19 | ε=0.050
[2025-12-12 20:51:22,023] [INFO] EP 321/1000 | Reward=319.42 | ε=0.050
[2025-12-12 20:51:36,603] [INFO] EP 322/1000 | Reward=481.43 | ε=0.050
[2025-12-12 20:51:50,565] [INFO] EP 323/1000 | Reward=376.64 | ε=0.050
[2025-12-12 20:52:02,676] [INFO] EP 324/1000 | Reward=280.36 | ε=0.050
[2025-12-12 20:52:32,850] [INFO] EP 325/1000 | Reward=850.25 | ε=0.050
[2025-12-12 20:52:32,855] [INFO] Modelo guardado: resultados/experimento_1000ep/modelos/modelo_ep_325.pth
[2025-12-12 20:52:48,042] [INFO] EP 326/1000 | Reward=252.24 | ε=0.050
[2025-12-12 20:53:00,855] [INFO] EP 327/1000 | Reward=320.99 | ε=0.050
[2025-12-12 20:53:20,251] [INFO] EP 328/1000 | Reward=374.58 | ε=0.050
[2025-12-12 20:53:43,567] [INFO] EP 329/1000 | Reward=868.49 | ε=0.050
[2025-12-12 20:53:58,159] [INFO] EP 330/1000 | Reward=249.50 | ε=0.050
[2025-12-12 20:54:10,101] [INFO] EP 331/1000 | Reward=217.40 | ε=0.050
[2025-12-12 20:54:22,044] [INFO] EP 332/1000 | Reward=164.71 | ε=0.050
[2025-12-12 20:54:37,792] [INFO] EP 333/1000 | Reward=367.78 | ε=0.050
[2025-12-12 20:55:04,430] [INFO] EP 334/1000 | Reward=851.41 | ε=0.050
[2025-12-12 20:55:32,227] [INFO] EP 335/1000 | Reward=881.57 | ε=0.050
[2025-12-12 20:55:51,896] [INFO] EP 336/1000 | Reward=631.98 | ε=0.050
[2025-12-12 20:56:12,756] [INFO] EP 337/1000 | Reward=569.49 | ε=0.050
[2025-12-12 20:56:44,333] [INFO] EP 338/1000 | Reward=879.59 | ε=0.050
[2025-12-12 20:57:09,685] [INFO] EP 339/1000 | Reward=851.20 | ε=0.050
[2025-12-12 20:57:31,608] [INFO] EP 340/1000 | Reward=346.32 | ε=0.050
[2025-12-12 20:57:43,847] [INFO] EP 341/1000 | Reward=283.06 | ε=0.050
[2025-12-12 20:57:56,029] [INFO] EP 342/1000 | Reward=62.50 | ε=0.050
[2025-12-12 20:58:11,559] [INFO] EP 343/1000 | Reward=207.07 | ε=0.050
[2025-12-12 20:58:38,899] [INFO] EP 344/1000 | Reward=901.61 | ε=0.050
[2025-12-12 20:59:01,704] [INFO] EP 345/1000 | Reward=532.43 | ε=0.050
[2025-12-12 20:59:13,816] [INFO] EP 346/1000 | Reward=314.12 | ε=0.050
[2025-12-12 20:59:25,849] [INFO] EP 347/1000 | Reward=96.26 | ε=0.050
[2025-12-12 20:59:37,748] [INFO] EP 348/1000 | Reward=329.99 | ε=0.050
[2025-12-12 21:00:03,077] [INFO] EP 349/1000 | Reward=763.57 | ε=0.050
[2025-12-12 21:00:16,825] [INFO] EP 350/1000 | Reward=359.70 | ε=0.050
[2025-12-12 21:00:16,829] [INFO] Modelo guardado: resultados/experimento_1000ep/modelos/modelo_ep_350.pth
[2025-12-12 21:00:28,810] [INFO] EP 351/1000 | Reward=111.26 | ε=0.050
[2025-12-12 21:00:49,272] [INFO] EP 352/1000 | Reward=558.99 | ε=0.050
[2025-12-12 21:01:10,977] [INFO] EP 353/1000 | Reward=609.17 | ε=0.050
[2025-12-12 21:01:39,513] [INFO] EP 354/1000 | Reward=846.86 | ε=0.050
[2025-12-12 21:02:07,390] [INFO] EP 355/1000 | Reward=872.70 | ε=0.050
[2025-12-12 21:02:21,613] [INFO] EP 356/1000 | Reward=401.62 | ε=0.050
[2025-12-12 21:02:45,946] [INFO] EP 357/1000 | Reward=775.87 | ε=0.050
[2025-12-12 21:03:02,604] [INFO] EP 358/1000 | Reward=327.45 | ε=0.050
[2025-12-12 21:03:26,690] [INFO] EP 359/1000 | Reward=904.11 | ε=0.050
[2025-12-12 21:03:39,899] [INFO] EP 360/1000 | Reward=256.91 | ε=0.050
[2025-12-12 21:04:11,864] [INFO] EP 361/1000 | Reward=873.86 | ε=0.050
[2025-12-12 21:04:41,833] [INFO] EP 362/1000 | Reward=830.57 | ε=0.050
[2025-12-12 21:04:53,714] [INFO] EP 363/1000 | Reward=133.83 | ε=0.050
[2025-12-12 21:05:15,126] [INFO] EP 364/1000 | Reward=577.40 | ε=0.050
[2025-12-12 21:05:44,748] [INFO] EP 365/1000 | Reward=639.54 | ε=0.050
[2025-12-12 21:05:57,645] [INFO] EP 366/1000 | Reward=377.98 | ε=0.050
[2025-12-12 21:06:13,920] [INFO] EP 367/1000 | Reward=487.78 | ε=0.050
[2025-12-12 21:06:33,992] [INFO] EP 368/1000 | Reward=339.10 | ε=0.050
[2025-12-12 21:06:55,090] [INFO] EP 369/1000 | Reward=581.57 | ε=0.050
[2025-12-12 21:07:16,349] [INFO] EP 370/1000 | Reward=935.00 | ε=0.050
[2025-12-12 21:07:43,664] [INFO] EP 371/1000 | Reward=902.21 | ε=0.050
[2025-12-12 21:08:14,150] [INFO] EP 372/1000 | Reward=897.59 | ε=0.050
[2025-12-12 21:08:47,207] [INFO] EP 373/1000 | Reward=731.03 | ε=0.050
[2025-12-12 21:09:02,709] [INFO] EP 374/1000 | Reward=435.66 | ε=0.050
[2025-12-12 21:09:27,431] [INFO] EP 375/1000 | Reward=924.90 | ε=0.050
[2025-12-12 21:09:27,435] [INFO] Modelo guardado: resultados/experimento_1000ep/modelos/modelo_ep_375.pth
[2025-12-12 21:09:48,453] [INFO] EP 376/1000 | Reward=731.93 | ε=0.050
[2025-12-12 21:10:12,728] [INFO] EP 377/1000 | Reward=925.90 | ε=0.050
[2025-12-12 21:10:33,777] [INFO] EP 378/1000 | Reward=513.55 | ε=0.050
[2025-12-12 21:10:53,212] [INFO] EP 379/1000 | Reward=454.65 | ε=0.050
[2025-12-12 21:11:05,330] [INFO] EP 380/1000 | Reward=305.83 | ε=0.050
[2025-12-12 21:11:30,004] [INFO] EP 381/1000 | Reward=713.93 | ε=0.050
[2025-12-12 21:11:52,318] [INFO] EP 382/1000 | Reward=485.95 | ε=0.050
[2025-12-12 21:12:04,667] [INFO] EP 383/1000 | Reward=313.94 | ε=0.050
[2025-12-12 21:12:33,853] [INFO] EP 384/1000 | Reward=891.70 | ε=0.050
[2025-12-12 21:12:48,211] [INFO] EP 385/1000 | Reward=229.26 | ε=0.050
[2025-12-12 21:13:00,647] [INFO] EP 386/1000 | Reward=96.05 | ε=0.050
[2025-12-12 21:13:15,967] [INFO] EP 387/1000 | Reward=468.81 | ε=0.050
[2025-12-12 21:13:28,380] [INFO] EP 388/1000 | Reward=274.23 | ε=0.050
[2025-12-12 21:13:35,372] [INFO] EP 389/1000 | Reward=-0.25 | ε=0.050
[2025-12-12 21:13:57,457] [INFO] EP 390/1000 | Reward=572.54 | ε=0.050
[2025-12-12 21:14:10,950] [INFO] EP 391/1000 | Reward=163.60 | ε=0.050
[2025-12-12 21:14:28,249] [INFO] EP 392/1000 | Reward=549.49 | ε=0.050
[2025-12-12 21:14:44,088] [INFO] EP 393/1000 | Reward=408.83 | ε=0.050
[2025-12-12 21:14:56,199] [INFO] EP 394/1000 | Reward=284.87 | ε=0.050
[2025-12-12 21:15:08,270] [INFO] EP 395/1000 | Reward=308.52 | ε=0.050
[2025-12-12 21:15:24,941] [INFO] EP 396/1000 | Reward=609.97 | ε=0.050
[2025-12-12 21:15:38,163] [INFO] EP 397/1000 | Reward=349.33 | ε=0.050
[2025-12-12 21:15:51,566] [INFO] EP 398/1000 | Reward=361.88 | ε=0.050
[2025-12-12 21:16:17,890] [INFO] EP 399/1000 | Reward=856.30 | ε=0.050
[2025-12-12 21:16:42,042] [INFO] EP 400/1000 | Reward=375.26 | ε=0.050
[2025-12-12 21:16:42,045] [INFO] Modelo guardado: resultados/experimento_1000ep/modelos/modelo_ep_400.pth
[2025-12-12 21:16:59,078] [INFO] EP 401/1000 | Reward=485.37 | ε=0.050
[2025-12-12 21:17:12,779] [INFO] EP 402/1000 | Reward=214.63 | ε=0.050
[2025-12-12 21:17:39,669] [INFO] EP 403/1000 | Reward=854.04 | ε=0.050
[2025-12-12 21:17:53,926] [INFO] EP 404/1000 | Reward=387.46 | ε=0.050
[2025-12-12 21:18:16,545] [INFO] EP 405/1000 | Reward=834.43 | ε=0.050
[2025-12-12 21:18:44,176] [INFO] EP 406/1000 | Reward=661.70 | ε=0.050
[2025-12-12 21:18:56,762] [INFO] EP 407/1000 | Reward=297.96 | ε=0.050
[2025-12-12 21:19:13,552] [INFO] EP 408/1000 | Reward=442.46 | ε=0.050
[2025-12-12 21:19:29,362] [INFO] EP 409/1000 | Reward=266.26 | ε=0.050
[2025-12-12 21:19:43,139] [INFO] EP 410/1000 | Reward=307.73 | ε=0.050
[2025-12-12 21:20:02,507] [INFO] EP 411/1000 | Reward=563.51 | ε=0.050
[2025-12-12 21:20:17,287] [INFO] EP 412/1000 | Reward=384.73 | ε=0.050
[2025-12-12 21:20:29,439] [INFO] EP 413/1000 | Reward=236.69 | ε=0.050
[2025-12-12 21:20:43,301] [INFO] EP 414/1000 | Reward=314.66 | ε=0.050
[2025-12-12 21:21:09,057] [INFO] EP 415/1000 | Reward=898.76 | ε=0.050
[2025-12-12 21:21:40,463] [INFO] EP 416/1000 | Reward=847.85 | ε=0.050
[2025-12-12 21:22:12,887] [INFO] EP 417/1000 | Reward=882.43 | ε=0.050
[2025-12-12 21:22:42,933] [INFO] EP 418/1000 | Reward=672.48 | ε=0.050
[2025-12-12 21:22:55,303] [INFO] EP 419/1000 | Reward=147.69 | ε=0.050
[2025-12-12 21:23:22,041] [INFO] EP 420/1000 | Reward=903.46 | ε=0.050
[2025-12-12 21:23:36,710] [INFO] EP 421/1000 | Reward=358.32 | ε=0.050
[2025-12-12 21:24:00,681] [INFO] EP 422/1000 | Reward=913.11 | ε=0.050
[2025-12-12 21:24:29,865] [INFO] EP 423/1000 | Reward=839.34 | ε=0.050
[2025-12-12 21:24:43,835] [INFO] EP 424/1000 | Reward=368.28 | ε=0.050
[2025-12-12 21:25:13,912] [INFO] EP 425/1000 | Reward=889.32 | ε=0.050
[2025-12-12 21:25:13,916] [INFO] Modelo guardado: resultados/experimento_1000ep/modelos/modelo_ep_425.pth
[2025-12-12 21:25:41,692] [INFO] EP 426/1000 | Reward=907.95 | ε=0.050
[2025-12-12 21:26:06,798] [INFO] EP 427/1000 | Reward=692.17 | ε=0.050
[2025-12-12 21:26:24,977] [INFO] EP 428/1000 | Reward=430.90 | ε=0.050
[2025-12-12 21:26:37,482] [INFO] EP 429/1000 | Reward=253.51 | ε=0.050
[2025-12-12 21:26:59,723] [INFO] EP 430/1000 | Reward=618.37 | ε=0.050
[2025-12-12 21:27:18,248] [INFO] EP 431/1000 | Reward=590.78 | ε=0.050
[2025-12-12 21:27:44,883] [INFO] EP 432/1000 | Reward=836.51 | ε=0.050
[2025-12-12 21:28:07,159] [INFO] EP 433/1000 | Reward=886.90 | ε=0.050
[2025-12-12 21:28:23,071] [INFO] EP 434/1000 | Reward=376.24 | ε=0.050
[2025-12-12 21:28:49,672] [INFO] EP 435/1000 | Reward=689.94 | ε=0.050
[2025-12-12 21:29:01,808] [INFO] EP 436/1000 | Reward=212.50 | ε=0.050
[2025-12-12 21:29:25,643] [INFO] EP 437/1000 | Reward=927.80 | ε=0.050
[2025-12-12 21:29:56,066] [INFO] EP 438/1000 | Reward=703.30 | ε=0.050
[2025-12-12 21:30:18,496] [INFO] EP 439/1000 | Reward=881.11 | ε=0.050
[2025-12-12 21:30:33,552] [INFO] EP 440/1000 | Reward=461.97 | ε=0.050
[2025-12-12 21:30:59,025] [INFO] EP 441/1000 | Reward=862.62 | ε=0.050
[2025-12-12 21:31:31,122] [INFO] EP 442/1000 | Reward=850.23 | ε=0.050
[2025-12-12 21:31:44,038] [INFO] EP 443/1000 | Reward=317.76 | ε=0.050
[2025-12-12 21:32:14,775] [INFO] EP 444/1000 | Reward=783.13 | ε=0.050
[2025-12-12 21:32:43,751] [INFO] EP 445/1000 | Reward=877.46 | ε=0.050
[2025-12-12 21:33:08,853] [INFO] EP 446/1000 | Reward=635.72 | ε=0.050
[2025-12-12 21:33:35,784] [INFO] EP 447/1000 | Reward=918.00 | ε=0.050
[2025-12-12 21:34:02,948] [INFO] EP 448/1000 | Reward=784.33 | ε=0.050
[2025-12-12 21:34:33,690] [INFO] EP 449/1000 | Reward=807.33 | ε=0.050
[2025-12-12 21:35:01,223] [INFO] EP 450/1000 | Reward=856.14 | ε=0.050
[2025-12-12 21:35:01,234] [INFO] Modelo guardado: resultados/experimento_1000ep/modelos/modelo_ep_450.pth
[2025-12-12 21:35:18,609] [INFO] EP 451/1000 | Reward=501.21 | ε=0.050
[2025-12-12 21:35:43,873] [INFO] EP 452/1000 | Reward=876.07 | ε=0.050
[2025-12-12 21:36:04,823] [INFO] EP 453/1000 | Reward=556.23 | ε=0.050
[2025-12-12 21:36:18,136] [INFO] EP 454/1000 | Reward=373.41 | ε=0.050
[2025-12-12 21:36:45,835] [INFO] EP 455/1000 | Reward=529.18 | ε=0.050
[2025-12-12 21:37:15,161] [INFO] EP 456/1000 | Reward=853.82 | ε=0.050
[2025-12-12 21:37:30,369] [INFO] EP 457/1000 | Reward=435.55 | ε=0.050
[2025-12-12 21:38:03,229] [INFO] EP 458/1000 | Reward=775.80 | ε=0.050
[2025-12-12 21:38:15,605] [INFO] EP 459/1000 | Reward=71.27 | ε=0.050
[2025-12-12 21:38:31,162] [INFO] EP 460/1000 | Reward=407.45 | ε=0.050
[2025-12-12 21:38:59,169] [INFO] EP 461/1000 | Reward=861.15 | ε=0.050
[2025-12-12 21:39:27,196] [INFO] EP 462/1000 | Reward=831.06 | ε=0.050
[2025-12-12 21:39:57,158] [INFO] EP 463/1000 | Reward=847.31 | ε=0.050
[2025-12-12 21:40:25,787] [INFO] EP 464/1000 | Reward=885.49 | ε=0.050
[2025-12-12 21:40:43,760] [INFO] EP 465/1000 | Reward=505.33 | ε=0.050
[2025-12-12 21:41:04,732] [INFO] EP 466/1000 | Reward=621.76 | ε=0.050
[2025-12-12 21:41:17,247] [INFO] EP 467/1000 | Reward=309.90 | ε=0.050
[2025-12-12 21:41:32,205] [INFO] EP 468/1000 | Reward=251.73 | ε=0.050
[2025-12-12 21:41:44,442] [INFO] EP 469/1000 | Reward=298.27 | ε=0.050
[2025-12-12 21:41:57,206] [INFO] EP 470/1000 | Reward=352.29 | ε=0.050
[2025-12-12 21:42:10,336] [INFO] EP 471/1000 | Reward=345.76 | ε=0.050
[2025-12-12 21:42:29,338] [INFO] EP 472/1000 | Reward=504.30 | ε=0.050
[2025-12-12 21:42:41,432] [INFO] EP 473/1000 | Reward=79.74 | ε=0.050
[2025-12-12 21:42:54,611] [INFO] EP 474/1000 | Reward=197.57 | ε=0.050
[2025-12-12 21:43:10,633] [INFO] EP 475/1000 | Reward=146.35 | ε=0.050
[2025-12-12 21:43:10,637] [INFO] Modelo guardado: resultados/experimento_1000ep/modelos/modelo_ep_475.pth
[2025-12-12 21:43:23,044] [INFO] EP 476/1000 | Reward=118.66 | ε=0.050
[2025-12-12 21:43:35,433] [INFO] EP 477/1000 | Reward=310.28 | ε=0.050
[2025-12-12 21:43:49,174] [INFO] EP 478/1000 | Reward=309.25 | ε=0.050
[2025-12-12 21:44:09,190] [INFO] EP 479/1000 | Reward=504.17 | ε=0.050
[2025-12-12 21:44:25,215] [INFO] EP 480/1000 | Reward=460.17 | ε=0.050
[2025-12-12 21:44:37,319] [INFO] EP 481/1000 | Reward=204.61 | ε=0.050
[2025-12-12 21:45:05,587] [INFO] EP 482/1000 | Reward=877.90 | ε=0.050
[2025-12-12 21:45:18,194] [INFO] EP 483/1000 | Reward=310.44 | ε=0.050
[2025-12-12 21:45:30,529] [INFO] EP 484/1000 | Reward=137.58 | ε=0.050
[2025-12-12 21:45:57,666] [INFO] EP 485/1000 | Reward=898.54 | ε=0.050
[2025-12-12 21:46:28,558] [INFO] EP 486/1000 | Reward=886.73 | ε=0.050
[2025-12-12 21:46:57,685] [INFO] EP 487/1000 | Reward=896.51 | ε=0.050
[2025-12-12 21:47:13,065] [INFO] EP 488/1000 | Reward=341.68 | ε=0.050
[2025-12-12 21:47:40,450] [INFO] EP 489/1000 | Reward=863.02 | ε=0.050
[2025-12-12 21:48:09,889] [INFO] EP 490/1000 | Reward=796.03 | ε=0.050
[2025-12-12 21:48:41,826] [INFO] EP 491/1000 | Reward=822.20 | ε=0.050
[2025-12-12 21:49:06,185] [INFO] EP 492/1000 | Reward=671.12 | ε=0.050
[2025-12-12 21:49:36,027] [INFO] EP 493/1000 | Reward=881.17 | ε=0.050
[2025-12-12 21:49:55,321] [INFO] EP 494/1000 | Reward=457.98 | ε=0.050
[2025-12-12 21:50:07,583] [INFO] EP 495/1000 | Reward=33.24 | ε=0.050
[2025-12-12 21:50:23,581] [INFO] EP 496/1000 | Reward=454.87 | ε=0.050
[2025-12-12 21:50:56,548] [INFO] EP 497/1000 | Reward=703.17 | ε=0.050
[2025-12-12 21:51:29,544] [INFO] EP 498/1000 | Reward=835.69 | ε=0.050
[2025-12-12 21:51:55,069] [INFO] EP 499/1000 | Reward=471.07 | ε=0.050
[2025-12-12 21:52:27,991] [INFO] EP 500/1000 | Reward=754.79 | ε=0.050
[2025-12-12 21:52:27,994] [INFO] Modelo guardado: resultados/experimento_1000ep/modelos/modelo_ep_500.pth
[2025-12-12 21:53:01,083] [INFO] EP 501/1000 | Reward=860.12 | ε=0.050
[2025-12-12 21:53:26,294] [INFO] EP 502/1000 | Reward=865.49 | ε=0.050
[2025-12-12 21:53:40,996] [INFO] EP 503/1000 | Reward=334.84 | ε=0.050
[2025-12-12 21:54:10,888] [INFO] EP 504/1000 | Reward=878.89 | ε=0.050
[2025-12-12 21:54:24,982] [INFO] EP 505/1000 | Reward=341.45 | ε=0.050
[2025-12-12 21:54:56,926] [INFO] EP 506/1000 | Reward=566.26 | ε=0.050
[2025-12-12 21:55:29,560] [INFO] EP 507/1000 | Reward=753.33 | ε=0.050
[2025-12-12 21:55:41,704] [INFO] EP 508/1000 | Reward=236.85 | ε=0.050
[2025-12-12 21:55:55,717] [INFO] EP 509/1000 | Reward=341.16 | ε=0.050
[2025-12-12 21:56:07,670] [INFO] EP 510/1000 | Reward=161.18 | ε=0.050
[2025-12-12 21:56:19,619] [INFO] EP 511/1000 | Reward=72.79 | ε=0.050
[2025-12-12 21:56:40,697] [INFO] EP 512/1000 | Reward=680.90 | ε=0.050
[2025-12-12 21:56:52,743] [INFO] EP 513/1000 | Reward=284.18 | ε=0.050
[2025-12-12 21:57:07,541] [INFO] EP 514/1000 | Reward=378.73 | ε=0.050
[2025-12-12 21:57:31,488] [INFO] EP 515/1000 | Reward=428.06 | ε=0.050
[2025-12-12 21:57:56,689] [INFO] EP 516/1000 | Reward=666.41 | ε=0.050
[2025-12-12 21:58:14,792] [INFO] EP 517/1000 | Reward=418.29 | ε=0.050
[2025-12-12 21:58:28,342] [INFO] EP 518/1000 | Reward=258.92 | ε=0.050
[2025-12-12 21:58:41,448] [INFO] EP 519/1000 | Reward=350.04 | ε=0.050
[2025-12-12 21:58:55,344] [INFO] EP 520/1000 | Reward=362.68 | ε=0.050
[2025-12-12 21:59:08,011] [INFO] EP 521/1000 | Reward=267.46 | ε=0.050
[2025-12-12 21:59:23,539] [INFO] EP 522/1000 | Reward=314.54 | ε=0.050
[2025-12-12 21:59:36,990] [INFO] EP 523/1000 | Reward=349.03 | ε=0.050
[2025-12-12 21:59:49,196] [INFO] EP 524/1000 | Reward=11.45 | ε=0.050
[2025-12-12 22:00:03,997] [INFO] EP 525/1000 | Reward=317.16 | ε=0.050
[2025-12-12 22:00:04,001] [INFO] Modelo guardado: resultados/experimento_1000ep/modelos/modelo_ep_525.pth
[2025-12-12 22:00:28,860] [INFO] EP 526/1000 | Reward=865.81 | ε=0.050
[2025-12-12 22:00:45,334] [INFO] EP 527/1000 | Reward=288.28 | ε=0.050
[2025-12-12 22:00:58,889] [INFO] EP 528/1000 | Reward=367.98 | ε=0.050
[2025-12-12 22:01:11,341] [INFO] EP 529/1000 | Reward=150.23 | ε=0.050
[2025-12-12 22:01:24,485] [INFO] EP 530/1000 | Reward=254.65 | ε=0.050
[2025-12-12 22:01:36,804] [INFO] EP 531/1000 | Reward=127.16 | ε=0.050
[2025-12-12 22:02:06,047] [INFO] EP 532/1000 | Reward=837.40 | ε=0.050
[2025-12-12 22:02:19,163] [INFO] EP 533/1000 | Reward=310.29 | ε=0.050
[2025-12-12 22:02:44,483] [INFO] EP 534/1000 | Reward=457.58 | ε=0.050
[2025-12-12 22:03:06,606] [INFO] EP 535/1000 | Reward=598.20 | ε=0.050
[2025-12-12 22:03:33,600] [INFO] EP 536/1000 | Reward=863.86 | ε=0.050
[2025-12-12 22:04:02,819] [INFO] EP 537/1000 | Reward=867.67 | ε=0.050
[2025-12-12 22:04:34,934] [INFO] EP 538/1000 | Reward=830.38 | ε=0.050
[2025-12-12 22:04:50,849] [INFO] EP 539/1000 | Reward=430.80 | ε=0.050
[2025-12-12 22:05:16,750] [INFO] EP 540/1000 | Reward=899.57 | ε=0.050
[2025-12-12 22:05:44,310] [INFO] EP 541/1000 | Reward=882.00 | ε=0.050
[2025-12-12 22:06:04,066] [INFO] EP 542/1000 | Reward=553.28 | ε=0.050
[2025-12-12 22:06:17,675] [INFO] EP 543/1000 | Reward=257.37 | ε=0.050
[2025-12-12 22:06:30,165] [INFO] EP 544/1000 | Reward=159.53 | ε=0.050
[2025-12-12 22:06:57,489] [INFO] EP 545/1000 | Reward=857.64 | ε=0.050
[2025-12-12 22:07:17,168] [INFO] EP 546/1000 | Reward=679.97 | ε=0.050
[2025-12-12 22:07:31,531] [INFO] EP 547/1000 | Reward=341.88 | ε=0.050
[2025-12-12 22:07:55,985] [INFO] EP 548/1000 | Reward=299.63 | ε=0.050
[2025-12-12 22:08:24,195] [INFO] EP 549/1000 | Reward=892.21 | ε=0.050
[2025-12-12 22:08:36,381] [INFO] EP 550/1000 | Reward=323.49 | ε=0.050
[2025-12-12 22:08:36,385] [INFO] Modelo guardado: resultados/experimento_1000ep/modelos/modelo_ep_550.pth
[2025-12-12 22:08:48,470] [INFO] EP 551/1000 | Reward=137.80 | ε=0.050
[2025-12-12 22:09:05,459] [INFO] EP 552/1000 | Reward=415.45 | ε=0.050
[2025-12-12 22:09:37,196] [INFO] EP 553/1000 | Reward=813.98 | ε=0.050
[2025-12-12 22:09:57,156] [INFO] EP 554/1000 | Reward=621.90 | ε=0.050
[2025-12-12 22:10:22,121] [INFO] EP 555/1000 | Reward=856.92 | ε=0.050
[2025-12-12 22:10:54,582] [INFO] EP 556/1000 | Reward=810.96 | ε=0.050
[2025-12-12 22:11:15,324] [INFO] EP 557/1000 | Reward=419.74 | ε=0.050
[2025-12-12 22:11:43,317] [INFO] EP 558/1000 | Reward=678.74 | ε=0.050
[2025-12-12 22:11:56,821] [INFO] EP 559/1000 | Reward=282.04 | ε=0.050
[2025-12-12 22:12:28,830] [INFO] EP 560/1000 | Reward=821.06 | ε=0.050
[2025-12-12 22:12:40,854] [INFO] EP 561/1000 | Reward=352.46 | ε=0.050
[2025-12-12 22:13:06,079] [INFO] EP 562/1000 | Reward=851.20 | ε=0.050
[2025-12-12 22:13:29,065] [INFO] EP 563/1000 | Reward=327.53 | ε=0.050
[2025-12-12 22:13:44,019] [INFO] EP 564/1000 | Reward=316.04 | ε=0.050
[2025-12-12 22:14:17,223] [INFO] EP 565/1000 | Reward=799.37 | ε=0.050
[2025-12-12 22:14:29,715] [INFO] EP 566/1000 | Reward=190.03 | ε=0.050
[2025-12-12 22:15:02,142] [INFO] EP 567/1000 | Reward=819.74 | ε=0.050
[2025-12-12 22:15:30,252] [INFO] EP 568/1000 | Reward=616.66 | ε=0.050
[2025-12-12 22:15:52,717] [INFO] EP 569/1000 | Reward=887.44 | ε=0.050
[2025-12-12 22:16:19,294] [INFO] EP 570/1000 | Reward=605.61 | ε=0.050
[2025-12-12 22:16:34,460] [INFO] EP 571/1000 | Reward=216.96 | ε=0.050
[2025-12-12 22:17:01,645] [INFO] EP 572/1000 | Reward=906.26 | ε=0.050
[2025-12-12 22:17:29,024] [INFO] EP 573/1000 | Reward=775.06 | ε=0.050
[2025-12-12 22:17:47,287] [INFO] EP 574/1000 | Reward=480.93 | ε=0.050
[2025-12-12 22:18:15,050] [INFO] EP 575/1000 | Reward=818.93 | ε=0.050
[2025-12-12 22:18:15,055] [INFO] Modelo guardado: resultados/experimento_1000ep/modelos/modelo_ep_575.pth
[2025-12-12 22:18:18,577] [INFO] EP 576/1000 | Reward=-0.23 | ε=0.050
[2025-12-12 22:18:42,995] [INFO] EP 577/1000 | Reward=897.22 | ε=0.050
[2025-12-12 22:19:09,773] [INFO] EP 578/1000 | Reward=612.37 | ε=0.050
[2025-12-12 22:19:22,435] [INFO] EP 579/1000 | Reward=294.03 | ε=0.050
[2025-12-12 22:19:38,489] [INFO] EP 580/1000 | Reward=324.77 | ε=0.050
[2025-12-12 22:19:58,171] [INFO] EP 581/1000 | Reward=460.25 | ε=0.050
[2025-12-12 22:20:29,832] [INFO] EP 582/1000 | Reward=828.91 | ε=0.050
[2025-12-12 22:20:57,348] [INFO] EP 583/1000 | Reward=866.77 | ε=0.050
[2025-12-12 22:21:26,142] [INFO] EP 584/1000 | Reward=803.48 | ε=0.050
[2025-12-12 22:21:49,058] [INFO] EP 585/1000 | Reward=706.72 | ε=0.050
[2025-12-12 22:22:17,020] [INFO] EP 586/1000 | Reward=854.26 | ε=0.050
[2025-12-12 22:22:48,802] [INFO] EP 587/1000 | Reward=766.37 | ε=0.050
[2025-12-12 22:23:05,124] [INFO] EP 588/1000 | Reward=380.99 | ε=0.050
[2025-12-12 22:23:35,979] [INFO] EP 589/1000 | Reward=832.27 | ε=0.050
[2025-12-12 22:23:48,077] [INFO] EP 590/1000 | Reward=138.77 | ε=0.050
[2025-12-12 22:24:21,235] [INFO] EP 591/1000 | Reward=809.68 | ε=0.050
[2025-12-12 22:24:46,312] [INFO] EP 592/1000 | Reward=551.16 | ε=0.050
[2025-12-12 22:25:04,722] [INFO] EP 593/1000 | Reward=185.72 | ε=0.050
[2025-12-12 22:25:34,542] [INFO] EP 594/1000 | Reward=817.06 | ε=0.050
[2025-12-12 22:26:00,130] [INFO] EP 595/1000 | Reward=901.08 | ε=0.050
[2025-12-12 22:26:16,967] [INFO] EP 596/1000 | Reward=415.88 | ε=0.050
[2025-12-12 22:26:31,292] [INFO] EP 597/1000 | Reward=343.48 | ε=0.050
[2025-12-12 22:26:59,574] [INFO] EP 598/1000 | Reward=859.35 | ε=0.050
[2025-12-12 22:27:26,444] [INFO] EP 599/1000 | Reward=699.95 | ε=0.050
[2025-12-12 22:27:52,785] [INFO] EP 600/1000 | Reward=875.89 | ε=0.050
[2025-12-12 22:27:52,799] [INFO] Modelo guardado: resultados/experimento_1000ep/modelos/modelo_ep_600.pth
[2025-12-12 22:28:16,423] [INFO] EP 601/1000 | Reward=303.66 | ε=0.050
[2025-12-12 22:28:31,781] [INFO] EP 602/1000 | Reward=268.94 | ε=0.050
[2025-12-12 22:28:44,075] [INFO] EP 603/1000 | Reward=257.80 | ε=0.050
[2025-12-12 22:28:58,575] [INFO] EP 604/1000 | Reward=355.30 | ε=0.050
[2025-12-12 22:29:13,562] [INFO] EP 605/1000 | Reward=354.54 | ε=0.050
[2025-12-12 22:29:26,799] [INFO] EP 606/1000 | Reward=219.67 | ε=0.050
[2025-12-12 22:29:42,688] [INFO] EP 607/1000 | Reward=289.96 | ε=0.050
[2025-12-12 22:30:12,633] [INFO] EP 608/1000 | Reward=645.64 | ε=0.050
[2025-12-12 22:30:30,920] [INFO] EP 609/1000 | Reward=546.94 | ε=0.050
[2025-12-12 22:30:47,119] [INFO] EP 610/1000 | Reward=360.96 | ε=0.050
[2025-12-12 22:31:00,608] [INFO] EP 611/1000 | Reward=226.89 | ε=0.050
[2025-12-12 22:31:31,996] [INFO] EP 612/1000 | Reward=857.09 | ε=0.050
[2025-12-12 22:31:47,495] [INFO] EP 613/1000 | Reward=223.42 | ε=0.050
[2025-12-12 22:32:20,496] [INFO] EP 614/1000 | Reward=857.38 | ε=0.050
[2025-12-12 22:32:34,641] [INFO] EP 615/1000 | Reward=299.26 | ε=0.050
[2025-12-12 22:33:02,366] [INFO] EP 616/1000 | Reward=870.13 | ε=0.050
[2025-12-12 22:33:17,279] [INFO] EP 617/1000 | Reward=341.37 | ε=0.050
[2025-12-12 22:33:30,254] [INFO] EP 618/1000 | Reward=304.36 | ε=0.050
[2025-12-12 22:33:42,257] [INFO] EP 619/1000 | Reward=261.16 | ε=0.050
[2025-12-12 22:34:09,352] [INFO] EP 620/1000 | Reward=845.63 | ε=0.050
[2025-12-12 22:34:41,808] [INFO] EP 621/1000 | Reward=804.35 | ε=0.050
[2025-12-12 22:35:14,103] [INFO] EP 622/1000 | Reward=743.00 | ε=0.050
[2025-12-12 22:35:27,021] [INFO] EP 623/1000 | Reward=291.41 | ε=0.050
[2025-12-12 22:35:53,850] [INFO] EP 624/1000 | Reward=887.21 | ε=0.050
[2025-12-12 22:36:24,356] [INFO] EP 625/1000 | Reward=818.49 | ε=0.050
[2025-12-12 22:36:24,362] [INFO] Modelo guardado: resultados/experimento_1000ep/modelos/modelo_ep_625.pth
[2025-12-12 22:36:36,997] [INFO] EP 626/1000 | Reward=237.26 | ε=0.050
[2025-12-12 22:36:49,332] [INFO] EP 627/1000 | Reward=189.77 | ε=0.050
[2025-12-12 22:37:22,459] [INFO] EP 628/1000 | Reward=849.83 | ε=0.050
[2025-12-12 22:37:52,243] [INFO] EP 629/1000 | Reward=867.74 | ε=0.050
[2025-12-12 22:38:14,027] [INFO] EP 630/1000 | Reward=485.31 | ε=0.050
[2025-12-12 22:38:37,285] [INFO] EP 631/1000 | Reward=607.60 | ε=0.050
[2025-12-12 22:38:53,095] [INFO] EP 632/1000 | Reward=405.07 | ε=0.050
[2025-12-12 22:39:23,969] [INFO] EP 633/1000 | Reward=813.68 | ε=0.050
[2025-12-12 22:39:45,102] [INFO] EP 634/1000 | Reward=393.60 | ε=0.050
[2025-12-12 22:40:10,138] [INFO] EP 635/1000 | Reward=852.75 | ε=0.050
[2025-12-12 22:40:25,493] [INFO] EP 636/1000 | Reward=432.07 | ε=0.050
[2025-12-12 22:40:58,037] [INFO] EP 637/1000 | Reward=732.17 | ε=0.050
[2025-12-12 22:41:29,575] [INFO] EP 638/1000 | Reward=790.86 | ε=0.050
[2025-12-12 22:41:52,870] [INFO] EP 639/1000 | Reward=928.70 | ε=0.050
[2025-12-12 22:42:21,173] [INFO] EP 640/1000 | Reward=905.09 | ε=0.050
[2025-12-12 22:42:50,627] [INFO] EP 641/1000 | Reward=827.82 | ε=0.050
[2025-12-12 22:43:08,384] [INFO] EP 642/1000 | Reward=457.63 | ε=0.050
[2025-12-12 22:43:23,458] [INFO] EP 643/1000 | Reward=400.77 | ε=0.050
[2025-12-12 22:43:51,226] [INFO] EP 644/1000 | Reward=834.59 | ε=0.050
[2025-12-12 22:44:19,271] [INFO] EP 645/1000 | Reward=792.65 | ε=0.050
[2025-12-12 22:44:43,166] [INFO] EP 646/1000 | Reward=839.08 | ε=0.050
[2025-12-12 22:45:09,471] [INFO] EP 647/1000 | Reward=909.45 | ε=0.050
[2025-12-12 22:45:25,299] [INFO] EP 648/1000 | Reward=417.92 | ε=0.050
[2025-12-12 22:45:49,955] [INFO] EP 649/1000 | Reward=531.87 | ε=0.050
[2025-12-12 22:46:14,591] [INFO] EP 650/1000 | Reward=616.86 | ε=0.050
[2025-12-12 22:46:14,594] [INFO] Modelo guardado: resultados/experimento_1000ep/modelos/modelo_ep_650.pth
[2025-12-12 22:46:42,810] [INFO] EP 651/1000 | Reward=551.19 | ε=0.050
[2025-12-12 22:47:02,493] [INFO] EP 652/1000 | Reward=387.50 | ε=0.050
[2025-12-12 22:47:29,457] [INFO] EP 653/1000 | Reward=880.35 | ε=0.050
[2025-12-12 22:47:56,924] [INFO] EP 654/1000 | Reward=879.01 | ε=0.050
[2025-12-12 22:48:25,664] [INFO] EP 655/1000 | Reward=815.33 | ε=0.050
[2025-12-12 22:48:57,670] [INFO] EP 656/1000 | Reward=735.01 | ε=0.050
[2025-12-12 22:49:09,935] [INFO] EP 657/1000 | Reward=225.99 | ε=0.050
[2025-12-12 22:49:40,937] [INFO] EP 658/1000 | Reward=839.60 | ε=0.050
[2025-12-12 22:50:02,913] [INFO] EP 659/1000 | Reward=583.75 | ε=0.050
[2025-12-12 22:50:33,225] [INFO] EP 660/1000 | Reward=840.41 | ε=0.050
[2025-12-12 22:51:06,269] [INFO] EP 661/1000 | Reward=785.20 | ε=0.050
[2025-12-12 22:51:18,644] [INFO] EP 662/1000 | Reward=252.50 | ε=0.050
[2025-12-12 22:51:51,295] [INFO] EP 663/1000 | Reward=783.64 | ε=0.050
[2025-12-12 22:52:06,879] [INFO] EP 664/1000 | Reward=447.41 | ε=0.050
[2025-12-12 22:52:28,192] [INFO] EP 665/1000 | Reward=576.84 | ε=0.050
[2025-12-12 22:53:01,180] [INFO] EP 666/1000 | Reward=738.10 | ε=0.050
[2025-12-12 22:53:20,977] [INFO] EP 667/1000 | Reward=408.53 | ε=0.050
[2025-12-12 22:53:33,179] [INFO] EP 668/1000 | Reward=73.20 | ε=0.050
[2025-12-12 22:53:59,887] [INFO] EP 669/1000 | Reward=842.24 | ε=0.050
[2025-12-12 22:54:27,961] [INFO] EP 670/1000 | Reward=842.60 | ε=0.050
[2025-12-12 22:54:53,526] [INFO] EP 671/1000 | Reward=873.06 | ε=0.050
[2025-12-12 22:55:09,073] [INFO] EP 672/1000 | Reward=282.16 | ε=0.050
[2025-12-12 22:55:29,452] [INFO] EP 673/1000 | Reward=556.93 | ε=0.050
[2025-12-12 22:55:45,922] [INFO] EP 674/1000 | Reward=390.57 | ε=0.050
[2025-12-12 22:56:12,120] [INFO] EP 675/1000 | Reward=897.94 | ε=0.050
[2025-12-12 22:56:12,124] [INFO] Modelo guardado: resultados/experimento_1000ep/modelos/modelo_ep_675.pth
[2025-12-12 22:56:24,345] [INFO] EP 676/1000 | Reward=318.20 | ε=0.050
[2025-12-12 22:56:55,245] [INFO] EP 677/1000 | Reward=867.61 | ε=0.050
[2025-12-12 22:57:10,655] [INFO] EP 678/1000 | Reward=434.56 | ε=0.050
[2025-12-12 22:57:38,810] [INFO] EP 679/1000 | Reward=855.57 | ε=0.050
[2025-12-12 22:58:03,020] [INFO] EP 680/1000 | Reward=652.87 | ε=0.050
[2025-12-12 22:58:16,710] [INFO] EP 681/1000 | Reward=104.95 | ε=0.050
[2025-12-12 22:58:45,765] [INFO] EP 682/1000 | Reward=602.10 | ε=0.050
[2025-12-12 22:59:15,955] [INFO] EP 683/1000 | Reward=874.02 | ε=0.050
[2025-12-12 22:59:48,673] [INFO] EP 684/1000 | Reward=823.47 | ε=0.050
[2025-12-12 23:00:18,997] [INFO] EP 685/1000 | Reward=776.00 | ε=0.050
[2025-12-12 23:00:43,915] [INFO] EP 686/1000 | Reward=879.52 | ε=0.050
[2025-12-12 23:01:07,213] [INFO] EP 687/1000 | Reward=719.45 | ε=0.050
[2025-12-12 23:01:33,375] [INFO] EP 688/1000 | Reward=815.78 | ε=0.050
[2025-12-12 23:02:06,650] [INFO] EP 689/1000 | Reward=669.23 | ε=0.050
[2025-12-12 23:02:33,581] [INFO] EP 690/1000 | Reward=881.27 | ε=0.050
[2025-12-12 23:02:59,873] [INFO] EP 691/1000 | Reward=882.09 | ε=0.050
[2025-12-12 23:03:19,556] [INFO] EP 692/1000 | Reward=460.85 | ε=0.050
[2025-12-12 23:03:43,898] [INFO] EP 693/1000 | Reward=821.57 | ε=0.050
[2025-12-12 23:04:12,677] [INFO] EP 694/1000 | Reward=879.07 | ε=0.050
[2025-12-12 23:04:42,896] [INFO] EP 695/1000 | Reward=794.70 | ε=0.050
[2025-12-12 23:05:14,098] [INFO] EP 696/1000 | Reward=786.87 | ε=0.050
[2025-12-12 23:05:27,570] [INFO] EP 697/1000 | Reward=271.80 | ε=0.050
[2025-12-12 23:05:54,592] [INFO] EP 698/1000 | Reward=866.82 | ε=0.050
[2025-12-12 23:06:24,929] [INFO] EP 699/1000 | Reward=901.30 | ε=0.050
[2025-12-12 23:06:56,058] [INFO] EP 700/1000 | Reward=799.27 | ε=0.050
[2025-12-12 23:06:56,074] [INFO] Modelo guardado: resultados/experimento_1000ep/modelos/modelo_ep_700.pth
[2025-12-12 23:07:26,861] [INFO] EP 701/1000 | Reward=743.96 | ε=0.050
[2025-12-12 23:07:48,024] [INFO] EP 702/1000 | Reward=589.78 | ε=0.050
[2025-12-12 23:08:00,316] [INFO] EP 703/1000 | Reward=130.88 | ε=0.050
[2025-12-12 23:08:33,712] [INFO] EP 704/1000 | Reward=593.07 | ε=0.050
[2025-12-12 23:09:06,608] [INFO] EP 705/1000 | Reward=798.01 | ε=0.050
[2025-12-12 23:09:18,827] [INFO] EP 706/1000 | Reward=94.90 | ε=0.050
[2025-12-12 23:09:47,802] [INFO] EP 707/1000 | Reward=866.14 | ε=0.050
[2025-12-12 23:10:16,377] [INFO] EP 708/1000 | Reward=886.42 | ε=0.050
[2025-12-12 23:10:44,825] [INFO] EP 709/1000 | Reward=846.52 | ε=0.050
[2025-12-12 23:11:12,187] [INFO] EP 710/1000 | Reward=848.20 | ε=0.050
[2025-12-12 23:11:27,061] [INFO] EP 711/1000 | Reward=374.05 | ε=0.050
[2025-12-12 23:11:55,084] [INFO] EP 712/1000 | Reward=883.43 | ε=0.050
[2025-12-12 23:12:28,209] [INFO] EP 713/1000 | Reward=836.71 | ε=0.050
[2025-12-12 23:12:56,546] [INFO] EP 714/1000 | Reward=872.82 | ε=0.050
[2025-12-12 23:13:21,507] [INFO] EP 715/1000 | Reward=416.91 | ε=0.050
[2025-12-12 23:13:39,811] [INFO] EP 716/1000 | Reward=426.02 | ε=0.050
[2025-12-12 23:14:10,138] [INFO] EP 717/1000 | Reward=790.81 | ε=0.050
[2025-12-12 23:14:40,328] [INFO] EP 718/1000 | Reward=780.86 | ε=0.050
[2025-12-12 23:15:03,314] [INFO] EP 719/1000 | Reward=475.24 | ε=0.050
[2025-12-12 23:15:28,388] [INFO] EP 720/1000 | Reward=701.15 | ε=0.050
[2025-12-12 23:15:58,505] [INFO] EP 721/1000 | Reward=834.62 | ε=0.050
[2025-12-12 23:16:28,234] [INFO] EP 722/1000 | Reward=792.35 | ε=0.050
[2025-12-12 23:16:57,768] [INFO] EP 723/1000 | Reward=820.88 | ε=0.050
[2025-12-12 23:17:22,286] [INFO] EP 724/1000 | Reward=926.20 | ε=0.050
[2025-12-12 23:17:53,810] [INFO] EP 725/1000 | Reward=814.90 | ε=0.050
[2025-12-12 23:17:53,815] [INFO] Modelo guardado: resultados/experimento_1000ep/modelos/modelo_ep_725.pth
[2025-12-12 23:18:19,971] [INFO] EP 726/1000 | Reward=921.30 | ε=0.050
[2025-12-12 23:18:46,644] [INFO] EP 727/1000 | Reward=843.24 | ε=0.050
[2025-12-12 23:19:19,798] [INFO] EP 728/1000 | Reward=797.20 | ε=0.050
[2025-12-12 23:19:49,879] [INFO] EP 729/1000 | Reward=819.70 | ε=0.050
[2025-12-12 23:20:14,965] [INFO] EP 730/1000 | Reward=911.75 | ε=0.050
[2025-12-12 23:20:42,348] [INFO] EP 731/1000 | Reward=880.70 | ε=0.050
[2025-12-12 23:21:10,876] [INFO] EP 732/1000 | Reward=855.95 | ε=0.050
[2025-12-12 23:21:40,679] [INFO] EP 733/1000 | Reward=884.37 | ε=0.050
[2025-12-12 23:22:04,066] [INFO] EP 734/1000 | Reward=506.22 | ε=0.050
[2025-12-12 23:22:31,506] [INFO] EP 735/1000 | Reward=882.99 | ε=0.050
[2025-12-12 23:23:00,808] [INFO] EP 736/1000 | Reward=847.51 | ε=0.050
[2025-12-12 23:23:14,372] [INFO] EP 737/1000 | Reward=312.42 | ε=0.050
[2025-12-12 23:23:49,647] [INFO] EP 738/1000 | Reward=892.78 | ε=0.050
[2025-12-12 23:24:25,146] [INFO] EP 739/1000 | Reward=835.28 | ε=0.050
[2025-12-12 23:24:55,533] [INFO] EP 740/1000 | Reward=902.06 | ε=0.050
[2025-12-12 23:25:29,825] [INFO] EP 741/1000 | Reward=899.52 | ε=0.050
[2025-12-12 23:25:52,955] [INFO] EP 742/1000 | Reward=934.50 | ε=0.050
[2025-12-12 23:26:24,770] [INFO] EP 743/1000 | Reward=879.43 | ε=0.050
[2025-12-12 23:26:53,665] [INFO] EP 744/1000 | Reward=698.68 | ε=0.050
[2025-12-12 23:27:20,566] [INFO] EP 745/1000 | Reward=447.99 | ε=0.050
[2025-12-12 23:27:40,800] [INFO] EP 746/1000 | Reward=466.22 | ε=0.050
[2025-12-12 23:28:09,236] [INFO] EP 747/1000 | Reward=902.14 | ε=0.050
[2025-12-12 23:28:37,991] [INFO] EP 748/1000 | Reward=876.74 | ε=0.050
[2025-12-12 23:29:09,735] [INFO] EP 749/1000 | Reward=876.93 | ε=0.050
[2025-12-12 23:29:35,187] [INFO] EP 750/1000 | Reward=846.76 | ε=0.050
[2025-12-12 23:29:35,191] [INFO] Modelo guardado: resultados/experimento_1000ep/modelos/modelo_ep_750.pth
[2025-12-12 23:30:06,458] [INFO] EP 751/1000 | Reward=831.26 | ε=0.050
[2025-12-12 23:30:35,822] [INFO] EP 752/1000 | Reward=810.07 | ε=0.050
[2025-12-12 23:31:08,371] [INFO] EP 753/1000 | Reward=809.59 | ε=0.050
[2025-12-12 23:31:24,612] [INFO] EP 754/1000 | Reward=258.40 | ε=0.050
[2025-12-12 23:31:37,171] [INFO] EP 755/1000 | Reward=156.94 | ε=0.050
[2025-12-12 23:32:06,393] [INFO] EP 756/1000 | Reward=840.65 | ε=0.050
[2025-12-12 23:32:39,303] [INFO] EP 757/1000 | Reward=779.55 | ε=0.050
[2025-12-12 23:33:08,458] [INFO] EP 758/1000 | Reward=858.26 | ε=0.050
[2025-12-12 23:33:33,690] [INFO] EP 759/1000 | Reward=706.45 | ε=0.050
[2025-12-12 23:33:57,515] [INFO] EP 760/1000 | Reward=524.83 | ε=0.050
[2025-12-12 23:34:28,224] [INFO] EP 761/1000 | Reward=832.84 | ε=0.050
[2025-12-12 23:34:42,939] [INFO] EP 762/1000 | Reward=339.64 | ε=0.050
[2025-12-12 23:35:16,719] [INFO] EP 763/1000 | Reward=832.80 | ε=0.050
[2025-12-12 23:35:45,287] [INFO] EP 764/1000 | Reward=838.17 | ε=0.050
[2025-12-12 23:36:16,267] [INFO] EP 765/1000 | Reward=856.01 | ε=0.050
[2025-12-12 23:36:49,556] [INFO] EP 766/1000 | Reward=838.51 | ε=0.050
[2025-12-12 23:37:07,916] [INFO] EP 767/1000 | Reward=447.20 | ε=0.050
[2025-12-12 23:37:31,556] [INFO] EP 768/1000 | Reward=560.59 | ε=0.050
[2025-12-12 23:37:59,564] [INFO] EP 769/1000 | Reward=786.73 | ε=0.050
[2025-12-12 23:38:23,897] [INFO] EP 770/1000 | Reward=558.82 | ε=0.050
[2025-12-12 23:38:51,535] [INFO] EP 771/1000 | Reward=920.30 | ε=0.050
[2025-12-12 23:39:21,556] [INFO] EP 772/1000 | Reward=565.28 | ε=0.050
[2025-12-12 23:39:50,535] [INFO] EP 773/1000 | Reward=823.11 | ε=0.050
[2025-12-12 23:40:17,706] [INFO] EP 774/1000 | Reward=887.04 | ε=0.050
[2025-12-12 23:40:48,786] [INFO] EP 775/1000 | Reward=865.76 | ε=0.050
[2025-12-12 23:40:48,791] [INFO] Modelo guardado: resultados/experimento_1000ep/modelos/modelo_ep_775.pth
[2025-12-12 23:41:23,237] [INFO] EP 776/1000 | Reward=807.72 | ε=0.050
[2025-12-12 23:41:55,463] [INFO] EP 777/1000 | Reward=907.03 | ε=0.050
[2025-12-12 23:42:22,583] [INFO] EP 778/1000 | Reward=894.86 | ε=0.050
[2025-12-12 23:42:35,373] [INFO] EP 779/1000 | Reward=272.02 | ε=0.050
[2025-12-12 23:42:49,027] [INFO] EP 780/1000 | Reward=374.25 | ε=0.050
[2025-12-12 23:43:23,444] [INFO] EP 781/1000 | Reward=853.74 | ε=0.050
[2025-12-12 23:43:56,217] [INFO] EP 782/1000 | Reward=863.23 | ε=0.050
[2025-12-12 23:44:19,222] [INFO] EP 783/1000 | Reward=933.20 | ε=0.050
[2025-12-12 23:44:53,149] [INFO] EP 784/1000 | Reward=845.26 | ε=0.050
[2025-12-12 23:45:25,487] [INFO] EP 785/1000 | Reward=845.98 | ε=0.050
[2025-12-12 23:45:52,589] [INFO] EP 786/1000 | Reward=727.21 | ε=0.050
[2025-12-12 23:46:13,610] [INFO] EP 787/1000 | Reward=319.64 | ε=0.050
[2025-12-12 23:46:47,403] [INFO] EP 788/1000 | Reward=840.14 | ε=0.050
[2025-12-12 23:47:17,606] [INFO] EP 789/1000 | Reward=819.97 | ε=0.050
[2025-12-12 23:47:44,819] [INFO] EP 790/1000 | Reward=919.40 | ε=0.050
[2025-12-12 23:48:18,329] [INFO] EP 791/1000 | Reward=828.43 | ε=0.050
[2025-12-12 23:48:49,712] [INFO] EP 792/1000 | Reward=833.53 | ε=0.050
[2025-12-12 23:49:17,212] [INFO] EP 793/1000 | Reward=878.30 | ε=0.050
[2025-12-12 23:49:30,281] [INFO] EP 794/1000 | Reward=91.67 | ε=0.050
[2025-12-12 23:49:59,978] [INFO] EP 795/1000 | Reward=849.80 | ε=0.050
[2025-12-12 23:50:12,857] [INFO] EP 796/1000 | Reward=275.86 | ε=0.050
[2025-12-12 23:50:44,649] [INFO] EP 797/1000 | Reward=874.55 | ε=0.050
[2025-12-12 23:51:13,890] [INFO] EP 798/1000 | Reward=900.48 | ε=0.050
[2025-12-12 23:51:43,388] [INFO] EP 799/1000 | Reward=873.80 | ε=0.050
[2025-12-12 23:52:07,309] [INFO] EP 800/1000 | Reward=650.75 | ε=0.050
[2025-12-12 23:52:07,312] [INFO] Modelo guardado: resultados/experimento_1000ep/modelos/modelo_ep_800.pth
[2025-12-12 23:52:35,616] [INFO] EP 801/1000 | Reward=899.84 | ε=0.050
[2025-12-12 23:52:55,358] [INFO] EP 802/1000 | Reward=592.67 | ε=0.050
[2025-12-12 23:53:10,343] [INFO] EP 803/1000 | Reward=309.34 | ε=0.050
[2025-12-12 23:53:38,820] [INFO] EP 804/1000 | Reward=879.01 | ε=0.050
[2025-12-12 23:54:00,963] [INFO] EP 805/1000 | Reward=681.08 | ε=0.050
[2025-12-12 23:54:33,375] [INFO] EP 806/1000 | Reward=792.67 | ε=0.050
[2025-12-12 23:55:05,890] [INFO] EP 807/1000 | Reward=610.12 | ε=0.050
[2025-12-12 23:55:21,212] [INFO] EP 808/1000 | Reward=446.28 | ε=0.050
[2025-12-12 23:55:56,314] [INFO] EP 809/1000 | Reward=846.03 | ε=0.050
[2025-12-12 23:56:26,675] [INFO] EP 810/1000 | Reward=850.95 | ε=0.050
[2025-12-12 23:56:57,135] [INFO] EP 811/1000 | Reward=870.98 | ε=0.050
[2025-12-12 23:57:22,347] [INFO] EP 812/1000 | Reward=884.59 | ε=0.050
[2025-12-12 23:57:51,744] [INFO] EP 813/1000 | Reward=882.86 | ε=0.050
[2025-12-12 23:58:09,354] [INFO] EP 814/1000 | Reward=317.48 | ε=0.050
[2025-12-12 23:58:37,549] [INFO] EP 815/1000 | Reward=904.27 | ε=0.050
[2025-12-12 23:59:07,856] [INFO] EP 816/1000 | Reward=707.83 | ε=0.050
[2025-12-12 23:59:37,587] [INFO] EP 817/1000 | Reward=861.12 | ε=0.050
[2025-12-12 23:59:54,303] [INFO] EP 818/1000 | Reward=340.29 | ε=0.050
[2025-12-13 00:00:17,259] [INFO] EP 819/1000 | Reward=724.94 | ε=0.050
[2025-12-13 00:00:45,325] [INFO] EP 820/1000 | Reward=897.60 | ε=0.050
[2025-12-13 00:01:10,496] [INFO] EP 821/1000 | Reward=927.80 | ε=0.050
[2025-12-13 00:01:29,761] [INFO] EP 822/1000 | Reward=511.72 | ε=0.050
[2025-12-13 00:02:00,976] [INFO] EP 823/1000 | Reward=870.13 | ε=0.050
[2025-12-13 00:02:16,391] [INFO] EP 824/1000 | Reward=279.55 | ε=0.050
[2025-12-13 00:02:46,218] [INFO] EP 825/1000 | Reward=857.49 | ε=0.050
[2025-12-13 00:02:46,222] [INFO] Modelo guardado: resultados/experimento_1000ep/modelos/modelo_ep_825.pth
[2025-12-13 00:03:12,729] [INFO] EP 826/1000 | Reward=915.12 | ε=0.050
[2025-12-13 00:03:40,469] [INFO] EP 827/1000 | Reward=725.04 | ε=0.050
[2025-12-13 00:04:06,501] [INFO] EP 828/1000 | Reward=879.96 | ε=0.050
[2025-12-13 00:04:36,600] [INFO] EP 829/1000 | Reward=862.55 | ε=0.050
[2025-12-13 00:05:07,970] [INFO] EP 830/1000 | Reward=786.09 | ε=0.050
[2025-12-13 00:05:30,980] [INFO] EP 831/1000 | Reward=662.06 | ε=0.050
[2025-12-13 00:05:47,019] [INFO] EP 832/1000 | Reward=261.69 | ε=0.050
[2025-12-13 00:06:11,573] [INFO] EP 833/1000 | Reward=928.50 | ε=0.050
[2025-12-13 00:06:40,034] [INFO] EP 834/1000 | Reward=873.66 | ε=0.050
[2025-12-13 00:07:11,320] [INFO] EP 835/1000 | Reward=767.60 | ε=0.050
[2025-12-13 00:07:39,837] [INFO] EP 836/1000 | Reward=839.89 | ε=0.050
[2025-12-13 00:08:05,008] [INFO] EP 837/1000 | Reward=498.85 | ε=0.050
[2025-12-13 00:08:31,122] [INFO] EP 838/1000 | Reward=751.97 | ε=0.050
[2025-12-13 00:09:02,542] [INFO] EP 839/1000 | Reward=897.73 | ε=0.050
[2025-12-13 00:09:19,649] [INFO] EP 840/1000 | Reward=348.62 | ε=0.050
[2025-12-13 00:09:54,173] [INFO] EP 841/1000 | Reward=875.75 | ε=0.050
[2025-12-13 00:10:22,555] [INFO] EP 842/1000 | Reward=511.32 | ε=0.050
[2025-12-13 00:10:52,771] [INFO] EP 843/1000 | Reward=901.49 | ε=0.050
[2025-12-13 00:11:20,936] [INFO] EP 844/1000 | Reward=903.77 | ε=0.050
[2025-12-13 00:11:46,265] [INFO] EP 845/1000 | Reward=914.88 | ε=0.050
[2025-12-13 00:12:20,638] [INFO] EP 846/1000 | Reward=758.01 | ε=0.050
[2025-12-13 00:12:48,241] [INFO] EP 847/1000 | Reward=844.30 | ε=0.050
[2025-12-13 00:13:01,064] [INFO] EP 848/1000 | Reward=126.79 | ε=0.050
[2025-12-13 00:13:30,844] [INFO] EP 849/1000 | Reward=871.92 | ε=0.050
[2025-12-13 00:14:00,368] [INFO] EP 850/1000 | Reward=834.86 | ε=0.050
[2025-12-13 00:14:00,373] [INFO] Modelo guardado: resultados/experimento_1000ep/modelos/modelo_ep_850.pth
[2025-12-13 00:14:17,985] [INFO] EP 851/1000 | Reward=338.98 | ε=0.050
[2025-12-13 00:14:43,544] [INFO] EP 852/1000 | Reward=842.07 | ε=0.050
[2025-12-13 00:15:00,763] [INFO] EP 853/1000 | Reward=339.81 | ε=0.050
[2025-12-13 00:15:23,904] [INFO] EP 854/1000 | Reward=408.32 | ε=0.050
[2025-12-13 00:15:52,927] [INFO] EP 855/1000 | Reward=901.21 | ε=0.050
[2025-12-13 00:16:23,512] [INFO] EP 856/1000 | Reward=840.53 | ε=0.050
[2025-12-13 00:16:52,590] [INFO] EP 857/1000 | Reward=637.02 | ε=0.050
[2025-12-13 00:17:17,771] [INFO] EP 858/1000 | Reward=884.55 | ε=0.050
[2025-12-13 00:17:47,144] [INFO] EP 859/1000 | Reward=871.84 | ε=0.050
[2025-12-13 00:18:18,636] [INFO] EP 860/1000 | Reward=818.19 | ε=0.050
[2025-12-13 00:18:48,465] [INFO] EP 861/1000 | Reward=742.89 | ε=0.050
[2025-12-13 00:19:19,270] [INFO] EP 862/1000 | Reward=852.13 | ε=0.050
[2025-12-13 00:19:39,313] [INFO] EP 863/1000 | Reward=625.47 | ε=0.050
[2025-12-13 00:20:07,560] [INFO] EP 864/1000 | Reward=905.66 | ε=0.050
[2025-12-13 00:20:38,559] [INFO] EP 865/1000 | Reward=856.73 | ε=0.050
[2025-12-13 00:21:00,616] [INFO] EP 866/1000 | Reward=649.83 | ε=0.050
[2025-12-13 00:21:32,113] [INFO] EP 867/1000 | Reward=887.96 | ε=0.050
[2025-12-13 00:21:56,075] [INFO] EP 868/1000 | Reward=930.00 | ε=0.050
[2025-12-13 00:22:10,883] [INFO] EP 869/1000 | Reward=372.37 | ε=0.050
[2025-12-13 00:22:33,528] [INFO] EP 870/1000 | Reward=618.86 | ε=0.050
[2025-12-13 00:22:56,032] [INFO] EP 871/1000 | Reward=935.00 | ε=0.050
[2025-12-13 00:23:28,648] [INFO] EP 872/1000 | Reward=863.85 | ε=0.050
[2025-12-13 00:24:02,659] [INFO] EP 873/1000 | Reward=860.76 | ε=0.050
[2025-12-13 00:24:28,180] [INFO] EP 874/1000 | Reward=744.65 | ε=0.050
[2025-12-13 00:24:41,061] [INFO] EP 875/1000 | Reward=288.94 | ε=0.050
[2025-12-13 00:24:41,065] [INFO] Modelo guardado: resultados/experimento_1000ep/modelos/modelo_ep_875.pth
[2025-12-13 00:25:09,211] [INFO] EP 876/1000 | Reward=874.04 | ε=0.050
[2025-12-13 00:25:36,772] [INFO] EP 877/1000 | Reward=894.95 | ε=0.050
[2025-12-13 00:26:10,375] [INFO] EP 878/1000 | Reward=849.75 | ε=0.050
[2025-12-13 00:26:38,888] [INFO] EP 879/1000 | Reward=888.32 | ε=0.050
[2025-12-13 00:27:12,670] [INFO] EP 880/1000 | Reward=828.17 | ε=0.050
[2025-12-13 00:27:41,757] [INFO] EP 881/1000 | Reward=889.81 | ε=0.050
[2025-12-13 00:28:16,140] [INFO] EP 882/1000 | Reward=820.53 | ε=0.050
[2025-12-13 00:28:50,239] [INFO] EP 883/1000 | Reward=857.78 | ε=0.050
[2025-12-13 00:29:21,710] [INFO] EP 884/1000 | Reward=857.19 | ε=0.050
[2025-12-13 00:29:34,724] [INFO] EP 885/1000 | Reward=294.64 | ε=0.050
[2025-12-13 00:30:02,826] [INFO] EP 886/1000 | Reward=884.69 | ε=0.050
[2025-12-13 00:30:28,912] [INFO] EP 887/1000 | Reward=700.80 | ε=0.050
[2025-12-13 00:31:01,171] [INFO] EP 888/1000 | Reward=849.27 | ε=0.050
[2025-12-13 00:31:33,395] [INFO] EP 889/1000 | Reward=786.69 | ε=0.050
[2025-12-13 00:32:02,432] [INFO] EP 890/1000 | Reward=868.57 | ε=0.050
[2025-12-13 00:32:18,728] [INFO] EP 891/1000 | Reward=410.09 | ε=0.050
[2025-12-13 00:32:52,980] [INFO] EP 892/1000 | Reward=839.70 | ε=0.050
[2025-12-13 00:33:10,128] [INFO] EP 893/1000 | Reward=373.70 | ε=0.050
[2025-12-13 00:33:41,425] [INFO] EP 894/1000 | Reward=850.38 | ε=0.050
[2025-12-13 00:34:04,164] [INFO] EP 895/1000 | Reward=924.37 | ε=0.050
[2025-12-13 00:34:34,401] [INFO] EP 896/1000 | Reward=858.71 | ε=0.050
[2025-12-13 00:35:08,216] [INFO] EP 897/1000 | Reward=825.54 | ε=0.050
[2025-12-13 00:35:39,487] [INFO] EP 898/1000 | Reward=856.54 | ε=0.050
[2025-12-13 00:36:08,990] [INFO] EP 899/1000 | Reward=870.69 | ε=0.050
[2025-12-13 00:36:39,269] [INFO] EP 900/1000 | Reward=849.84 | ε=0.050
[2025-12-13 00:36:39,273] [INFO] Modelo guardado: resultados/experimento_1000ep/modelos/modelo_ep_900.pth
[2025-12-13 00:37:10,191] [INFO] EP 901/1000 | Reward=859.59 | ε=0.050
[2025-12-13 00:37:44,400] [INFO] EP 902/1000 | Reward=864.76 | ε=0.050
[2025-12-13 00:38:13,035] [INFO] EP 903/1000 | Reward=896.14 | ε=0.050
[2025-12-13 00:38:40,519] [INFO] EP 904/1000 | Reward=887.16 | ε=0.050
[2025-12-13 00:39:13,928] [INFO] EP 905/1000 | Reward=836.13 | ε=0.050
[2025-12-13 00:39:43,492] [INFO] EP 906/1000 | Reward=882.46 | ε=0.050
[2025-12-13 00:40:13,001] [INFO] EP 907/1000 | Reward=819.62 | ε=0.050
[2025-12-13 00:40:46,896] [INFO] EP 908/1000 | Reward=850.23 | ε=0.050
[2025-12-13 00:41:05,950] [INFO] EP 909/1000 | Reward=297.92 | ε=0.050
[2025-12-13 00:41:21,822] [INFO] EP 910/1000 | Reward=472.28 | ε=0.050
[2025-12-13 00:41:47,496] [INFO] EP 911/1000 | Reward=904.18 | ε=0.050
[2025-12-13 00:42:14,733] [INFO] EP 912/1000 | Reward=895.72 | ε=0.050
[2025-12-13 00:42:44,665] [INFO] EP 913/1000 | Reward=852.87 | ε=0.050
[2025-12-13 00:42:57,521] [INFO] EP 914/1000 | Reward=252.40 | ε=0.050
[2025-12-13 00:43:18,710] [INFO] EP 915/1000 | Reward=572.95 | ε=0.050
[2025-12-13 00:43:35,112] [INFO] EP 916/1000 | Reward=480.08 | ε=0.050
[2025-12-13 00:44:10,049] [INFO] EP 917/1000 | Reward=876.40 | ε=0.050
[2025-12-13 00:44:43,658] [INFO] EP 918/1000 | Reward=813.61 | ε=0.050
[2025-12-13 00:45:13,274] [INFO] EP 919/1000 | Reward=853.83 | ε=0.050
[2025-12-13 00:45:44,161] [INFO] EP 920/1000 | Reward=866.80 | ε=0.050
[2025-12-13 00:46:07,600] [INFO] EP 921/1000 | Reward=590.65 | ε=0.050
[2025-12-13 00:46:37,335] [INFO] EP 922/1000 | Reward=901.84 | ε=0.050
[2025-12-13 00:47:02,679] [INFO] EP 923/1000 | Reward=642.07 | ε=0.050
[2025-12-13 00:47:34,639] [INFO] EP 924/1000 | Reward=785.79 | ε=0.050
[2025-12-13 00:48:01,940] [INFO] EP 925/1000 | Reward=892.50 | ε=0.050
[2025-12-13 00:48:01,945] [INFO] Modelo guardado: resultados/experimento_1000ep/modelos/modelo_ep_925.pth
[2025-12-13 00:48:31,668] [INFO] EP 926/1000 | Reward=880.84 | ε=0.050
[2025-12-13 00:49:03,146] [INFO] EP 927/1000 | Reward=841.13 | ε=0.050
[2025-12-13 00:49:32,327] [INFO] EP 928/1000 | Reward=881.34 | ε=0.050
[2025-12-13 00:50:00,823] [INFO] EP 929/1000 | Reward=906.17 | ε=0.050
[2025-12-13 00:50:23,216] [INFO] EP 930/1000 | Reward=932.30 | ε=0.050
[2025-12-13 00:50:52,387] [INFO] EP 931/1000 | Reward=790.99 | ε=0.050
[2025-12-13 00:51:20,289] [INFO] EP 932/1000 | Reward=889.45 | ε=0.050
[2025-12-13 00:51:32,899] [INFO] EP 933/1000 | Reward=270.19 | ε=0.050
[2025-12-13 00:51:59,892] [INFO] EP 934/1000 | Reward=910.93 | ε=0.050
[2025-12-13 00:52:31,039] [INFO] EP 935/1000 | Reward=819.72 | ε=0.050
[2025-12-13 00:53:00,236] [INFO] EP 936/1000 | Reward=820.58 | ε=0.050
[2025-12-13 00:53:16,619] [INFO] EP 937/1000 | Reward=465.28 | ε=0.050
[2025-12-13 00:53:42,790] [INFO] EP 938/1000 | Reward=890.50 | ε=0.050
[2025-12-13 00:53:55,774] [INFO] EP 939/1000 | Reward=292.10 | ε=0.050
[2025-12-13 00:54:24,519] [INFO] EP 940/1000 | Reward=880.60 | ε=0.050
[2025-12-13 00:54:56,793] [INFO] EP 941/1000 | Reward=831.54 | ε=0.050
[2025-12-13 00:55:23,566] [INFO] EP 942/1000 | Reward=876.13 | ε=0.050
[2025-12-13 00:55:36,815] [INFO] EP 943/1000 | Reward=419.16 | ε=0.050
[2025-12-13 00:56:06,938] [INFO] EP 944/1000 | Reward=816.22 | ε=0.050
[2025-12-13 00:56:25,647] [INFO] EP 945/1000 | Reward=607.94 | ε=0.050
[2025-12-13 00:56:51,342] [INFO] EP 946/1000 | Reward=891.59 | ε=0.050
[2025-12-13 00:57:23,591] [INFO] EP 947/1000 | Reward=842.63 | ε=0.050
[2025-12-13 00:57:51,054] [INFO] EP 948/1000 | Reward=916.40 | ε=0.050
[2025-12-13 00:58:17,244] [INFO] EP 949/1000 | Reward=903.38 | ε=0.050
[2025-12-13 00:58:43,657] [INFO] EP 950/1000 | Reward=920.80 | ε=0.050
[2025-12-13 00:58:43,670] [INFO] Modelo guardado: resultados/experimento_1000ep/modelos/modelo_ep_950.pth
[2025-12-13 00:59:10,855] [INFO] EP 951/1000 | Reward=668.14 | ε=0.050
[2025-12-13 00:59:44,346] [INFO] EP 952/1000 | Reward=811.95 | ε=0.050
[2025-12-13 01:00:00,148] [INFO] EP 953/1000 | Reward=385.16 | ε=0.050
[2025-12-13 01:00:28,774] [INFO] EP 954/1000 | Reward=855.68 | ε=0.050
[2025-12-13 01:00:54,571] [INFO] EP 955/1000 | Reward=902.20 | ε=0.050
[2025-12-13 01:01:26,768] [INFO] EP 956/1000 | Reward=873.60 | ε=0.050
[2025-12-13 01:01:48,708] [INFO] EP 957/1000 | Reward=933.80 | ε=0.050
[2025-12-13 01:02:22,493] [INFO] EP 958/1000 | Reward=832.72 | ε=0.050
[2025-12-13 01:02:49,467] [INFO] EP 959/1000 | Reward=919.40 | ε=0.050
[2025-12-13 01:03:18,058] [INFO] EP 960/1000 | Reward=864.92 | ε=0.050
[2025-12-13 01:03:34,712] [INFO] EP 961/1000 | Reward=519.27 | ε=0.050
[2025-12-13 01:03:47,015] [INFO] EP 962/1000 | Reward=210.18 | ε=0.050
[2025-12-13 01:04:11,743] [INFO] EP 963/1000 | Reward=925.40 | ε=0.050
[2025-12-13 01:04:38,312] [INFO] EP 964/1000 | Reward=866.25 | ε=0.050
[2025-12-13 01:05:09,081] [INFO] EP 965/1000 | Reward=852.16 | ε=0.050
[2025-12-13 01:05:35,807] [INFO] EP 966/1000 | Reward=919.00 | ε=0.050
[2025-12-13 01:06:08,268] [INFO] EP 967/1000 | Reward=851.73 | ε=0.050
[2025-12-13 01:06:37,440] [INFO] EP 968/1000 | Reward=819.35 | ε=0.050
[2025-12-13 01:06:51,133] [INFO] EP 969/1000 | Reward=353.14 | ε=0.050
[2025-12-13 01:07:03,790] [INFO] EP 970/1000 | Reward=241.14 | ε=0.050
[2025-12-13 01:07:26,008] [INFO] EP 971/1000 | Reward=933.00 | ε=0.050
[2025-12-13 01:07:49,711] [INFO] EP 972/1000 | Reward=927.50 | ε=0.050
[2025-12-13 01:08:17,744] [INFO] EP 973/1000 | Reward=860.24 | ε=0.050
[2025-12-13 01:08:48,754] [INFO] EP 974/1000 | Reward=769.15 | ε=0.050
[2025-12-13 01:09:13,663] [INFO] EP 975/1000 | Reward=909.31 | ε=0.050
[2025-12-13 01:09:13,672] [INFO] Modelo guardado: resultados/experimento_1000ep/modelos/modelo_ep_975.pth
[2025-12-13 01:09:41,859] [INFO] EP 976/1000 | Reward=864.78 | ε=0.050
[2025-12-13 01:10:14,913] [INFO] EP 977/1000 | Reward=851.72 | ε=0.050
[2025-12-13 01:10:41,505] [INFO] EP 978/1000 | Reward=876.38 | ε=0.050
[2025-12-13 01:11:13,425] [INFO] EP 979/1000 | Reward=898.50 | ε=0.050
[2025-12-13 01:11:39,794] [INFO] EP 980/1000 | Reward=896.53 | ε=0.050
[2025-12-13 01:12:06,232] [INFO] EP 981/1000 | Reward=898.99 | ε=0.050
[2025-12-13 01:12:30,859] [INFO] EP 982/1000 | Reward=840.30 | ε=0.050
[2025-12-13 01:13:01,029] [INFO] EP 983/1000 | Reward=864.96 | ε=0.050
[2025-12-13 01:13:32,153] [INFO] EP 984/1000 | Reward=880.30 | ε=0.050
[2025-12-13 01:13:59,637] [INFO] EP 985/1000 | Reward=844.78 | ε=0.050
[2025-12-13 01:14:26,866] [INFO] EP 986/1000 | Reward=874.23 | ε=0.050
[2025-12-13 01:14:52,664] [INFO] EP 987/1000 | Reward=914.55 | ε=0.050
[2025-12-13 01:15:23,677] [INFO] EP 988/1000 | Reward=850.21 | ε=0.050
[2025-12-13 01:15:56,537] [INFO] EP 989/1000 | Reward=865.89 | ε=0.050
[2025-12-13 01:16:24,258] [INFO] EP 990/1000 | Reward=862.52 | ε=0.050
[2025-12-13 01:16:52,294] [INFO] EP 991/1000 | Reward=884.53 | ε=0.050
[2025-12-13 01:17:23,355] [INFO] EP 992/1000 | Reward=902.95 | ε=0.050
[2025-12-13 01:17:56,709] [INFO] EP 993/1000 | Reward=846.54 | ε=0.050
[2025-12-13 01:18:10,088] [INFO] EP 994/1000 | Reward=310.53 | ε=0.050
[2025-12-13 01:18:37,660] [INFO] EP 995/1000 | Reward=894.26 | ε=0.050
[2025-12-13 01:19:05,728] [INFO] EP 996/1000 | Reward=894.27 | ε=0.050
[2025-12-13 01:19:30,971] [INFO] EP 997/1000 | Reward=924.50 | ε=0.050
[2025-12-13 01:20:04,333] [INFO] EP 998/1000 | Reward=817.68 | ε=0.050
[2025-12-13 01:20:35,008] [INFO] EP 999/1000 | Reward=856.93 | ε=0.050
[2025-12-13 01:21:00,699] [INFO] EP 1000/1000 | Reward=905.46 | ε=0.050
[2025-12-13 01:21:00,702] [INFO] Modelo guardado: resultados/experimento_1000ep/modelos/modelo_ep_1000.pth
[2025-12-13 01:21:01,303] [INFO] === ENTRENAMIENTO FINALIZADO | Experimento: experimento_1000ep ===
